<?xml version="1.0" encoding="UTF-8"?>
<coverage generated="1770669954231" clover="3.2.0">
  <project timestamp="1770669954231" name="All files">
    <metrics statements="1063" coveredstatements="484" conditionals="709" coveredconditionals="291" methods="151" coveredmethods="87" elements="1923" coveredelements="862" complexity="0" loc="1063" ncloc="1063" packages="2" files="11" classes="11"/>
    <package name="commands">
      <metrics statements="851" coveredstatements="326" conditionals="565" coveredconditionals="179" methods="115" coveredmethods="61"/>
      <file name="config.ts" path="E:\Programmierung\Worktrees\dev\src\commands\config.ts">
        <metrics statements="86" coveredstatements="0" conditionals="48" coveredconditionals="0" methods="17" coveredmethods="0"/>
        <line num="1" count="0" type="stmt"/>
        <line num="8" count="0" type="stmt"/>
        <line num="11" count="0" type="stmt"/>
        <line num="16" count="0" type="stmt"/>
        <line num="21" count="0" type="stmt"/>
        <line num="25" count="0" type="stmt"/>
        <line num="32" count="0" type="stmt"/>
        <line num="36" count="0" type="stmt"/>
        <line num="43" count="0" type="stmt"/>
        <line num="47" count="0" type="stmt"/>
        <line num="58" count="0" type="stmt"/>
        <line num="62" count="0" type="stmt"/>
        <line num="73" count="0" type="cond" truecount="0" falsecount="2"/>
        <line num="75" count="0" type="stmt"/>
        <line num="77" count="0" type="cond" truecount="0" falsecount="2"/>
        <line num="78" count="0" type="stmt"/>
        <line num="79" count="0" type="cond" truecount="0" falsecount="2"/>
        <line num="80" count="0" type="stmt"/>
        <line num="81" count="0" type="cond" truecount="0" falsecount="2"/>
        <line num="82" count="0" type="stmt"/>
        <line num="83" count="0" type="cond" truecount="0" falsecount="2"/>
        <line num="84" count="0" type="stmt"/>
        <line num="85" count="0" type="cond" truecount="0" falsecount="2"/>
        <line num="86" count="0" type="stmt"/>
        <line num="92" count="0" type="cond" truecount="0" falsecount="2"/>
        <line num="93" count="0" type="stmt"/>
        <line num="97" count="0" type="stmt"/>
        <line num="100" count="0" type="stmt"/>
        <line num="102" count="0" type="stmt"/>
        <line num="106" count="0" type="cond" truecount="0" falsecount="2"/>
        <line num="107" count="0" type="stmt"/>
        <line num="110" count="0" type="stmt"/>
        <line num="113" count="0" type="cond" truecount="0" falsecount="2"/>
        <line num="114" count="0" type="cond" truecount="0" falsecount="2"/>
        <line num="115" count="0" type="cond" truecount="0" falsecount="2"/>
        <line num="116" count="0" type="stmt"/>
        <line num="117" count="0" type="cond" truecount="0" falsecount="2"/>
        <line num="119" count="0" type="stmt"/>
        <line num="147" count="0" type="stmt"/>
        <line num="151" count="0" type="cond" truecount="0" falsecount="2"/>
        <line num="152" count="0" type="stmt"/>
        <line num="156" count="0" type="stmt"/>
        <line num="159" count="0" type="stmt"/>
        <line num="161" count="0" type="stmt"/>
        <line num="164" count="0" type="stmt"/>
        <line num="166" count="0" type="stmt"/>
        <line num="170" count="0" type="cond" truecount="0" falsecount="2"/>
        <line num="171" count="0" type="stmt"/>
        <line num="174" count="0" type="stmt"/>
        <line num="178" count="0" type="stmt"/>
        <line num="189" count="0" type="stmt"/>
        <line num="195" count="0" type="cond" truecount="0" falsecount="2"/>
        <line num="196" count="0" type="stmt"/>
        <line num="200" count="0" type="stmt"/>
        <line num="203" count="0" type="stmt"/>
        <line num="205" count="0" type="stmt"/>
        <line num="208" count="0" type="stmt"/>
        <line num="210" count="0" type="stmt"/>
        <line num="214" count="0" type="cond" truecount="0" falsecount="2"/>
        <line num="215" count="0" type="stmt"/>
        <line num="218" count="0" type="stmt"/>
        <line num="222" count="0" type="stmt"/>
        <line num="233" count="0" type="stmt"/>
        <line num="239" count="0" type="cond" truecount="0" falsecount="2"/>
        <line num="240" count="0" type="stmt"/>
        <line num="244" count="0" type="stmt"/>
        <line num="247" count="0" type="stmt"/>
        <line num="249" count="0" type="stmt"/>
        <line num="251" count="0" type="cond" truecount="0" falsecount="4"/>
        <line num="252" count="0" type="stmt"/>
        <line num="255" count="0" type="stmt"/>
        <line num="259" count="0" type="stmt"/>
        <line num="271" count="0" type="cond" truecount="0" falsecount="2"/>
        <line num="272" count="0" type="stmt"/>
        <line num="278" count="0" type="cond" truecount="0" falsecount="2"/>
        <line num="279" count="0" type="stmt"/>
        <line num="283" count="0" type="stmt"/>
        <line num="286" count="0" type="stmt"/>
        <line num="288" count="0" type="stmt"/>
        <line num="290" count="0" type="cond" truecount="0" falsecount="4"/>
        <line num="291" count="0" type="stmt"/>
        <line num="294" count="0" type="stmt"/>
        <line num="298" count="0" type="stmt"/>
        <line num="311" count="0" type="cond" truecount="0" falsecount="2"/>
        <line num="312" count="0" type="stmt"/>
        <line num="317" count="0" type="stmt"/>
      </file>
      <file name="raid.ts" path="E:\Programmierung\Worktrees\dev\src\commands\raid.ts">
        <metrics statements="750" coveredstatements="326" conditionals="509" coveredconditionals="179" methods="96" coveredmethods="61"/>
        <line num="1" count="5" type="stmt"/>
        <line num="12" count="5" type="stmt"/>
        <line num="14" count="5" type="stmt"/>
        <line num="15" count="5" type="stmt"/>
        <line num="16" count="5" type="stmt"/>
        <line num="17" count="5" type="stmt"/>
        <line num="19" count="5" type="stmt"/>
        <line num="20" count="5" type="stmt"/>
        <line num="31" count="10" type="stmt"/>
        <line num="33" count="10" type="stmt"/>
        <line num="34" count="10" type="cond" truecount="1" falsecount="1"/>
        <line num="37" count="10" type="cond" truecount="2" falsecount="0"/>
        <line num="38" count="0" type="stmt"/>
        <line num="40" count="10" type="cond" truecount="2" falsecount="0"/>
        <line num="41" count="1" type="stmt"/>
        <line num="42" count="1" type="stmt"/>
        <line num="45" count="9" type="stmt"/>
        <line num="47" count="10" type="stmt"/>
        <line num="50" count="10" type="stmt"/>
        <line num="53" count="5" type="stmt"/>
        <line num="58" count="5" type="stmt"/>
        <line num="62" count="5" type="stmt"/>
        <line num="68" count="5" type="stmt"/>
        <line num="74" count="5" type="stmt"/>
        <line num="80" count="5" type="stmt"/>
        <line num="86" count="5" type="stmt"/>
        <line num="93" count="5" type="stmt"/>
        <line num="98" count="5" type="stmt"/>
        <line num="102" count="5" type="stmt"/>
        <line num="109" count="5" type="stmt"/>
        <line num="113" count="5" type="stmt"/>
        <line num="120" count="5" type="stmt"/>
        <line num="124" count="5" type="stmt"/>
        <line num="131" count="5" type="stmt"/>
        <line num="135" count="5" type="stmt"/>
        <line num="141" count="5" type="stmt"/>
        <line num="148" count="5" type="stmt"/>
        <line num="152" count="5" type="stmt"/>
        <line num="159" count="5" type="stmt"/>
        <line num="163" count="5" type="stmt"/>
        <line num="169" count="5" type="stmt"/>
        <line num="175" count="5" type="stmt"/>
        <line num="181" count="5" type="stmt"/>
        <line num="188" count="5" type="stmt"/>
        <line num="192" count="5" type="stmt"/>
        <line num="198" count="5" type="stmt"/>
        <line num="204" count="5" type="stmt"/>
        <line num="210" count="5" type="stmt"/>
        <line num="217" count="5" type="stmt"/>
        <line num="222" count="5" type="stmt"/>
        <line num="226" count="5" type="stmt"/>
        <line num="232" count="5" type="stmt"/>
        <line num="246" count="84" type="cond" truecount="1" falsecount="1"/>
        <line num="248" count="84" type="stmt"/>
        <line num="250" count="84" type="cond" truecount="1" falsecount="1"/>
        <line num="251" count="0" type="stmt"/>
        <line num="252" count="84" type="cond" truecount="1" falsecount="1"/>
        <line num="253" count="0" type="stmt"/>
        <line num="254" count="84" type="cond" truecount="1" falsecount="1"/>
        <line num="255" count="0" type="stmt"/>
        <line num="256" count="84" type="cond" truecount="1" falsecount="1"/>
        <line num="257" count="0" type="stmt"/>
        <line num="258" count="84" type="cond" truecount="1" falsecount="1"/>
        <line num="259" count="0" type="stmt"/>
        <line num="260" count="84" type="cond" truecount="2" falsecount="0"/>
        <line num="261" count="16" type="stmt"/>
        <line num="262" count="68" type="cond" truecount="1" falsecount="1"/>
        <line num="263" count="0" type="stmt"/>
        <line num="264" count="68" type="cond" truecount="1" falsecount="1"/>
        <line num="265" count="0" type="stmt"/>
        <line num="266" count="68" type="cond" truecount="2" falsecount="0"/>
        <line num="267" count="26" type="stmt"/>
        <line num="268" count="42" type="cond" truecount="2" falsecount="0"/>
        <line num="269" count="23" type="stmt"/>
        <line num="270" count="19" type="cond" truecount="1" falsecount="1"/>
        <line num="271" count="19" type="stmt"/>
        <line num="277" count="0" type="cond" truecount="0" falsecount="4"/>
        <line num="278" count="0" type="stmt"/>
        <line num="282" count="0" type="stmt"/>
        <line num="285" count="0" type="stmt"/>
        <line num="288" count="0" type="stmt"/>
        <line num="289" count="0" type="cond" truecount="0" falsecount="4"/>
        <line num="290" count="0" type="stmt"/>
        <line num="293" count="0" type="stmt"/>
        <line num="296" count="0" type="stmt"/>
        <line num="297" count="0" type="stmt"/>
        <line num="298" count="0" type="stmt"/>
        <line num="299" count="0" type="stmt"/>
        <line num="300" count="0" type="cond" truecount="0" falsecount="2"/>
        <line num="303" count="0" type="stmt"/>
        <line num="307" count="0" type="cond" truecount="0" falsecount="2"/>
        <line num="308" count="0" type="stmt"/>
        <line num="311" count="0" type="stmt"/>
        <line num="315" count="0" type="cond" truecount="0" falsecount="2"/>
        <line num="317" count="0" type="cond" truecount="0" falsecount="4"/>
        <line num="318" count="0" type="stmt"/>
        <line num="321" count="0" type="stmt"/>
        <line num="325" count="0" type="stmt"/>
        <line num="326" count="0" type="stmt"/>
        <line num="329" count="0" type="cond" truecount="0" falsecount="2"/>
        <line num="330" count="0" type="stmt"/>
        <line num="332" count="0" type="cond" truecount="0" falsecount="2"/>
        <line num="333" count="0" type="stmt"/>
        <line num="336" count="0" type="stmt"/>
        <line num="339" count="0" type="cond" truecount="0" falsecount="2"/>
        <line num="340" count="0" type="stmt"/>
        <line num="343" count="0" type="stmt"/>
        <line num="348" count="0" type="stmt"/>
        <line num="350" count="0" type="cond" truecount="0" falsecount="2"/>
        <line num="351" count="0" type="stmt"/>
        <line num="354" count="0" type="stmt"/>
        <line num="357" count="0" type="stmt"/>
        <line num="360" count="0" type="stmt"/>
        <line num="362" count="0" type="stmt"/>
        <line num="363" count="0" type="cond" truecount="0" falsecount="2"/>
        <line num="365" count="0" type="stmt"/>
        <line num="366" count="0" type="cond" truecount="0" falsecount="2"/>
        <line num="369" count="0" type="cond" truecount="0" falsecount="2"/>
        <line num="370" count="0" type="stmt"/>
        <line num="374" count="0" type="cond" truecount="0" falsecount="2"/>
        <line num="375" count="0" type="stmt"/>
        <line num="378" count="0" type="stmt"/>
        <line num="382" count="0" type="stmt"/>
        <line num="383" count="0" type="stmt"/>
        <line num="384" count="0" type="cond" truecount="0" falsecount="2"/>
        <line num="385" count="0" type="stmt"/>
        <line num="405" count="0" type="stmt"/>
        <line num="412" count="0" type="stmt"/>
        <line num="415" count="0" type="stmt"/>
        <line num="427" count="0" type="stmt"/>
        <line num="428" count="0" type="stmt"/>
        <line num="429" count="0" type="stmt"/>
        <line num="430" count="0" type="stmt"/>
        <line num="441" count="0" type="stmt"/>
        <line num="446" count="0" type="stmt"/>
        <line num="449" count="0" type="cond" truecount="0" falsecount="2"/>
        <line num="452" count="0" type="stmt"/>
        <line num="467" count="0" type="stmt"/>
        <line num="475" count="0" type="cond" truecount="0" falsecount="4"/>
        <line num="476" count="0" type="stmt"/>
        <line num="479" count="0" type="stmt"/>
        <line num="483" count="0" type="stmt"/>
        <line num="484" count="0" type="cond" truecount="0" falsecount="2"/>
        <line num="485" count="0" type="stmt"/>
        <line num="487" count="0" type="cond" truecount="0" falsecount="2"/>
        <line num="488" count="0" type="stmt"/>
        <line num="492" count="0" type="stmt"/>
        <line num="499" count="0" type="stmt"/>
        <line num="505" count="0" type="stmt"/>
        <line num="510" count="5" type="stmt"/>
        <line num="511" count="11" type="stmt"/>
        <line num="521" count="11" type="cond" truecount="1" falsecount="1"/>
        <line num="522" count="0" type="stmt"/>
        <line num="526" count="11" type="cond" truecount="1" falsecount="2"/>
        <line num="527" count="11" type="stmt"/>
        <line num="529" count="15" type="stmt"/>
        <line num="530" count="15" type="stmt"/>
        <line num="531" count="15" type="stmt"/>
        <line num="534" count="11" type="stmt"/>
        <line num="543" count="11" type="stmt"/>
        <line num="544" count="7" type="stmt"/>
        <line num="545" count="7" type="stmt"/>
        <line num="547" count="7" type="stmt"/>
        <line num="548" count="7" type="cond" truecount="1" falsecount="1"/>
        <line num="549" count="7" type="cond" truecount="1" falsecount="1"/>
        <line num="551" count="7" type="cond" truecount="2" falsecount="0"/>
        <line num="552" count="1" type="stmt"/>
        <line num="555" count="11" type="stmt"/>
        <line num="556" count="15" type="stmt"/>
        <line num="557" count="15" type="cond" truecount="2" falsecount="0"/>
        <line num="558" count="4" type="cond" truecount="2" falsecount="0"/>
        <line num="559" count="3" type="cond" truecount="2" falsecount="0"/>
        <line num="560" count="2" type="cond" truecount="1" falsecount="1"/>
        <line num="561" count="0" type="stmt"/>
        <line num="565" count="11" type="stmt"/>
        <line num="566" count="11" type="stmt"/>
        <line num="567" count="11" type="stmt"/>
        <line num="568" count="11" type="stmt"/>
        <line num="570" count="11" type="stmt"/>
        <line num="571" count="15" type="stmt"/>
        <line num="572" count="15" type="stmt"/>
        <line num="573" count="15" type="cond" truecount="1" falsecount="1"/>
        <line num="578" count="15" type="cond" truecount="1" falsecount="1"/>
        <line num="579" count="15" type="stmt"/>
        <line num="580" count="15" type="stmt"/>
        <line num="582" count="15" type="cond" truecount="2" falsecount="0"/>
        <line num="583" count="4" type="cond" truecount="2" falsecount="0"/>
        <line num="584" count="3" type="cond" truecount="3" falsecount="1"/>
        <line num="585" count="0" type="stmt"/>
        <line num="588" count="11" type="stmt"/>
        <line num="591" count="11" type="stmt"/>
        <line num="592" count="11" type="stmt"/>
        <line num="593" count="11" type="cond" truecount="1" falsecount="1"/>
        <line num="594" count="0" type="stmt"/>
        <line num="595" count="0" type="stmt"/>
        <line num="596" count="11" type="cond" truecount="1" falsecount="1"/>
        <line num="597" count="0" type="stmt"/>
        <line num="598" count="0" type="stmt"/>
        <line num="601" count="11" type="stmt"/>
        <line num="607" count="11" type="stmt"/>
        <line num="610" count="11" type="stmt"/>
        <line num="613" count="11" type="stmt"/>
        <line num="615" count="11" type="cond" truecount="1" falsecount="1"/>
        <line num="618" count="11" type="cond" truecount="2" falsecount="0"/>
        <line num="621" count="11" type="cond" truecount="2" falsecount="0"/>
        <line num="625" count="11" type="stmt"/>
        <line num="632" count="11" type="cond" truecount="1" falsecount="1"/>
        <line num="633" count="0" type="stmt"/>
        <line num="634" count="0" type="stmt"/>
        <line num="638" count="11" type="cond" truecount="1" falsecount="1"/>
        <line num="639" count="0" type="stmt"/>
        <line num="640" count="0" type="stmt"/>
        <line num="644" count="11" type="cond" truecount="1" falsecount="1"/>
        <line num="645" count="0" type="stmt"/>
        <line num="646" count="0" type="stmt"/>
        <line num="649" count="11" type="stmt"/>
        <line num="656" count="11" type="stmt"/>
        <line num="660" count="0" type="cond" truecount="0" falsecount="2"/>
        <line num="661" count="0" type="stmt"/>
        <line num="665" count="0" type="stmt"/>
        <line num="668" count="0" type="stmt"/>
        <line num="670" count="0" type="stmt"/>
        <line num="671" count="0" type="stmt"/>
        <line num="686" count="0" type="cond" truecount="0" falsecount="2"/>
        <line num="687" count="0" type="stmt"/>
        <line num="690" count="0" type="stmt"/>
        <line num="693" count="0" type="stmt"/>
        <line num="699" count="0" type="stmt"/>
        <line num="700" count="0" type="stmt"/>
        <line num="701" count="0" type="stmt"/>
        <line num="707" count="0" type="stmt"/>
        <line num="711" count="0" type="cond" truecount="0" falsecount="2"/>
        <line num="712" count="0" type="stmt"/>
        <line num="716" count="0" type="stmt"/>
        <line num="719" count="0" type="stmt"/>
        <line num="722" count="0" type="stmt"/>
        <line num="723" count="0" type="cond" truecount="0" falsecount="4"/>
        <line num="724" count="0" type="stmt"/>
        <line num="727" count="0" type="stmt"/>
        <line num="730" count="0" type="stmt"/>
        <line num="733" count="0" type="stmt"/>
        <line num="737" count="0" type="cond" truecount="0" falsecount="2"/>
        <line num="738" count="0" type="stmt"/>
        <line num="741" count="0" type="stmt"/>
        <line num="744" count="0" type="cond" truecount="0" falsecount="2"/>
        <line num="745" count="0" type="stmt"/>
        <line num="748" count="0" type="stmt"/>
        <line num="752" count="0" type="cond" truecount="0" falsecount="4"/>
        <line num="753" count="0" type="stmt"/>
        <line num="754" count="0" type="stmt"/>
        <line num="755" count="0" type="cond" truecount="0" falsecount="4"/>
        <line num="756" count="0" type="stmt"/>
        <line num="757" count="0" type="stmt"/>
        <line num="760" count="0" type="stmt"/>
        <line num="766" count="0" type="stmt"/>
        <line num="770" count="0" type="stmt"/>
        <line num="776" count="0" type="cond" truecount="0" falsecount="2"/>
        <line num="777" count="0" type="stmt"/>
        <line num="781" count="0" type="stmt"/>
        <line num="784" count="0" type="stmt"/>
        <line num="787" count="0" type="stmt"/>
        <line num="788" count="0" type="cond" truecount="0" falsecount="4"/>
        <line num="789" count="0" type="stmt"/>
        <line num="792" count="0" type="stmt"/>
        <line num="795" count="0" type="stmt"/>
        <line num="797" count="0" type="stmt"/>
        <line num="802" count="0" type="cond" truecount="0" falsecount="2"/>
        <line num="803" count="0" type="stmt"/>
        <line num="806" count="0" type="stmt"/>
        <line num="809" count="0" type="cond" truecount="0" falsecount="2"/>
        <line num="810" count="0" type="stmt"/>
        <line num="813" count="0" type="stmt"/>
        <line num="816" count="0" type="cond" truecount="0" falsecount="2"/>
        <line num="817" count="0" type="stmt"/>
        <line num="820" count="0" type="stmt"/>
        <line num="824" count="0" type="stmt"/>
        <line num="830" count="0" type="cond" truecount="0" falsecount="4"/>
        <line num="831" count="0" type="stmt"/>
        <line num="832" count="0" type="stmt"/>
        <line num="833" count="0" type="cond" truecount="0" falsecount="4"/>
        <line num="834" count="0" type="stmt"/>
        <line num="835" count="0" type="stmt"/>
        <line num="838" count="0" type="stmt"/>
        <line num="844" count="0" type="stmt"/>
        <line num="848" count="0" type="cond" truecount="0" falsecount="2"/>
        <line num="849" count="0" type="stmt"/>
        <line num="855" count="0" type="cond" truecount="0" falsecount="2"/>
        <line num="856" count="0" type="stmt"/>
        <line num="860" count="0" type="stmt"/>
        <line num="863" count="0" type="stmt"/>
        <line num="866" count="0" type="stmt"/>
        <line num="867" count="0" type="cond" truecount="0" falsecount="4"/>
        <line num="868" count="0" type="stmt"/>
        <line num="871" count="0" type="stmt"/>
        <line num="874" count="0" type="stmt"/>
        <line num="876" count="0" type="stmt"/>
        <line num="881" count="0" type="cond" truecount="0" falsecount="2"/>
        <line num="882" count="0" type="stmt"/>
        <line num="885" count="0" type="stmt"/>
        <line num="888" count="0" type="cond" truecount="0" falsecount="2"/>
        <line num="889" count="0" type="stmt"/>
        <line num="892" count="0" type="stmt"/>
        <line num="895" count="0" type="cond" truecount="0" falsecount="2"/>
        <line num="896" count="0" type="stmt"/>
        <line num="899" count="0" type="stmt"/>
        <line num="903" count="0" type="stmt"/>
        <line num="909" count="0" type="cond" truecount="0" falsecount="4"/>
        <line num="910" count="0" type="stmt"/>
        <line num="911" count="0" type="stmt"/>
        <line num="912" count="0" type="cond" truecount="0" falsecount="4"/>
        <line num="913" count="0" type="stmt"/>
        <line num="914" count="0" type="stmt"/>
        <line num="917" count="0" type="stmt"/>
        <line num="923" count="0" type="stmt"/>
        <line num="927" count="0" type="stmt"/>
        <line num="933" count="16" type="cond" truecount="2" falsecount="0"/>
        <line num="934" count="1" type="stmt"/>
        <line num="938" count="1" type="stmt"/>
        <line num="941" count="15" type="stmt"/>
        <line num="944" count="15" type="stmt"/>
        <line num="945" count="15" type="cond" truecount="4" falsecount="0"/>
        <line num="946" count="1" type="stmt"/>
        <line num="949" count="1" type="stmt"/>
        <line num="952" count="14" type="stmt"/>
        <line num="953" count="14" type="stmt"/>
        <line num="955" count="14" type="stmt"/>
        <line num="963" count="14" type="cond" truecount="2" falsecount="0"/>
        <line num="964" count="1" type="stmt"/>
        <line num="967" count="1" type="stmt"/>
        <line num="970" count="13" type="cond" truecount="2" falsecount="0"/>
        <line num="971" count="1" type="stmt"/>
        <line num="974" count="1" type="stmt"/>
        <line num="977" count="12" type="cond" truecount="2" falsecount="0"/>
        <line num="978" count="1" type="stmt"/>
        <line num="981" count="1" type="stmt"/>
        <line num="984" count="11" type="cond" truecount="1" falsecount="1"/>
        <line num="985" count="11" type="stmt"/>
        <line num="986" count="11" type="stmt"/>
        <line num="989" count="11" type="stmt"/>
        <line num="990" count="11" type="cond" truecount="4" falsecount="0"/>
        <line num="991" count="1" type="stmt"/>
        <line num="994" count="1" type="stmt"/>
        <line num="998" count="10" type="stmt"/>
        <line num="999" count="32" type="stmt"/>
        <line num="1002" count="10" type="stmt"/>
        <line num="1015" count="10" type="cond" truecount="2" falsecount="0"/>
        <line num="1017" count="4" type="cond" truecount="2" falsecount="0"/>
        <line num="1020" count="4" type="stmt"/>
        <line num="1028" count="10" type="cond" truecount="2" falsecount="0"/>
        <line num="1029" count="12" type="stmt"/>
        <line num="1030" count="9" type="stmt"/>
        <line num="1038" count="10" type="cond" truecount="1" falsecount="1"/>
        <line num="1039" count="10" type="stmt"/>
        <line num="1042" count="10" type="stmt"/>
        <line num="1047" count="10" type="stmt"/>
        <line num="1053" count="0" type="cond" truecount="0" falsecount="2"/>
        <line num="1054" count="0" type="stmt"/>
        <line num="1058" count="0" type="stmt"/>
        <line num="1061" count="0" type="stmt"/>
        <line num="1064" count="0" type="stmt"/>
        <line num="1065" count="0" type="cond" truecount="0" falsecount="4"/>
        <line num="1066" count="0" type="stmt"/>
        <line num="1069" count="0" type="stmt"/>
        <line num="1072" count="0" type="stmt"/>
        <line num="1074" count="0" type="stmt"/>
        <line num="1082" count="0" type="cond" truecount="0" falsecount="2"/>
        <line num="1083" count="0" type="stmt"/>
        <line num="1086" count="0" type="stmt"/>
        <line num="1089" count="0" type="cond" truecount="0" falsecount="2"/>
        <line num="1090" count="0" type="stmt"/>
        <line num="1093" count="0" type="stmt"/>
        <line num="1096" count="0" type="stmt"/>
        <line num="1100" count="0" type="cond" truecount="0" falsecount="4"/>
        <line num="1103" count="0" type="stmt"/>
        <line num="1105" count="0" type="stmt"/>
        <line num="1107" count="0" type="cond" truecount="0" falsecount="2"/>
        <line num="1109" count="0" type="stmt"/>
        <line num="1111" count="0" type="stmt"/>
        <line num="1112" count="0" type="cond" truecount="0" falsecount="2"/>
        <line num="1114" count="0" type="stmt"/>
        <line num="1115" count="0" type="cond" truecount="0" falsecount="2"/>
        <line num="1118" count="0" type="cond" truecount="0" falsecount="2"/>
        <line num="1119" count="0" type="stmt"/>
        <line num="1124" count="0" type="stmt"/>
        <line num="1125" count="0" type="stmt"/>
        <line num="1126" count="0" type="cond" truecount="0" falsecount="2"/>
        <line num="1127" count="0" type="stmt"/>
        <line num="1139" count="0" type="stmt"/>
        <line num="1140" count="0" type="stmt"/>
        <line num="1143" count="0" type="stmt"/>
        <line num="1144" count="0" type="stmt"/>
        <line num="1148" count="0" type="stmt"/>
        <line num="1149" count="0" type="stmt"/>
        <line num="1165" count="0" type="stmt"/>
        <line num="1166" count="0" type="stmt"/>
        <line num="1167" count="0" type="cond" truecount="0" falsecount="2"/>
        <line num="1168" count="0" type="stmt"/>
        <line num="1194" count="0" type="stmt"/>
        <line num="1195" count="0" type="stmt"/>
        <line num="1204" count="0" type="stmt"/>
        <line num="1221" count="0" type="stmt"/>
        <line num="1223" count="0" type="stmt"/>
        <line num="1224" count="0" type="cond" truecount="0" falsecount="2"/>
        <line num="1226" count="0" type="stmt"/>
        <line num="1227" count="0" type="stmt"/>
        <line num="1237" count="0" type="stmt"/>
        <line num="1240" count="0" type="cond" truecount="0" falsecount="2"/>
        <line num="1241" count="0" type="stmt"/>
        <line num="1257" count="0" type="cond" truecount="0" falsecount="2"/>
        <line num="1258" count="0" type="stmt"/>
        <line num="1259" count="0" type="stmt"/>
        <line num="1267" count="0" type="cond" truecount="0" falsecount="4"/>
        <line num="1268" count="0" type="stmt"/>
        <line num="1269" count="0" type="stmt"/>
        <line num="1270" count="0" type="cond" truecount="0" falsecount="4"/>
        <line num="1271" count="0" type="stmt"/>
        <line num="1272" count="0" type="stmt"/>
        <line num="1275" count="0" type="stmt"/>
        <line num="1278" count="0" type="stmt"/>
        <line num="1301" count="0" type="stmt"/>
        <line num="1304" count="0" type="stmt"/>
        <line num="1308" count="0" type="stmt"/>
        <line num="1309" count="0" type="stmt"/>
        <line num="1311" count="0" type="stmt"/>
        <line num="1312" count="0" type="cond" truecount="0" falsecount="4"/>
        <line num="1313" count="0" type="stmt"/>
        <line num="1315" count="0" type="stmt"/>
        <line num="1318" count="0" type="stmt"/>
        <line num="1328" count="21" type="stmt"/>
        <line num="1329" count="21" type="cond" truecount="2" falsecount="0"/>
        <line num="1330" count="1" type="stmt"/>
        <line num="1333" count="20" type="stmt"/>
        <line num="1334" count="20" type="cond" truecount="4" falsecount="0"/>
        <line num="1335" count="1" type="stmt"/>
        <line num="1337" count="19" type="cond" truecount="4" falsecount="0"/>
        <line num="1338" count="1" type="stmt"/>
        <line num="1342" count="18" type="stmt"/>
        <line num="1343" count="18" type="cond" truecount="1" falsecount="1"/>
        <line num="1344" count="0" type="stmt"/>
        <line num="1347" count="18" type="stmt"/>
        <line num="1355" count="6" type="stmt"/>
        <line num="1356" count="6" type="cond" truecount="2" falsecount="0"/>
        <line num="1357" count="1" type="stmt"/>
        <line num="1360" count="5" type="stmt"/>
        <line num="1361" count="5" type="cond" truecount="4" falsecount="0"/>
        <line num="1362" count="2" type="stmt"/>
        <line num="1364" count="3" type="cond" truecount="4" falsecount="0"/>
        <line num="1365" count="1" type="stmt"/>
        <line num="1368" count="2" type="stmt"/>
        <line num="1401" count="0" type="cond" truecount="0" falsecount="4"/>
        <line num="1402" count="0" type="stmt"/>
        <line num="1406" count="0" type="stmt"/>
        <line num="1411" count="0" type="stmt"/>
        <line num="1419" count="0" type="stmt"/>
        <line num="1420" count="0" type="cond" truecount="0" falsecount="4"/>
        <line num="1421" count="0" type="stmt"/>
        <line num="1424" count="0" type="stmt"/>
        <line num="1433" count="0" type="stmt"/>
        <line num="1434" count="0" type="stmt"/>
        <line num="1435" count="0" type="stmt"/>
        <line num="1436" count="0" type="stmt"/>
        <line num="1444" count="0" type="cond" truecount="0" falsecount="5"/>
        <line num="1445" count="0" type="stmt"/>
        <line num="1448" count="0" type="stmt"/>
        <line num="1459" count="0" type="cond" truecount="0" falsecount="2"/>
        <line num="1460" count="0" type="stmt"/>
        <line num="1461" count="0" type="cond" truecount="0" falsecount="2"/>
        <line num="1462" count="0" type="stmt"/>
        <line num="1463" count="0" type="stmt"/>
        <line num="1467" count="0" type="cond" truecount="0" falsecount="2"/>
        <line num="1468" count="0" type="stmt"/>
        <line num="1469" count="0" type="cond" truecount="0" falsecount="2"/>
        <line num="1470" count="0" type="stmt"/>
        <line num="1471" count="0" type="stmt"/>
        <line num="1481" count="0" type="stmt"/>
        <line num="1490" count="0" type="cond" truecount="0" falsecount="2"/>
        <line num="1491" count="0" type="stmt"/>
        <line num="1494" count="0" type="stmt"/>
        <line num="1499" count="0" type="cond" truecount="0" falsecount="2"/>
        <line num="1500" count="0" type="stmt"/>
        <line num="1503" count="0" type="stmt"/>
        <line num="1508" count="0" type="cond" truecount="0" falsecount="4"/>
        <line num="1509" count="0" type="stmt"/>
        <line num="1512" count="0" type="stmt"/>
        <line num="1518" count="0" type="cond" truecount="0" falsecount="2"/>
        <line num="1523" count="0" type="cond" truecount="0" falsecount="2"/>
        <line num="1528" count="0" type="stmt"/>
        <line num="1529" count="0" type="stmt"/>
        <line num="1530" count="0" type="stmt"/>
        <line num="1531" count="0" type="stmt"/>
        <line num="1548" count="0" type="cond" truecount="0" falsecount="4"/>
        <line num="1551" count="0" type="stmt"/>
        <line num="1552" count="0" type="cond" truecount="0" falsecount="2"/>
        <line num="1553" count="0" type="cond" truecount="0" falsecount="2"/>
        <line num="1556" count="0" type="stmt"/>
        <line num="1557" count="0" type="stmt"/>
        <line num="1562" count="0" type="cond" truecount="0" falsecount="2"/>
        <line num="1563" count="0" type="stmt"/>
        <line num="1566" count="0" type="cond" truecount="0" falsecount="2"/>
        <line num="1567" count="0" type="stmt"/>
        <line num="1570" count="0" type="stmt"/>
        <line num="1574" count="0" type="stmt"/>
        <line num="1575" count="0" type="cond" truecount="0" falsecount="2"/>
        <line num="1576" count="0" type="stmt"/>
        <line num="1579" count="0" type="stmt"/>
        <line num="1584" count="0" type="stmt"/>
        <line num="1585" count="0" type="cond" truecount="0" falsecount="2"/>
        <line num="1586" count="0" type="stmt"/>
        <line num="1589" count="0" type="stmt"/>
        <line num="1594" count="0" type="cond" truecount="0" falsecount="2"/>
        <line num="1595" count="0" type="stmt"/>
        <line num="1597" count="0" type="stmt"/>
        <line num="1602" count="0" type="cond" truecount="0" falsecount="4"/>
        <line num="1603" count="0" type="stmt"/>
        <line num="1604" count="0" type="stmt"/>
        <line num="1613" count="0" type="cond" truecount="0" falsecount="2"/>
        <line num="1614" count="0" type="stmt"/>
        <line num="1617" count="0" type="stmt"/>
        <line num="1626" count="0" type="stmt"/>
        <line num="1651" count="0" type="cond" truecount="0" falsecount="4"/>
        <line num="1654" count="0" type="stmt"/>
        <line num="1656" count="0" type="stmt"/>
        <line num="1657" count="0" type="stmt"/>
        <line num="1659" count="0" type="stmt"/>
        <line num="1660" count="0" type="cond" truecount="0" falsecount="2"/>
        <line num="1667" count="0" type="stmt"/>
        <line num="1669" count="0" type="stmt"/>
        <line num="1671" count="0" type="cond" truecount="0" falsecount="2"/>
        <line num="1675" count="0" type="stmt"/>
        <line num="1676" count="0" type="cond" truecount="0" falsecount="2"/>
        <line num="1679" count="0" type="cond" truecount="0" falsecount="2"/>
        <line num="1680" count="0" type="stmt"/>
        <line num="1686" count="0" type="stmt"/>
        <line num="1687" count="0" type="stmt"/>
        <line num="1688" count="0" type="cond" truecount="0" falsecount="2"/>
        <line num="1689" count="0" type="stmt"/>
        <line num="1697" count="0" type="cond" truecount="0" falsecount="4"/>
        <line num="1698" count="0" type="stmt"/>
        <line num="1703" count="0" type="stmt"/>
        <line num="1704" count="0" type="stmt"/>
        <line num="1708" count="0" type="stmt"/>
        <line num="1709" count="0" type="stmt"/>
        <line num="1712" count="0" type="stmt"/>
        <line num="1713" count="0" type="stmt"/>
        <line num="1717" count="0" type="stmt"/>
        <line num="1718" count="0" type="stmt"/>
        <line num="1722" count="0" type="stmt"/>
        <line num="1723" count="0" type="stmt"/>
        <line num="1724" count="0" type="cond" truecount="0" falsecount="2"/>
        <line num="1725" count="0" type="stmt"/>
        <line num="1745" count="0" type="stmt"/>
        <line num="1746" count="0" type="stmt"/>
        <line num="1754" count="0" type="stmt"/>
        <line num="1757" count="0" type="stmt"/>
        <line num="1759" count="0" type="stmt"/>
        <line num="1760" count="0" type="cond" truecount="0" falsecount="2"/>
        <line num="1762" count="0" type="stmt"/>
        <line num="1763" count="0" type="stmt"/>
        <line num="1773" count="0" type="stmt"/>
        <line num="1776" count="0" type="cond" truecount="0" falsecount="2"/>
        <line num="1777" count="0" type="stmt"/>
        <line num="1783" count="0" type="cond" truecount="0" falsecount="2"/>
        <line num="1784" count="0" type="stmt"/>
        <line num="1785" count="0" type="stmt"/>
        <line num="1808" count="0" type="stmt"/>
        <line num="1809" count="0" type="cond" truecount="0" falsecount="4"/>
        <line num="1810" count="0" type="stmt"/>
        <line num="1812" count="0" type="stmt"/>
        <line num="1813" count="0" type="cond" truecount="0" falsecount="4"/>
        <line num="1814" count="0" type="stmt"/>
        <line num="1816" count="0" type="stmt"/>
        <line num="1820" count="0" type="stmt"/>
        <line num="1823" count="0" type="stmt"/>
        <line num="1828" count="0" type="stmt"/>
        <line num="1852" count="0" type="stmt"/>
        <line num="1853" count="0" type="stmt"/>
        <line num="1857" count="0" type="stmt"/>
        <line num="1858" count="0" type="stmt"/>
        <line num="1862" count="0" type="stmt"/>
        <line num="1863" count="0" type="stmt"/>
        <line num="1867" count="0" type="stmt"/>
        <line num="1868" count="0" type="stmt"/>
        <line num="1870" count="0" type="cond" truecount="0" falsecount="2"/>
        <line num="1871" count="0" type="stmt"/>
        <line num="1872" count="0" type="cond" truecount="0" falsecount="2"/>
        <line num="1873" count="0" type="stmt"/>
        <line num="1897" count="0" type="stmt"/>
        <line num="1900" count="0" type="stmt"/>
        <line num="1901" count="0" type="cond" truecount="0" falsecount="2"/>
        <line num="1902" count="0" type="stmt"/>
        <line num="1906" count="0" type="stmt"/>
        <line num="1907" count="0" type="stmt"/>
        <line num="1908" count="0" type="cond" truecount="0" falsecount="4"/>
        <line num="1909" count="0" type="stmt"/>
        <line num="1910" count="0" type="cond" truecount="0" falsecount="2"/>
        <line num="1911" count="0" type="cond" truecount="0" falsecount="2"/>
        <line num="1915" count="0" type="cond" truecount="0" falsecount="2"/>
        <line num="1916" count="0" type="stmt"/>
        <line num="1920" count="0" type="cond" truecount="0" falsecount="2"/>
        <line num="1921" count="0" type="stmt"/>
        <line num="1925" count="0" type="stmt"/>
        <line num="1926" count="0" type="cond" truecount="0" falsecount="2"/>
        <line num="1927" count="0" type="stmt"/>
        <line num="1928" count="0" type="stmt"/>
        <line num="1932" count="0" type="stmt"/>
        <line num="1938" count="19" type="cond" truecount="2" falsecount="0"/>
        <line num="1939" count="1" type="stmt"/>
        <line num="1943" count="1" type="stmt"/>
        <line num="1946" count="18" type="stmt"/>
        <line num="1949" count="18" type="stmt"/>
        <line num="1953" count="18" type="cond" truecount="2" falsecount="0"/>
        <line num="1954" count="1" type="stmt"/>
        <line num="1957" count="1" type="stmt"/>
        <line num="1960" count="17" type="cond" truecount="1" falsecount="1"/>
        <line num="1961" count="17" type="stmt"/>
        <line num="1964" count="17" type="stmt"/>
        <line num="1965" count="17" type="stmt"/>
        <line num="1976" count="17" type="cond" truecount="2" falsecount="0"/>
        <line num="1977" count="5" type="stmt"/>
        <line num="1980" count="5" type="stmt"/>
        <line num="1983" count="19" type="stmt"/>
        <line num="1988" count="126" type="stmt"/>
        <line num="1995" count="12" type="stmt"/>
        <line num="1997" count="12" type="stmt"/>
        <line num="2001" count="23" type="cond" truecount="2" falsecount="0"/>
        <line num="2002" count="1" type="stmt"/>
        <line num="2006" count="1" type="stmt"/>
        <line num="2009" count="22" type="stmt"/>
        <line num="2011" count="22" type="stmt"/>
        <line num="2012" count="22" type="cond" truecount="2" falsecount="0"/>
        <line num="2015" count="22" type="stmt"/>
        <line num="2019" count="22" type="cond" truecount="2" falsecount="0"/>
        <line num="2020" count="1" type="stmt"/>
        <line num="2023" count="1" type="stmt"/>
        <line num="2026" count="21" type="cond" truecount="1" falsecount="1"/>
        <line num="2027" count="21" type="stmt"/>
        <line num="2029" count="21" type="cond" truecount="2" falsecount="0"/>
        <line num="2031" count="12" type="stmt"/>
        <line num="2036" count="12" type="cond" truecount="2" falsecount="0"/>
        <line num="2037" count="1" type="stmt"/>
        <line num="2038" count="1" type="stmt"/>
        <line num="2041" count="11" type="cond" truecount="2" falsecount="0"/>
        <line num="2042" count="1" type="stmt"/>
        <line num="2043" count="1" type="stmt"/>
        <line num="2046" count="47" type="stmt"/>
        <line num="2054" count="10" type="stmt"/>
        <line num="2055" count="10" type="stmt"/>
        <line num="2061" count="10" type="stmt"/>
        <line num="2064" count="9" type="stmt"/>
        <line num="2067" count="9" type="cond" truecount="2" falsecount="0"/>
        <line num="2068" count="1" type="stmt"/>
        <line num="2069" count="8" type="cond" truecount="2" falsecount="0"/>
        <line num="2070" count="1" type="stmt"/>
        <line num="2073" count="7" type="stmt"/>
        <line num="2076" count="9" type="stmt"/>
        <line num="2085" count="9" type="cond" truecount="2" falsecount="0"/>
        <line num="2086" count="1" type="stmt"/>
        <line num="2087" count="1" type="stmt"/>
        <line num="2090" count="11" type="stmt"/>
        <line num="2092" count="51" type="stmt"/>
        <line num="2101" count="8" type="stmt"/>
        <line num="2102" count="8" type="stmt"/>
        <line num="2104" count="8" type="stmt"/>
        <line num="2109" count="26" type="cond" truecount="4" falsecount="0"/>
        <line num="2110" count="2" type="stmt"/>
        <line num="2114" count="2" type="stmt"/>
        <line num="2117" count="24" type="stmt"/>
        <line num="2120" count="24" type="stmt"/>
        <line num="2121" count="24" type="cond" truecount="4" falsecount="0"/>
        <line num="2122" count="1" type="stmt"/>
        <line num="2125" count="1" type="stmt"/>
        <line num="2128" count="23" type="stmt"/>
        <line num="2129" count="23" type="stmt"/>
        <line num="2130" count="23" type="stmt"/>
        <line num="2131" count="23" type="stmt"/>
        <line num="2134" count="23" type="stmt"/>
        <line num="2139" count="23" type="cond" truecount="2" falsecount="0"/>
        <line num="2140" count="1" type="stmt"/>
        <line num="2143" count="1" type="stmt"/>
        <line num="2147" count="22" type="cond" truecount="2" falsecount="0"/>
        <line num="2148" count="1" type="stmt"/>
        <line num="2151" count="1" type="stmt"/>
        <line num="2154" count="21" type="cond" truecount="1" falsecount="1"/>
        <line num="2155" count="21" type="stmt"/>
        <line num="2158" count="21" type="stmt"/>
        <line num="2159" count="21" type="cond" truecount="2" falsecount="0"/>
        <line num="2160" count="3" type="stmt"/>
        <line num="2161" count="3" type="stmt"/>
        <line num="2166" count="18" type="cond" truecount="2" falsecount="0"/>
        <line num="2167" count="6" type="stmt"/>
        <line num="2168" count="6" type="cond" truecount="2" falsecount="0"/>
        <line num="2169" count="4" type="stmt"/>
        <line num="2170" count="4" type="stmt"/>
        <line num="2172" count="2" type="stmt"/>
        <line num="2175" count="12" type="cond" truecount="2" falsecount="0"/>
        <line num="2176" count="12" type="stmt"/>
        <line num="2177" count="12" type="stmt"/>
        <line num="2178" count="12" type="stmt"/>
        <line num="2179" count="12" type="stmt"/>
        <line num="2183" count="14" type="stmt"/>
        <line num="2184" count="14" type="stmt"/>
        <line num="2185" count="14" type="cond" truecount="2" falsecount="0"/>
        <line num="2186" count="14" type="stmt"/>
        <line num="2188" count="14" type="cond" truecount="1" falsecount="1"/>
        <line num="2189" count="0" type="stmt"/>
        <line num="2192" count="0" type="stmt"/>
        <line num="2195" count="14" type="cond" truecount="2" falsecount="0"/>
        <line num="2196" count="1" type="stmt"/>
        <line num="2199" count="1" type="stmt"/>
        <line num="2203" count="13" type="stmt"/>
        <line num="2204" count="13" type="cond" truecount="4" falsecount="0"/>
        <line num="2205" count="1" type="stmt"/>
        <line num="2208" count="1" type="stmt"/>
        <line num="2211" count="13" type="stmt"/>
        <line num="2214" count="12" type="stmt"/>
        <line num="2215" count="12" type="stmt"/>
        <line num="2217" count="12" type="stmt"/>
        <line num="2218" count="37" type="cond" truecount="2" falsecount="0"/>
        <line num="2220" count="25" type="stmt"/>
        <line num="2221" count="15" type="cond" truecount="1" falsecount="1"/>
        <line num="2224" count="25" type="cond" truecount="2" falsecount="0"/>
        <line num="2225" count="15" type="stmt"/>
        <line num="2229" count="12" type="cond" truecount="2" falsecount="0"/>
        <line num="2230" count="1" type="stmt"/>
        <line num="2233" count="1" type="stmt"/>
        <line num="2237" count="11" type="stmt"/>
        <line num="2238" count="15" type="stmt"/>
        <line num="2239" count="15" type="cond" truecount="1" falsecount="1"/>
        <line num="2240" count="15" type="stmt"/>
        <line num="2260" count="11" type="stmt"/>
        <line num="2267" count="15" type="stmt"/>
        <line num="2270" count="11" type="cond" truecount="3" falsecount="0"/>
        <line num="2273" count="11" type="stmt"/>
        <line num="2287" count="11" type="stmt"/>
        <line num="2288" count="15" type="stmt"/>
        <line num="2289" count="15" type="stmt"/>
        <line num="2290" count="15" type="stmt"/>
        <line num="2301" count="11" type="stmt"/>
        <line num="2306" count="11" type="stmt"/>
        <line num="2309" count="11" type="stmt"/>
        <line num="2324" count="11" type="stmt"/>
        <line num="2332" count="11" type="cond" truecount="4" falsecount="0"/>
        <line num="2333" count="1" type="stmt"/>
        <line num="2336" count="1" type="stmt"/>
        <line num="2339" count="10" type="stmt"/>
        <line num="2345" count="10" type="stmt"/>
        <line num="2351" count="10" type="stmt"/>
        <line num="2352" count="10" type="stmt"/>
        <line num="2354" count="10" type="stmt"/>
        <line num="2363" count="5" type="stmt"/>
      </file>
      <file name="setup.ts" path="E:\Programmierung\Worktrees\dev\src\commands\setup.ts">
        <metrics statements="15" coveredstatements="0" conditionals="8" coveredconditionals="0" methods="2" coveredmethods="0"/>
        <line num="1" count="0" type="stmt"/>
        <line num="9" count="0" type="stmt"/>
        <line num="12" count="0" type="stmt"/>
        <line num="19" count="0" type="cond" truecount="0" falsecount="2"/>
        <line num="20" count="0" type="stmt"/>
        <line num="25" count="0" type="cond" truecount="0" falsecount="2"/>
        <line num="26" count="0" type="stmt"/>
        <line num="30" count="0" type="stmt"/>
        <line num="33" count="0" type="stmt"/>
        <line num="36" count="0" type="stmt"/>
        <line num="40" count="0" type="cond" truecount="0" falsecount="2"/>
        <line num="41" count="0" type="cond" truecount="0" falsecount="2"/>
        <line num="43" count="0" type="stmt"/>
        <line num="104" count="0" type="stmt"/>
        <line num="107" count="0" type="stmt"/>
      </file>
    </package>
    <package name="utils">
      <metrics statements="212" coveredstatements="158" conditionals="144" coveredconditionals="112" methods="36" coveredmethods="26"/>
      <file name="localization.ts" path="E:\Programmierung\Worktrees\dev\src\utils\localization.ts">
        <metrics statements="11" coveredstatements="11" conditionals="4" coveredconditionals="4" methods="3" coveredmethods="3"/>
        <line num="133" count="7" type="stmt"/>
        <line num="395" count="7" type="stmt"/>
        <line num="396" count="232" type="cond" truecount="2" falsecount="0"/>
        <line num="397" count="232" type="stmt"/>
        <line num="400" count="7" type="stmt"/>
        <line num="401" count="77" type="stmt"/>
        <line num="402" count="77" type="stmt"/>
        <line num="404" count="77" type="cond" truecount="2" falsecount="0"/>
        <line num="405" count="76" type="stmt"/>
        <line num="406" count="106" type="stmt"/>
        <line num="410" count="77" type="stmt"/>
      </file>
      <file name="permissions.ts" path="E:\Programmierung\Worktrees\dev\src\utils\permissions.ts">
        <metrics statements="15" coveredstatements="3" conditionals="8" coveredconditionals="0" methods="3" coveredmethods="0"/>
        <line num="1" count="6" type="stmt"/>
        <line num="2" count="6" type="stmt"/>
        <line num="9" count="6" type="stmt"/>
        <line num="11" count="0" type="cond" truecount="0" falsecount="2"/>
        <line num="12" count="0" type="stmt"/>
        <line num="16" count="0" type="stmt"/>
        <line num="20" count="0" type="cond" truecount="0" falsecount="2"/>
        <line num="22" count="0" type="stmt"/>
        <line num="26" count="0" type="stmt"/>
        <line num="28" count="0" type="stmt"/>
        <line num="31" count="0" type="cond" truecount="0" falsecount="2"/>
        <line num="33" count="0" type="stmt"/>
        <line num="37" count="0" type="stmt"/>
        <line num="38" count="0" type="cond" truecount="0" falsecount="2"/>
        <line num="41" count="0" type="stmt"/>
      </file>
      <file name="raidScheduler.ts" path="E:\Programmierung\Worktrees\dev\src\utils\raidScheduler.ts">
        <metrics statements="27" coveredstatements="0" conditionals="10" coveredconditionals="0" methods="3" coveredmethods="0"/>
        <line num="2" count="0" type="stmt"/>
        <line num="3" count="0" type="stmt"/>
        <line num="5" count="0" type="stmt"/>
        <line num="7" count="0" type="stmt"/>
        <line num="9" count="0" type="stmt"/>
        <line num="10" count="0" type="stmt"/>
        <line num="11" count="0" type="stmt"/>
        <line num="13" count="0" type="stmt"/>
        <line num="17" count="0" type="stmt"/>
        <line num="21" count="0" type="stmt"/>
        <line num="24" count="0" type="stmt"/>
        <line num="36" count="0" type="cond" truecount="0" falsecount="2"/>
        <line num="38" count="0" type="stmt"/>
        <line num="40" count="0" type="stmt"/>
        <line num="41" count="0" type="stmt"/>
        <line num="43" count="0" type="stmt"/>
        <line num="49" count="0" type="cond" truecount="0" falsecount="4"/>
        <line num="50" count="0" type="stmt"/>
        <line num="51" count="0" type="stmt"/>
        <line num="52" count="0" type="cond" truecount="0" falsecount="4"/>
        <line num="53" count="0" type="stmt"/>
        <line num="54" count="0" type="stmt"/>
        <line num="57" count="0" type="stmt"/>
        <line num="62" count="0" type="stmt"/>
        <line num="65" count="0" type="stmt"/>
        <line num="68" count="0" type="stmt"/>
        <line num="71" count="0" type="stmt"/>
      </file>
      <file name="statsCalculator.ts" path="E:\Programmierung\Worktrees\dev\src\utils\statsCalculator.ts">
        <metrics statements="65" coveredstatements="65" conditionals="42" coveredconditionals="41" methods="13" coveredmethods="13"/>
        <line num="1" count="7" type="stmt"/>
        <line num="83" count="7" type="stmt"/>
        <line num="84" count="17" type="stmt"/>
        <line num="85" count="67" type="stmt"/>
        <line num="86" count="67" type="stmt"/>
        <line num="87" count="67" type="stmt"/>
        <line num="89" count="17" type="stmt"/>
        <line num="90" count="17" type="stmt"/>
        <line num="91" count="17" type="stmt"/>
        <line num="92" count="17" type="cond" truecount="2" falsecount="0"/>
        <line num="97" count="17" type="stmt"/>
        <line num="98" count="17" type="stmt"/>
        <line num="101" count="17" type="stmt"/>
        <line num="103" count="17" type="stmt"/>
        <line num="120" count="7" type="stmt"/>
        <line num="123" count="15" type="stmt"/>
        <line num="125" count="15" type="cond" truecount="2" falsecount="0"/>
        <line num="126" count="1" type="stmt"/>
        <line num="136" count="14" type="stmt"/>
        <line num="137" count="14" type="stmt"/>
        <line num="138" count="14" type="stmt"/>
        <line num="140" count="14" type="stmt"/>
        <line num="141" count="21" type="stmt"/>
        <line num="142" count="85" type="cond" truecount="2" falsecount="0"/>
        <line num="143" count="21" type="cond" truecount="2" falsecount="0"/>
        <line num="144" count="21" type="stmt"/>
        <line num="146" count="21" type="stmt"/>
        <line num="147" count="85" type="stmt"/>
        <line num="148" count="85" type="cond" truecount="2" falsecount="0"/>
        <line num="149" count="21" type="stmt"/>
        <line num="150" count="21" type="cond" truecount="4" falsecount="0"/>
        <line num="151" count="15" type="stmt"/>
        <line num="154" count="64" type="stmt"/>
        <line num="162" count="85" type="cond" truecount="4" falsecount="0"/>
        <line num="163" count="67" type="stmt"/>
        <line num="168" count="14" type="stmt"/>
        <line num="169" count="14" type="stmt"/>
        <line num="172" count="14" type="stmt"/>
        <line num="173" count="64" type="stmt"/>
        <line num="183" count="71" type="cond" truecount="2" falsecount="0"/>
        <line num="184" count="37" type="stmt"/>
        <line num="188" count="14" type="stmt"/>
        <line num="190" count="14" type="stmt"/>
        <line num="205" count="7" type="stmt"/>
        <line num="206" count="102" type="cond" truecount="2" falsecount="0"/>
        <line num="207" count="44" type="stmt"/>
        <line num="208" count="58" type="cond" truecount="2" falsecount="0"/>
        <line num="209" count="14" type="stmt"/>
        <line num="211" count="44" type="stmt"/>
        <line num="219" count="17" type="stmt"/>
        <line num="227" count="17" type="stmt"/>
        <line num="228" count="48" type="stmt"/>
        <line num="229" count="48" type="cond" truecount="2" falsecount="0"/>
        <line num="230" count="38" type="cond" truecount="2" falsecount="0"/>
        <line num="231" count="28" type="cond" truecount="2" falsecount="0"/>
        <line num="232" count="22" type="cond" truecount="2" falsecount="0"/>
        <line num="233" count="4" type="stmt"/>
        <line num="236" count="17" type="stmt"/>
        <line num="244" count="31" type="stmt"/>
        <line num="246" count="31" type="stmt"/>
        <line num="247" count="115" type="cond" truecount="2" falsecount="0"/>
        <line num="248" count="92" type="cond" truecount="2" falsecount="0"/>
        <line num="252" count="31" type="stmt"/>
        <line num="253" count="78" type="stmt"/>
        <line num="254" count="55" type="stmt"/>
      </file>
      <file name="statsFormatter.ts" path="E:\Programmierung\Worktrees\dev\src\utils\statsFormatter.ts">
        <metrics statements="23" coveredstatements="23" conditionals="20" coveredconditionals="20" methods="5" coveredmethods="5"/>
        <line num="1" count="6" type="stmt"/>
        <line num="2" count="6" type="stmt"/>
        <line num="3" count="6" type="stmt"/>
        <line num="22" count="6" type="stmt"/>
        <line num="27" count="25" type="stmt"/>
        <line num="28" count="25" type="stmt"/>
        <line num="30" count="25" type="stmt"/>
        <line num="75" count="103" type="stmt"/>
        <line num="84" count="25" type="stmt"/>
        <line num="95" count="6" type="stmt"/>
        <line num="100" count="21" type="stmt"/>
        <line num="102" count="21" type="cond" truecount="2" falsecount="0"/>
        <line num="108" count="21" type="stmt"/>
        <line num="129" count="21" type="cond" truecount="2" falsecount="0"/>
        <line num="130" count="19" type="stmt"/>
        <line num="133" count="71" type="stmt"/>
        <line num="134" count="71" type="stmt"/>
        <line num="138" count="19" type="stmt"/>
        <line num="145" count="21" type="cond" truecount="2" falsecount="0"/>
        <line num="146" count="19" type="stmt"/>
        <line num="150" count="64" type="stmt"/>
        <line num="156" count="21" type="stmt"/>
        <line num="158" count="21" type="stmt"/>
      </file>
      <file name="statusFormatter.ts" path="E:\Programmierung\Worktrees\dev\src\utils\statusFormatter.ts">
        <metrics statements="41" coveredstatements="41" conditionals="38" coveredconditionals="38" methods="3" coveredmethods="3"/>
        <line num="1" count="6" type="stmt"/>
        <line num="2" count="6" type="stmt"/>
        <line num="3" count="6" type="stmt"/>
        <line num="26" count="6" type="stmt"/>
        <line num="31" count="6" type="stmt"/>
        <line num="32" count="52" type="cond" truecount="2" falsecount="0"/>
        <line num="33" count="49" type="stmt"/>
        <line num="34" count="49" type="cond" truecount="2" falsecount="0"/>
        <line num="35" count="15" type="cond" truecount="2" falsecount="0"/>
        <line num="36" count="6" type="stmt"/>
        <line num="46" count="6" type="stmt"/>
        <line num="47" count="28" type="stmt"/>
        <line num="49" count="28" type="cond" truecount="2" falsecount="0"/>
        <line num="50" count="2" type="stmt"/>
        <line num="58" count="26" type="stmt"/>
        <line num="60" count="26" type="stmt"/>
        <line num="62" count="26" type="cond" truecount="2" falsecount="0"/>
        <line num="63" count="45" type="stmt"/>
        <line num="64" count="45" type="stmt"/>
        <line num="66" count="45" type="stmt"/>
        <line num="67" count="274" type="cond" truecount="2" falsecount="0"/>
        <line num="68" count="45" type="cond" truecount="2" falsecount="0"/>
        <line num="71" count="45" type="stmt"/>
        <line num="72" count="45" type="stmt"/>
        <line num="73" count="45" type="stmt"/>
        <line num="74" count="45" type="stmt"/>
        <line num="75" count="274" type="cond" truecount="4" falsecount="0"/>
        <line num="76" count="189" type="stmt"/>
        <line num="77" count="189" type="cond" truecount="2" falsecount="0"/>
        <line num="78" count="159" type="cond" truecount="2" falsecount="0"/>
        <line num="79" count="121" type="stmt"/>
        <line num="82" count="45" type="stmt"/>
        <line num="83" count="45" type="cond" truecount="2" falsecount="0"/>
        <line num="84" count="39" type="cond" truecount="4" falsecount="0"/>
        <line num="86" count="45" type="cond" truecount="2" falsecount="0"/>
        <line num="92" count="45" type="stmt"/>
        <line num="93" count="45" type="cond" truecount="2" falsecount="0"/>
        <line num="95" count="45" type="stmt"/>
        <line num="103" count="26" type="cond" truecount="2" falsecount="0"/>
        <line num="109" count="26" type="stmt"/>
        <line num="115" count="26" type="stmt"/>
      </file>
      <file name="timezoneHelper.ts" path="E:\Programmierung\Worktrees\dev\src\utils\timezoneHelper.ts">
        <metrics statements="13" coveredstatements="0" conditionals="8" coveredconditionals="0" methods="2" coveredmethods="0"/>
        <line num="5" count="0" type="stmt"/>
        <line num="62" count="0" type="stmt"/>
        <line num="63" count="0" type="cond" truecount="0" falsecount="2"/>
        <line num="66" count="0" type="cond" truecount="0" falsecount="2"/>
        <line num="67" count="0" type="stmt"/>
        <line num="71" count="0" type="stmt"/>
        <line num="72" count="0" type="cond" truecount="0" falsecount="2"/>
        <line num="73" count="0" type="stmt"/>
        <line num="76" count="0" type="stmt"/>
        <line num="82" count="0" type="stmt"/>
        <line num="83" count="0" type="cond" truecount="0" falsecount="2"/>
        <line num="84" count="0" type="stmt"/>
        <line num="86" count="0" type="stmt"/>
      </file>
      <file name="wowData.ts" path="E:\Programmierung\Worktrees\dev\src\utils\wowData.ts">
        <metrics statements="17" coveredstatements="15" conditionals="14" coveredconditionals="9" methods="4" coveredmethods="2"/>
        <line num="1" count="8" type="stmt"/>
        <line num="17" count="8" type="stmt"/>
        <line num="33" count="8" type="stmt"/>
        <line num="42" count="8" type="stmt"/>
        <line num="111" count="8" type="stmt"/>
        <line num="179" count="8" type="stmt"/>
        <line num="180" count="0" type="stmt"/>
        <line num="183" count="8" type="stmt"/>
        <line num="184" count="0" type="cond" truecount="0" falsecount="2"/>
        <line num="187" count="8" type="stmt"/>
        <line num="188" count="281" type="cond" truecount="4" falsecount="0"/>
        <line num="189" count="269" type="stmt"/>
        <line num="190" count="269" type="cond" truecount="1" falsecount="1"/>
        <line num="193" count="8" type="stmt"/>
        <line num="194" count="15" type="cond" truecount="3" falsecount="1"/>
        <line num="195" count="15" type="stmt"/>
        <line num="196" count="15" type="cond" truecount="1" falsecount="1"/>
      </file>
    </package>
  </project>
</coverage>
