{"E:\\Programmierung\\Worktrees\\feat-phase3\\src\\commands\\config.ts": {"path":"E:\\Programmierung\\Worktrees\\feat-phase3\\src\\commands\\config.ts","statementMap":{"0":{"start":{"line":1,"column":0},"end":{"line":1,"column":null}},"1":{"start":{"line":8,"column":0},"end":{"line":8,"column":40}},"2":{"start":{"line":11,"column":25},"end":{"line":115,"column":2}},"3":{"start":{"line":16,"column":6},"end":{"line":18,"column":60}},"4":{"start":{"line":21,"column":6},"end":{"line":28,"column":null}},"5":{"start":{"line":25,"column":10},"end":{"line":28,"column":30}},"6":{"start":{"line":32,"column":6},"end":{"line":39,"column":null}},"7":{"start":{"line":36,"column":10},"end":{"line":39,"column":30}},"8":{"start":{"line":43,"column":6},"end":{"line":54,"column":null}},"9":{"start":{"line":47,"column":10},"end":{"line":53,"column":null}},"10":{"start":{"line":58,"column":6},"end":{"line":67,"column":null}},"11":{"start":{"line":62,"column":10},"end":{"line":67,"column":28}},"12":{"start":{"line":71,"column":6},"end":{"line":78,"column":null}},"13":{"start":{"line":75,"column":10},"end":{"line":78,"column":30}},"14":{"start":{"line":82,"column":6},"end":{"line":89,"column":null}},"15":{"start":{"line":86,"column":10},"end":{"line":89,"column":30}},"16":{"start":{"line":95,"column":4},"end":{"line":95,"column":50}},"17":{"start":{"line":95,"column":43},"end":{"line":95,"column":50}},"18":{"start":{"line":97,"column":23},"end":{"line":97,"column":58}},"19":{"start":{"line":99,"column":4},"end":{"line":113,"column":5}},"20":{"start":{"line":100,"column":6},"end":{"line":100,"column":42}},"21":{"start":{"line":101,"column":11},"end":{"line":113,"column":5}},"22":{"start":{"line":102,"column":6},"end":{"line":102,"column":44}},"23":{"start":{"line":103,"column":11},"end":{"line":113,"column":5}},"24":{"start":{"line":104,"column":6},"end":{"line":104,"column":46}},"25":{"start":{"line":105,"column":11},"end":{"line":113,"column":5}},"26":{"start":{"line":106,"column":6},"end":{"line":106,"column":43}},"27":{"start":{"line":107,"column":11},"end":{"line":113,"column":5}},"28":{"start":{"line":108,"column":6},"end":{"line":108,"column":43}},"29":{"start":{"line":109,"column":11},"end":{"line":113,"column":5}},"30":{"start":{"line":110,"column":6},"end":{"line":110,"column":49}},"31":{"start":{"line":111,"column":11},"end":{"line":113,"column":5}},"32":{"start":{"line":112,"column":6},"end":{"line":112,"column":46}},"33":{"start":{"line":118,"column":2},"end":{"line":124,"column":3}},"34":{"start":{"line":119,"column":4},"end":{"line":122,"column":7}},"35":{"start":{"line":123,"column":4},"end":{"line":123,"column":11}},"36":{"start":{"line":126,"column":2},"end":{"line":126,"column":52}},"37":{"start":{"line":128,"column":20},"end":{"line":130,"column":4}},"38":{"start":{"line":132,"column":2},"end":{"line":137,"column":3}},"39":{"start":{"line":133,"column":4},"end":{"line":135,"column":7}},"40":{"start":{"line":136,"column":4},"end":{"line":136,"column":11}},"41":{"start":{"line":139,"column":20},"end":{"line":139,"column":59}},"42":{"start":{"line":140,"column":22},"end":{"line":140,"column":98}},"43":{"start":{"line":141,"column":19},"end":{"line":141,"column":79}},"44":{"start":{"line":142,"column":25},"end":{"line":142,"column":49}},"45":{"start":{"line":143,"column":26},"end":{"line":143,"column":96}},"46":{"start":{"line":144,"column":25},"end":{"line":144,"column":107}},"47":{"start":{"line":145,"column":28},"end":{"line":145,"column":78}},"48":{"start":{"line":147,"column":16},"end":{"line":183,"column":19}},"49":{"start":{"line":185,"column":2},"end":{"line":185,"column":51}},"50":{"start":{"line":189,"column":2},"end":{"line":195,"column":3}},"51":{"start":{"line":190,"column":4},"end":{"line":193,"column":7}},"52":{"start":{"line":194,"column":4},"end":{"line":194,"column":11}},"53":{"start":{"line":197,"column":2},"end":{"line":197,"column":52}},"54":{"start":{"line":199,"column":16},"end":{"line":199,"column":70}},"55":{"start":{"line":202,"column":23},"end":{"line":206,"column":14}},"56":{"start":{"line":204,"column":16},"end":{"line":204,"column":24}},"57":{"start":{"line":208,"column":2},"end":{"line":213,"column":3}},"58":{"start":{"line":209,"column":4},"end":{"line":211,"column":7}},"59":{"start":{"line":212,"column":4},"end":{"line":212,"column":11}},"60":{"start":{"line":216,"column":2},"end":{"line":225,"column":5}},"61":{"start":{"line":227,"column":2},"end":{"line":229,"column":5}},"62":{"start":{"line":233,"column":2},"end":{"line":239,"column":3}},"63":{"start":{"line":234,"column":4},"end":{"line":237,"column":7}},"64":{"start":{"line":238,"column":4},"end":{"line":238,"column":11}},"65":{"start":{"line":241,"column":2},"end":{"line":241,"column":52}},"66":{"start":{"line":243,"column":16},"end":{"line":243,"column":70}},"67":{"start":{"line":246,"column":23},"end":{"line":250,"column":14}},"68":{"start":{"line":248,"column":16},"end":{"line":248,"column":24}},"69":{"start":{"line":252,"column":2},"end":{"line":257,"column":3}},"70":{"start":{"line":253,"column":4},"end":{"line":255,"column":7}},"71":{"start":{"line":256,"column":4},"end":{"line":256,"column":11}},"72":{"start":{"line":260,"column":2},"end":{"line":269,"column":5}},"73":{"start":{"line":271,"column":2},"end":{"line":273,"column":5}},"74":{"start":{"line":277,"column":2},"end":{"line":283,"column":3}},"75":{"start":{"line":278,"column":4},"end":{"line":281,"column":7}},"76":{"start":{"line":282,"column":4},"end":{"line":282,"column":11}},"77":{"start":{"line":285,"column":2},"end":{"line":285,"column":52}},"78":{"start":{"line":287,"column":19},"end":{"line":287,"column":72}},"79":{"start":{"line":289,"column":2},"end":{"line":294,"column":3}},"80":{"start":{"line":290,"column":4},"end":{"line":292,"column":7}},"81":{"start":{"line":293,"column":4},"end":{"line":293,"column":11}},"82":{"start":{"line":297,"column":2},"end":{"line":307,"column":5}},"83":{"start":{"line":309,"column":23},"end":{"line":309,"column":73}},"84":{"start":{"line":310,"column":2},"end":{"line":312,"column":5}},"85":{"start":{"line":316,"column":2},"end":{"line":322,"column":3}},"86":{"start":{"line":317,"column":4},"end":{"line":320,"column":7}},"87":{"start":{"line":321,"column":4},"end":{"line":321,"column":11}},"88":{"start":{"line":324,"column":2},"end":{"line":324,"column":52}},"89":{"start":{"line":326,"column":17},"end":{"line":326,"column":72}},"90":{"start":{"line":328,"column":2},"end":{"line":333,"column":3}},"91":{"start":{"line":329,"column":4},"end":{"line":331,"column":7}},"92":{"start":{"line":332,"column":4},"end":{"line":332,"column":11}},"93":{"start":{"line":336,"column":2},"end":{"line":347,"column":5}},"94":{"start":{"line":349,"column":27},"end":{"line":349,"column":73}},"95":{"start":{"line":350,"column":3},"end":{"line":352,"column":6}},"96":{"start":{"line":356,"column":2},"end":{"line":362,"column":3}},"97":{"start":{"line":357,"column":4},"end":{"line":360,"column":7}},"98":{"start":{"line":361,"column":4},"end":{"line":361,"column":11}},"99":{"start":{"line":364,"column":2},"end":{"line":364,"column":52}},"100":{"start":{"line":366,"column":18},"end":{"line":366,"column":65}},"101":{"start":{"line":369,"column":26},"end":{"line":369,"column":52}},"102":{"start":{"line":370,"column":24},"end":{"line":370,"column":112}},"103":{"start":{"line":372,"column":2},"end":{"line":377,"column":3}},"104":{"start":{"line":373,"column":4},"end":{"line":375,"column":7}},"105":{"start":{"line":376,"column":4},"end":{"line":376,"column":11}},"106":{"start":{"line":380,"column":2},"end":{"line":390,"column":5}},"107":{"start":{"line":392,"column":2},"end":{"line":394,"column":5}},"108":{"start":{"line":398,"column":2},"end":{"line":404,"column":3}},"109":{"start":{"line":399,"column":4},"end":{"line":402,"column":7}},"110":{"start":{"line":403,"column":4},"end":{"line":403,"column":11}},"111":{"start":{"line":406,"column":2},"end":{"line":406,"column":52}},"112":{"start":{"line":408,"column":18},"end":{"line":408,"column":65}},"113":{"start":{"line":411,"column":20},"end":{"line":413,"column":4}},"114":{"start":{"line":415,"column":2},"end":{"line":420,"column":3}},"115":{"start":{"line":416,"column":4},"end":{"line":418,"column":7}},"116":{"start":{"line":419,"column":4},"end":{"line":419,"column":11}},"117":{"start":{"line":423,"column":2},"end":{"line":433,"column":5}},"118":{"start":{"line":435,"column":17},"end":{"line":435,"column":53}},"119":{"start":{"line":436,"column":2},"end":{"line":438,"column":5}},"120":{"start":{"line":441,"column":0},"end":{"line":441,"column":23}}},"fnMap":{"0":{"name":"(anonymous_10)","decl":{"start":{"line":15,"column":19},"end":{"line":15,"column":20}},"loc":{"start":{"line":16,"column":6},"end":{"line":18,"column":60}}},"1":{"name":"(anonymous_11)","decl":{"start":{"line":20,"column":19},"end":{"line":20,"column":20}},"loc":{"start":{"line":21,"column":6},"end":{"line":28,"column":null}}},"2":{"name":"(anonymous_12)","decl":{"start":{"line":24,"column":25},"end":{"line":24,"column":26}},"loc":{"start":{"line":25,"column":10},"end":{"line":28,"column":30}}},"3":{"name":"(anonymous_13)","decl":{"start":{"line":31,"column":19},"end":{"line":31,"column":20}},"loc":{"start":{"line":32,"column":6},"end":{"line":39,"column":null}}},"4":{"name":"(anonymous_14)","decl":{"start":{"line":35,"column":25},"end":{"line":35,"column":26}},"loc":{"start":{"line":36,"column":10},"end":{"line":39,"column":30}}},"5":{"name":"(anonymous_15)","decl":{"start":{"line":42,"column":19},"end":{"line":42,"column":20}},"loc":{"start":{"line":43,"column":6},"end":{"line":54,"column":null}}},"6":{"name":"(anonymous_16)","decl":{"start":{"line":46,"column":25},"end":{"line":46,"column":26}},"loc":{"start":{"line":47,"column":10},"end":{"line":53,"column":null}}},"7":{"name":"(anonymous_17)","decl":{"start":{"line":57,"column":19},"end":{"line":57,"column":20}},"loc":{"start":{"line":58,"column":6},"end":{"line":67,"column":null}}},"8":{"name":"(anonymous_18)","decl":{"start":{"line":61,"column":26},"end":{"line":61,"column":27}},"loc":{"start":{"line":62,"column":10},"end":{"line":67,"column":28}}},"9":{"name":"(anonymous_19)","decl":{"start":{"line":70,"column":19},"end":{"line":70,"column":20}},"loc":{"start":{"line":71,"column":6},"end":{"line":78,"column":null}}},"10":{"name":"(anonymous_20)","decl":{"start":{"line":74,"column":26},"end":{"line":74,"column":27}},"loc":{"start":{"line":75,"column":10},"end":{"line":78,"column":30}}},"11":{"name":"(anonymous_21)","decl":{"start":{"line":81,"column":19},"end":{"line":81,"column":20}},"loc":{"start":{"line":82,"column":6},"end":{"line":89,"column":null}}},"12":{"name":"(anonymous_22)","decl":{"start":{"line":85,"column":26},"end":{"line":85,"column":27}},"loc":{"start":{"line":86,"column":10},"end":{"line":89,"column":30}}},"13":{"name":"(anonymous_23)","decl":{"start":{"line":94,"column":2},"end":{"line":94,"column":7}},"loc":{"start":{"line":94,"column":47},"end":{"line":114,"column":3}}},"14":{"name":"handleViewConfig","decl":{"start":{"line":117,"column":15},"end":{"line":117,"column":31}},"loc":{"start":{"line":117,"column":72},"end":{"line":186,"column":1}}},"15":{"name":"handleSetRaidRoles","decl":{"start":{"line":188,"column":15},"end":{"line":188,"column":33}},"loc":{"start":{"line":188,"column":74},"end":{"line":230,"column":1}}},"16":{"name":"(anonymous_26)","decl":{"start":{"line":204,"column":9},"end":{"line":204,"column":10}},"loc":{"start":{"line":204,"column":16},"end":{"line":204,"column":24}}},"17":{"name":"handleSetLeaderRoles","decl":{"start":{"line":232,"column":15},"end":{"line":232,"column":35}},"loc":{"start":{"line":232,"column":76},"end":{"line":274,"column":1}}},"18":{"name":"(anonymous_28)","decl":{"start":{"line":248,"column":9},"end":{"line":248,"column":10}},"loc":{"start":{"line":248,"column":16},"end":{"line":248,"column":24}}},"19":{"name":"handleSetLanguage","decl":{"start":{"line":276,"column":15},"end":{"line":276,"column":32}},"loc":{"start":{"line":276,"column":73},"end":{"line":313,"column":1}}},"20":{"name":"handleSetTimezone","decl":{"start":{"line":315,"column":15},"end":{"line":315,"column":32}},"loc":{"start":{"line":315,"column":73},"end":{"line":353,"column":1}}},"21":{"name":"handleSetArchiveChannel","decl":{"start":{"line":355,"column":15},"end":{"line":355,"column":38}},"loc":{"start":{"line":355,"column":79},"end":{"line":395,"column":1}}},"22":{"name":"(anonymous_32)","decl":{"start":{"line":369,"column":26},"end":{"line":369,"column":39}},"loc":{"start":{"line":369,"column":26},"end":{"line":369,"column":52}}},"23":{"name":"handleSetAutoArchive","decl":{"start":{"line":397,"column":15},"end":{"line":397,"column":35}},"loc":{"start":{"line":397,"column":76},"end":{"line":439,"column":1}}}},"branchMap":{"0":{"loc":{"start":{"line":95,"column":4},"end":{"line":95,"column":50}},"type":"if","locations":[{"start":{"line":95,"column":4},"end":{"line":95,"column":50}},{"start":{},"end":{}}]},"1":{"loc":{"start":{"line":99,"column":4},"end":{"line":113,"column":5}},"type":"if","locations":[{"start":{"line":99,"column":4},"end":{"line":113,"column":5}},{"start":{"line":101,"column":11},"end":{"line":113,"column":5}}]},"2":{"loc":{"start":{"line":101,"column":11},"end":{"line":113,"column":5}},"type":"if","locations":[{"start":{"line":101,"column":11},"end":{"line":113,"column":5}},{"start":{"line":103,"column":11},"end":{"line":113,"column":5}}]},"3":{"loc":{"start":{"line":103,"column":11},"end":{"line":113,"column":5}},"type":"if","locations":[{"start":{"line":103,"column":11},"end":{"line":113,"column":5}},{"start":{"line":105,"column":11},"end":{"line":113,"column":5}}]},"4":{"loc":{"start":{"line":105,"column":11},"end":{"line":113,"column":5}},"type":"if","locations":[{"start":{"line":105,"column":11},"end":{"line":113,"column":5}},{"start":{"line":107,"column":11},"end":{"line":113,"column":5}}]},"5":{"loc":{"start":{"line":107,"column":11},"end":{"line":113,"column":5}},"type":"if","locations":[{"start":{"line":107,"column":11},"end":{"line":113,"column":5}},{"start":{"line":109,"column":11},"end":{"line":113,"column":5}}]},"6":{"loc":{"start":{"line":109,"column":11},"end":{"line":113,"column":5}},"type":"if","locations":[{"start":{"line":109,"column":11},"end":{"line":113,"column":5}},{"start":{"line":111,"column":11},"end":{"line":113,"column":5}}]},"7":{"loc":{"start":{"line":111,"column":11},"end":{"line":113,"column":5}},"type":"if","locations":[{"start":{"line":111,"column":11},"end":{"line":113,"column":5}},{"start":{},"end":{}}]},"8":{"loc":{"start":{"line":118,"column":2},"end":{"line":124,"column":3}},"type":"if","locations":[{"start":{"line":118,"column":2},"end":{"line":124,"column":3}},{"start":{},"end":{}}]},"9":{"loc":{"start":{"line":132,"column":2},"end":{"line":137,"column":3}},"type":"if","locations":[{"start":{"line":132,"column":2},"end":{"line":137,"column":3}},{"start":{},"end":{}}]},"10":{"loc":{"start":{"line":139,"column":20},"end":{"line":139,"column":59}},"type":"binary-expr","locations":[{"start":{"line":139,"column":20},"end":{"line":139,"column":39}},{"start":{"line":139,"column":43},"end":{"line":139,"column":59}}]},"11":{"loc":{"start":{"line":140,"column":22},"end":{"line":140,"column":98}},"type":"binary-expr","locations":[{"start":{"line":140,"column":22},"end":{"line":140,"column":47}},{"start":{"line":140,"column":51},"end":{"line":140,"column":98}}]},"12":{"loc":{"start":{"line":141,"column":19},"end":{"line":141,"column":79}},"type":"cond-expr","locations":[{"start":{"line":141,"column":49},"end":{"line":141,"column":67}},{"start":{"line":141,"column":70},"end":{"line":141,"column":79}}]},"13":{"loc":{"start":{"line":143,"column":26},"end":{"line":143,"column":96}},"type":"cond-expr","locations":[{"start":{"line":143,"column":48},"end":{"line":143,"column":71}},{"start":{"line":143,"column":74},"end":{"line":143,"column":96}}]},"14":{"loc":{"start":{"line":144,"column":25},"end":{"line":144,"column":107}},"type":"cond-expr","locations":[{"start":{"line":144,"column":54},"end":{"line":144,"column":88}},{"start":{"line":144,"column":91},"end":{"line":144,"column":107}}]},"15":{"loc":{"start":{"line":145,"column":28},"end":{"line":145,"column":78}},"type":"cond-expr","locations":[{"start":{"line":145,"column":52},"end":{"line":145,"column":63}},{"start":{"line":145,"column":66},"end":{"line":145,"column":78}}]},"16":{"loc":{"start":{"line":178,"column":52},"end":{"line":178,"column":104}},"type":"cond-expr","locations":[{"start":{"line":178,"column":76},"end":{"line":178,"column":91}},{"start":{"line":178,"column":94},"end":{"line":178,"column":104}}]},"17":{"loc":{"start":{"line":189,"column":2},"end":{"line":195,"column":3}},"type":"if","locations":[{"start":{"line":189,"column":2},"end":{"line":195,"column":3}},{"start":{},"end":{}}]},"18":{"loc":{"start":{"line":208,"column":2},"end":{"line":213,"column":3}},"type":"if","locations":[{"start":{"line":208,"column":2},"end":{"line":213,"column":3}},{"start":{},"end":{}}]},"19":{"loc":{"start":{"line":233,"column":2},"end":{"line":239,"column":3}},"type":"if","locations":[{"start":{"line":233,"column":2},"end":{"line":239,"column":3}},{"start":{},"end":{}}]},"20":{"loc":{"start":{"line":252,"column":2},"end":{"line":257,"column":3}},"type":"if","locations":[{"start":{"line":252,"column":2},"end":{"line":257,"column":3}},{"start":{},"end":{}}]},"21":{"loc":{"start":{"line":277,"column":2},"end":{"line":283,"column":3}},"type":"if","locations":[{"start":{"line":277,"column":2},"end":{"line":283,"column":3}},{"start":{},"end":{}}]},"22":{"loc":{"start":{"line":289,"column":2},"end":{"line":294,"column":3}},"type":"if","locations":[{"start":{"line":289,"column":2},"end":{"line":294,"column":3}},{"start":{},"end":{}}]},"23":{"loc":{"start":{"line":289,"column":6},"end":{"line":289,"column":44}},"type":"binary-expr","locations":[{"start":{"line":289,"column":6},"end":{"line":289,"column":23}},{"start":{"line":289,"column":27},"end":{"line":289,"column":44}}]},"24":{"loc":{"start":{"line":309,"column":23},"end":{"line":309,"column":73}},"type":"cond-expr","locations":[{"start":{"line":309,"column":43},"end":{"line":309,"column":61}},{"start":{"line":309,"column":64},"end":{"line":309,"column":73}}]},"25":{"loc":{"start":{"line":316,"column":2},"end":{"line":322,"column":3}},"type":"if","locations":[{"start":{"line":316,"column":2},"end":{"line":322,"column":3}},{"start":{},"end":{}}]},"26":{"loc":{"start":{"line":328,"column":2},"end":{"line":333,"column":3}},"type":"if","locations":[{"start":{"line":328,"column":2},"end":{"line":333,"column":3}},{"start":{},"end":{}}]},"27":{"loc":{"start":{"line":328,"column":6},"end":{"line":328,"column":33}},"type":"binary-expr","locations":[{"start":{"line":328,"column":6},"end":{"line":328,"column":18}},{"start":{"line":328,"column":22},"end":{"line":328,"column":33}}]},"28":{"loc":{"start":{"line":349,"column":27},"end":{"line":349,"column":73}},"type":"cond-expr","locations":[{"start":{"line":349,"column":41},"end":{"line":349,"column":56}},{"start":{"line":349,"column":59},"end":{"line":349,"column":73}}]},"29":{"loc":{"start":{"line":356,"column":2},"end":{"line":362,"column":3}},"type":"if","locations":[{"start":{"line":356,"column":2},"end":{"line":362,"column":3}},{"start":{},"end":{}}]},"30":{"loc":{"start":{"line":370,"column":24},"end":{"line":370,"column":112}},"type":"binary-expr","locations":[{"start":{"line":370,"column":24},"end":{"line":370,"column":62}},{"start":{"line":370,"column":66},"end":{"line":370,"column":112}}]},"31":{"loc":{"start":{"line":372,"column":2},"end":{"line":377,"column":3}},"type":"if","locations":[{"start":{"line":372,"column":2},"end":{"line":377,"column":3}},{"start":{},"end":{}}]},"32":{"loc":{"start":{"line":398,"column":2},"end":{"line":404,"column":3}},"type":"if","locations":[{"start":{"line":398,"column":2},"end":{"line":404,"column":3}},{"start":{},"end":{}}]},"33":{"loc":{"start":{"line":415,"column":2},"end":{"line":420,"column":3}},"type":"if","locations":[{"start":{"line":415,"column":2},"end":{"line":420,"column":3}},{"start":{},"end":{}}]},"34":{"loc":{"start":{"line":415,"column":6},"end":{"line":415,"column":45}},"type":"binary-expr","locations":[{"start":{"line":415,"column":6},"end":{"line":415,"column":13}},{"start":{"line":415,"column":17},"end":{"line":415,"column":45}}]},"35":{"loc":{"start":{"line":435,"column":17},"end":{"line":435,"column":53}},"type":"cond-expr","locations":[{"start":{"line":435,"column":27},"end":{"line":435,"column":38}},{"start":{"line":435,"column":41},"end":{"line":435,"column":53}}]},"36":{"loc":{"start":{"line":437,"column":49},"end":{"line":437,"column":81}},"type":"cond-expr","locations":[{"start":{"line":437,"column":59},"end":{"line":437,"column":68}},{"start":{"line":437,"column":71},"end":{"line":437,"column":81}}]},"37":{"loc":{"start":{"line":437,"column":100},"end":{"line":437,"column":139}},"type":"cond-expr","locations":[{"start":{"line":437,"column":110},"end":{"line":437,"column":128}},{"start":{"line":437,"column":131},"end":{"line":437,"column":139}}]}},"s":{"0":0,"1":0,"2":0,"3":0,"4":0,"5":0,"6":0,"7":0,"8":0,"9":0,"10":0,"11":0,"12":0,"13":0,"14":0,"15":0,"16":0,"17":0,"18":0,"19":0,"20":0,"21":0,"22":0,"23":0,"24":0,"25":0,"26":0,"27":0,"28":0,"29":0,"30":0,"31":0,"32":0,"33":0,"34":0,"35":0,"36":0,"37":0,"38":0,"39":0,"40":0,"41":0,"42":0,"43":0,"44":0,"45":0,"46":0,"47":0,"48":0,"49":0,"50":0,"51":0,"52":0,"53":0,"54":0,"55":0,"56":0,"57":0,"58":0,"59":0,"60":0,"61":0,"62":0,"63":0,"64":0,"65":0,"66":0,"67":0,"68":0,"69":0,"70":0,"71":0,"72":0,"73":0,"74":0,"75":0,"76":0,"77":0,"78":0,"79":0,"80":0,"81":0,"82":0,"83":0,"84":0,"85":0,"86":0,"87":0,"88":0,"89":0,"90":0,"91":0,"92":0,"93":0,"94":0,"95":0,"96":0,"97":0,"98":0,"99":0,"100":0,"101":0,"102":0,"103":0,"104":0,"105":0,"106":0,"107":0,"108":0,"109":0,"110":0,"111":0,"112":0,"113":0,"114":0,"115":0,"116":0,"117":0,"118":0,"119":0,"120":0},"f":{"0":0,"1":0,"2":0,"3":0,"4":0,"5":0,"6":0,"7":0,"8":0,"9":0,"10":0,"11":0,"12":0,"13":0,"14":0,"15":0,"16":0,"17":0,"18":0,"19":0,"20":0,"21":0,"22":0,"23":0},"b":{"0":[0,0],"1":[0,0],"2":[0,0],"3":[0,0],"4":[0,0],"5":[0,0],"6":[0,0],"7":[0,0],"8":[0,0],"9":[0,0],"10":[0,0],"11":[0,0],"12":[0,0],"13":[0,0],"14":[0,0],"15":[0,0],"16":[0,0],"17":[0,0],"18":[0,0],"19":[0,0],"20":[0,0],"21":[0,0],"22":[0,0],"23":[0,0],"24":[0,0],"25":[0,0],"26":[0,0],"27":[0,0],"28":[0,0],"29":[0,0],"30":[0,0],"31":[0,0],"32":[0,0],"33":[0,0],"34":[0,0],"35":[0,0],"36":[0,0],"37":[0,0]}}
,"E:\\Programmierung\\Worktrees\\feat-phase3\\src\\commands\\setup.ts": {"path":"E:\\Programmierung\\Worktrees\\feat-phase3\\src\\commands\\setup.ts","statementMap":{"0":{"start":{"line":1,"column":0},"end":{"line":1,"column":null}},"1":{"start":{"line":9,"column":0},"end":{"line":9,"column":40}},"2":{"start":{"line":12,"column":25},"end":{"line":22,"column":2}},"3":{"start":{"line":19,"column":4},"end":{"line":19,"column":50}},"4":{"start":{"line":19,"column":43},"end":{"line":19,"column":50}},"5":{"start":{"line":20,"column":4},"end":{"line":20,"column":35}},"6":{"start":{"line":25,"column":2},"end":{"line":31,"column":3}},"7":{"start":{"line":26,"column":4},"end":{"line":29,"column":7}},"8":{"start":{"line":30,"column":4},"end":{"line":30,"column":11}},"9":{"start":{"line":33,"column":2},"end":{"line":33,"column":52}},"10":{"start":{"line":36,"column":20},"end":{"line":38,"column":4}},"11":{"start":{"line":40,"column":20},"end":{"line":40,"column":60}},"12":{"start":{"line":41,"column":22},"end":{"line":41,"column":68}},"13":{"start":{"line":43,"column":21},"end":{"line":102,"column":19}},"14":{"start":{"line":104,"column":2},"end":{"line":104,"column":56}},"15":{"start":{"line":107,"column":0},"end":{"line":107,"column":23}}},"fnMap":{"0":{"name":"(anonymous_1)","decl":{"start":{"line":18,"column":2},"end":{"line":18,"column":7}},"loc":{"start":{"line":18,"column":47},"end":{"line":21,"column":3}}},"1":{"name":"handleSetup","decl":{"start":{"line":24,"column":15},"end":{"line":24,"column":26}},"loc":{"start":{"line":24,"column":67},"end":{"line":105,"column":1}}}},"branchMap":{"0":{"loc":{"start":{"line":19,"column":4},"end":{"line":19,"column":50}},"type":"if","locations":[{"start":{"line":19,"column":4},"end":{"line":19,"column":50}},{"start":{},"end":{}}]},"1":{"loc":{"start":{"line":25,"column":2},"end":{"line":31,"column":3}},"type":"if","locations":[{"start":{"line":25,"column":2},"end":{"line":31,"column":3}},{"start":{},"end":{}}]},"2":{"loc":{"start":{"line":40,"column":20},"end":{"line":40,"column":60}},"type":"binary-expr","locations":[{"start":{"line":40,"column":20},"end":{"line":40,"column":40}},{"start":{"line":40,"column":44},"end":{"line":40,"column":60}}]},"3":{"loc":{"start":{"line":41,"column":22},"end":{"line":41,"column":68}},"type":"binary-expr","locations":[{"start":{"line":41,"column":22},"end":{"line":41,"column":48}},{"start":{"line":41,"column":52},"end":{"line":41,"column":68}}]}},"s":{"0":0,"1":0,"2":0,"3":0,"4":0,"5":0,"6":0,"7":0,"8":0,"9":0,"10":0,"11":0,"12":0,"13":0,"14":0,"15":0},"f":{"0":0,"1":0},"b":{"0":[0,0],"1":[0,0],"2":[0,0],"3":[0,0]}}
,"E:\\Programmierung\\Worktrees\\feat-phase3\\src\\utils\\archiveFormatter.ts": {"path":"E:\\Programmierung\\Worktrees\\feat-phase3\\src\\utils\\archiveFormatter.ts","statementMap":{"0":{"start":{"line":14,"column":0},"end":{"line":14,"column":16}},"1":{"start":{"line":90,"column":0},"end":{"line":90,"column":16}},"2":{"start":{"line":1,"column":0},"end":{"line":1,"column":42}},"3":{"start":{"line":3,"column":0},"end":{"line":3,"column":52}},"4":{"start":{"line":20,"column":16},"end":{"line":20,"column":41}},"5":{"start":{"line":22,"column":16},"end":{"line":25,"column":29}},"6":{"start":{"line":28,"column":19},"end":{"line":28,"column":21}},"7":{"start":{"line":29,"column":2},"end":{"line":29,"column":82}},"8":{"start":{"line":29,"column":13},"end":{"line":29,"column":82}},"9":{"start":{"line":30,"column":2},"end":{"line":30,"column":112}},"10":{"start":{"line":30,"column":14},"end":{"line":30,"column":112}},"11":{"start":{"line":31,"column":2},"end":{"line":33,"column":3}},"12":{"start":{"line":32,"column":4},"end":{"line":32,"column":37}},"13":{"start":{"line":36,"column":2},"end":{"line":43,"column":3}},"14":{"start":{"line":37,"column":4},"end":{"line":41,"column":7}},"15":{"start":{"line":42,"column":4},"end":{"line":42,"column":17}},"16":{"start":{"line":46,"column":26},"end":{"line":46,"column":46}},"17":{"start":{"line":47,"column":3},"end":{"line":60,"column":4}},"18":{"start":{"line":48,"column":25},"end":{"line":48,"column":57}},"19":{"start":{"line":50,"column":7},"end":{"line":53,"column":64}},"20":{"start":{"line":55,"column":5},"end":{"line":59,"column":8}},"21":{"start":{"line":63,"column":3},"end":{"line":76,"column":5}},"22":{"start":{"line":64,"column":5},"end":{"line":66,"column":8}},"23":{"start":{"line":70,"column":20},"end":{"line":70,"column":34}},"24":{"start":{"line":71,"column":6},"end":{"line":75,"column":9}},"25":{"start":{"line":78,"column":2},"end":{"line":78,"column":15}},"26":{"start":{"line":96,"column":17},"end":{"line":96,"column":42}},"27":{"start":{"line":98,"column":3},"end":{"line":105,"column":31}},"28":{"start":{"line":112,"column":44},"end":{"line":117,"column":4}},"29":{"start":{"line":119,"column":2},"end":{"line":119,"column":37}}},"fnMap":{"0":{"name":"formatArchiveSearchEmbed","decl":{"start":{"line":14,"column":16},"end":{"line":14,"column":40}},"loc":{"start":{"line":18,"column":18},"end":{"line":79,"column":1}}},"1":{"name":"formatArchiveNotificationEmbed","decl":{"start":{"line":90,"column":16},"end":{"line":90,"column":46}},"loc":{"start":{"line":94,"column":19},"end":{"line":106,"column":1}}},"2":{"name":"formatPeriodLabel","decl":{"start":{"line":111,"column":9},"end":{"line":111,"column":26}},"loc":{"start":{"line":111,"column":59},"end":{"line":120,"column":1}}}},"branchMap":{"0":{"loc":{"start":{"line":29,"column":2},"end":{"line":29,"column":82}},"type":"if","locations":[{"start":{"line":29,"column":2},"end":{"line":29,"column":82}},{"start":{},"end":{}}]},"1":{"loc":{"start":{"line":30,"column":2},"end":{"line":30,"column":112}},"type":"if","locations":[{"start":{"line":30,"column":2},"end":{"line":30,"column":112}},{"start":{},"end":{}}]},"2":{"loc":{"start":{"line":31,"column":2},"end":{"line":33,"column":3}},"type":"if","locations":[{"start":{"line":31,"column":2},"end":{"line":33,"column":3}},{"start":{},"end":{}}]},"3":{"loc":{"start":{"line":36,"column":2},"end":{"line":43,"column":3}},"type":"if","locations":[{"start":{"line":36,"column":2},"end":{"line":43,"column":3}},{"start":{},"end":{}}]},"4":{"loc":{"start":{"line":52,"column":53},"end":{"line":52,"column":73}},"type":"binary-expr","locations":[{"start":{"line":52,"column":53},"end":{"line":52,"column":64}},{"start":{"line":52,"column":68},"end":{"line":52,"column":73}}]},"5":{"loc":{"start":{"line":56,"column":13},"end":{"line":56,"column":47}},"type":"binary-expr","locations":[{"start":{"line":56,"column":13},"end":{"line":56,"column":29}},{"start":{"line":56,"column":33},"end":{"line":56,"column":47}}]},"6":{"loc":{"start":{"line":63,"column":3},"end":{"line":76,"column":5}},"type":"if","locations":[{"start":{"line":63,"column":3},"end":{"line":76,"column":5}},{"start":{"line":67,"column":11},"end":{"line":76,"column":5}}]},"7":{"loc":{"start":{"line":72,"column":14},"end":{"line":74,"column":73}},"type":"cond-expr","locations":[{"start":{"line":73,"column":12},"end":{"line":73,"column":52}},{"start":{"line":74,"column":12},"end":{"line":74,"column":73}}]},"8":{"loc":{"start":{"line":113,"column":9},"end":{"line":113,"column":60}},"type":"cond-expr","locations":[{"start":{"line":113,"column":29},"end":{"line":113,"column":44}},{"start":{"line":113,"column":47},"end":{"line":113,"column":60}}]},"9":{"loc":{"start":{"line":114,"column":10},"end":{"line":114,"column":63}},"type":"cond-expr","locations":[{"start":{"line":114,"column":30},"end":{"line":114,"column":46}},{"start":{"line":114,"column":49},"end":{"line":114,"column":63}}]},"10":{"loc":{"start":{"line":115,"column":10},"end":{"line":115,"column":63}},"type":"cond-expr","locations":[{"start":{"line":115,"column":30},"end":{"line":115,"column":46}},{"start":{"line":115,"column":49},"end":{"line":115,"column":63}}]},"11":{"loc":{"start":{"line":116,"column":11},"end":{"line":116,"column":52}},"type":"cond-expr","locations":[{"start":{"line":116,"column":31},"end":{"line":116,"column":39}},{"start":{"line":116,"column":42},"end":{"line":116,"column":52}}]},"12":{"loc":{"start":{"line":119,"column":9},"end":{"line":119,"column":36}},"type":"binary-expr","locations":[{"start":{"line":119,"column":9},"end":{"line":119,"column":26}},{"start":{"line":119,"column":30},"end":{"line":119,"column":36}}]}},"s":{"0":0,"1":0,"2":0,"3":0,"4":0,"5":0,"6":0,"7":0,"8":0,"9":0,"10":0,"11":0,"12":0,"13":0,"14":0,"15":0,"16":0,"17":0,"18":0,"19":0,"20":0,"21":0,"22":0,"23":0,"24":0,"25":0,"26":0,"27":0,"28":0,"29":0},"f":{"0":0,"1":0,"2":0},"b":{"0":[0,0],"1":[0,0],"2":[0,0],"3":[0,0],"4":[0,0],"5":[0,0],"6":[0,0],"7":[0,0],"8":[0,0],"9":[0,0],"10":[0,0],"11":[0,0],"12":[0,0]}}
,"E:\\Programmierung\\Worktrees\\feat-phase3\\src\\utils\\archiveManager.ts": {"path":"E:\\Programmierung\\Worktrees\\feat-phase3\\src\\utils\\archiveManager.ts","statementMap":{"0":{"start":{"line":37,"column":0},"end":{"line":37,"column":7}},"1":{"start":{"line":134,"column":0},"end":{"line":134,"column":7}},"2":{"start":{"line":211,"column":0},"end":{"line":211,"column":7}},"3":{"start":{"line":238,"column":0},"end":{"line":238,"column":7}},"4":{"start":{"line":266,"column":0},"end":{"line":266,"column":7}},"5":{"start":{"line":358,"column":0},"end":{"line":358,"column":7}},"6":{"start":{"line":1,"column":0},"end":{"line":1,"column":76}},"7":{"start":{"line":2,"column":0},"end":{"line":2,"column":40}},"8":{"start":{"line":43,"column":16},"end":{"line":45,"column":4}},"9":{"start":{"line":47,"column":2},"end":{"line":49,"column":3}},"10":{"start":{"line":48,"column":4},"end":{"line":48,"column":107}},"11":{"start":{"line":52,"column":15},"end":{"line":57,"column":4}},"12":{"start":{"line":59,"column":2},"end":{"line":61,"column":3}},"13":{"start":{"line":60,"column":4},"end":{"line":60,"column":49}},"14":{"start":{"line":63,"column":2},"end":{"line":65,"column":3}},"15":{"start":{"line":64,"column":4},"end":{"line":64,"column":92}},"16":{"start":{"line":68,"column":26},"end":{"line":68,"column":87}},"17":{"start":{"line":68,"column":82},"end":{"line":68,"column":86}},"18":{"start":{"line":69,"column":25},"end":{"line":69,"column":94}},"19":{"start":{"line":69,"column":89},"end":{"line":69,"column":93}},"20":{"start":{"line":71,"column":2},"end":{"line":73,"column":3}},"21":{"start":{"line":72,"column":4},"end":{"line":72,"column":69}},"22":{"start":{"line":75,"column":24},"end":{"line":75,"column":28}},"23":{"start":{"line":76,"column":2},"end":{"line":78,"column":3}},"24":{"start":{"line":77,"column":4},"end":{"line":77,"column":93}},"25":{"start":{"line":77,"column":87},"end":{"line":77,"column":91}},"26":{"start":{"line":81,"column":23},"end":{"line":98,"column":29}},"27":{"start":{"line":93,"column":47},"end":{"line":93,"column":94}},"28":{"start":{"line":101,"column":25},"end":{"line":101,"column":78}},"29":{"start":{"line":104,"column":2},"end":{"line":112,"column":5}},"30":{"start":{"line":115,"column":2},"end":{"line":122,"column":3}},"31":{"start":{"line":116,"column":4},"end":{"line":121,"column":5}},"32":{"start":{"line":117,"column":6},"end":{"line":117,"column":37}},"33":{"start":{"line":120,"column":6},"end":{"line":120,"column":65}},"34":{"start":{"line":124,"column":2},"end":{"line":124,"column":27}},"35":{"start":{"line":139,"column":15},"end":{"line":144,"column":4}},"36":{"start":{"line":146,"column":2},"end":{"line":148,"column":3}},"37":{"start":{"line":147,"column":4},"end":{"line":147,"column":49}},"38":{"start":{"line":150,"column":2},"end":{"line":152,"column":3}},"39":{"start":{"line":151,"column":4},"end":{"line":151,"column":94}},"40":{"start":{"line":154,"column":2},"end":{"line":156,"column":3}},"41":{"start":{"line":155,"column":4},"end":{"line":155,"column":55}},"42":{"start":{"line":159,"column":23},"end":{"line":159,"column":27}},"43":{"start":{"line":160,"column":2},"end":{"line":165,"column":3}},"44":{"start":{"line":161,"column":27},"end":{"line":161,"column":95}},"45":{"start":{"line":161,"column":90},"end":{"line":161,"column":94}},"46":{"start":{"line":162,"column":5},"end":{"line":164,"column":6}},"47":{"start":{"line":163,"column":7},"end":{"line":163,"column":101}},"48":{"start":{"line":163,"column":95},"end":{"line":163,"column":99}},"49":{"start":{"line":168,"column":26},"end":{"line":168,"column":87}},"50":{"start":{"line":168,"column":82},"end":{"line":168,"column":86}},"51":{"start":{"line":169,"column":3},"end":{"line":171,"column":4}},"52":{"start":{"line":170,"column":5},"end":{"line":170,"column":71}},"53":{"start":{"line":174,"column":23},"end":{"line":178,"column":29}},"54":{"start":{"line":180,"column":21},"end":{"line":180,"column":75}},"55":{"start":{"line":183,"column":2},"end":{"line":192,"column":5}},"56":{"start":{"line":195,"column":2},"end":{"line":201,"column":3}},"57":{"start":{"line":196,"column":4},"end":{"line":200,"column":5}},"58":{"start":{"line":197,"column":6},"end":{"line":197,"column":36}},"59":{"start":{"line":199,"column":6},"end":{"line":199,"column":64}},"60":{"start":{"line":215,"column":16},"end":{"line":217,"column":4}},"61":{"start":{"line":219,"column":2},"end":{"line":221,"column":3}},"62":{"start":{"line":220,"column":4},"end":{"line":220,"column":92}},"63":{"start":{"line":223,"column":18},"end":{"line":223,"column":87}},"64":{"start":{"line":223,"column":82},"end":{"line":223,"column":86}},"65":{"start":{"line":224,"column":2},"end":{"line":226,"column":3}},"66":{"start":{"line":225,"column":4},"end":{"line":225,"column":69}},"67":{"start":{"line":228,"column":2},"end":{"line":228,"column":17}},"68":{"start":{"line":244,"column":18},"end":{"line":244,"column":74}},"69":{"start":{"line":244,"column":69},"end":{"line":244,"column":73}},"70":{"start":{"line":245,"column":2},"end":{"line":247,"column":3}},"71":{"start":{"line":246,"column":4},"end":{"line":246,"column":61}},"72":{"start":{"line":250,"column":2},"end":{"line":255,"column":5}},"73":{"start":{"line":270,"column":49},"end":{"line":270,"column":56}},"74":{"start":{"line":273,"column":21},"end":{"line":278,"column":4}},"75":{"start":{"line":281,"column":2},"end":{"line":289,"column":3}},"76":{"start":{"line":282,"column":4},"end":{"line":282,"column":24}},"77":{"start":{"line":283,"column":4},"end":{"line":285,"column":5}},"78":{"start":{"line":284,"column":6},"end":{"line":284,"column":37}},"79":{"start":{"line":286,"column":4},"end":{"line":288,"column":5}},"80":{"start":{"line":287,"column":6},"end":{"line":287,"column":35}},"81":{"start":{"line":293,"column":2},"end":{"line":312,"column":3}},"82":{"start":{"line":294,"column":4},"end":{"line":311,"column":6}},"83":{"start":{"line":316,"column":14},"end":{"line":330,"column":4}},"84":{"start":{"line":333,"column":2},"end":{"line":351,"column":5}},"85":{"start":{"line":334,"column":26},"end":{"line":334,"column":109}},"86":{"start":{"line":334,"column":54},"end":{"line":334,"column":101}},"87":{"start":{"line":335,"column":25},"end":{"line":335,"column":47}},"88":{"start":{"line":337,"column":4},"end":{"line":350,"column":6}},"89":{"start":{"line":345,"column":21},"end":{"line":345,"column":68}},"90":{"start":{"line":347,"column":18},"end":{"line":347,"column":28}},"91":{"start":{"line":360,"column":25},"end":{"line":365,"column":5}},"92":{"start":{"line":368,"column":25},"end":{"line":368,"column":35}},"93":{"start":{"line":369,"column":3},"end":{"line":369,"column":55}},"94":{"start":{"line":371,"column":26},"end":{"line":379,"column":5}},"95":{"start":{"line":381,"column":3},"end":{"line":384,"column":5}}},"fnMap":{"0":{"name":"archiveRaid","decl":{"start":{"line":37,"column":22},"end":{"line":37,"column":33}},"loc":{"start":{"line":40,"column":16},"end":{"line":125,"column":1}}},"1":{"name":"(anonymous_2)","decl":{"start":{"line":68,"column":76},"end":{"line":68,"column":79}},"loc":{"start":{"line":68,"column":82},"end":{"line":68,"column":86}}},"2":{"name":"(anonymous_3)","decl":{"start":{"line":69,"column":83},"end":{"line":69,"column":86}},"loc":{"start":{"line":69,"column":89},"end":{"line":69,"column":93}}},"3":{"name":"(anonymous_4)","decl":{"start":{"line":77,"column":81},"end":{"line":77,"column":84}},"loc":{"start":{"line":77,"column":87},"end":{"line":77,"column":91}}},"4":{"name":"(anonymous_5)","decl":{"start":{"line":93,"column":42},"end":{"line":93,"column":43}},"loc":{"start":{"line":93,"column":47},"end":{"line":93,"column":94}}},"5":{"name":"unarchiveRaid","decl":{"start":{"line":134,"column":22},"end":{"line":134,"column":35}},"loc":{"start":{"line":137,"column":16},"end":{"line":202,"column":1}}},"6":{"name":"(anonymous_7)","decl":{"start":{"line":161,"column":84},"end":{"line":161,"column":87}},"loc":{"start":{"line":161,"column":90},"end":{"line":161,"column":94}}},"7":{"name":"(anonymous_8)","decl":{"start":{"line":163,"column":89},"end":{"line":163,"column":92}},"loc":{"start":{"line":163,"column":95},"end":{"line":163,"column":99}}},"8":{"name":"(anonymous_9)","decl":{"start":{"line":168,"column":76},"end":{"line":168,"column":79}},"loc":{"start":{"line":168,"column":82},"end":{"line":168,"column":86}}},"9":{"name":"getArchiveChannel","decl":{"start":{"line":211,"column":22},"end":{"line":211,"column":39}},"loc":{"start":{"line":213,"column":16},"end":{"line":229,"column":1}}},"10":{"name":"(anonymous_11)","decl":{"start":{"line":223,"column":76},"end":{"line":223,"column":79}},"loc":{"start":{"line":223,"column":82},"end":{"line":223,"column":86}}},"11":{"name":"setupArchiveChannel","decl":{"start":{"line":238,"column":22},"end":{"line":238,"column":41}},"loc":{"start":{"line":241,"column":16},"end":{"line":256,"column":1}}},"12":{"name":"(anonymous_13)","decl":{"start":{"line":244,"column":63},"end":{"line":244,"column":66}},"loc":{"start":{"line":244,"column":69},"end":{"line":244,"column":73}}},"13":{"name":"searchArchive","decl":{"start":{"line":266,"column":22},"end":{"line":266,"column":35}},"loc":{"start":{"line":268,"column":23},"end":{"line":352,"column":1}}},"14":{"name":"(anonymous_15)","decl":{"start":{"line":333,"column":19},"end":{"line":333,"column":23}},"loc":{"start":{"line":333,"column":26},"end":{"line":351,"column":3}}},"15":{"name":"(anonymous_16)","decl":{"start":{"line":334,"column":49},"end":{"line":334,"column":50}},"loc":{"start":{"line":334,"column":54},"end":{"line":334,"column":101}}},"16":{"name":"(anonymous_17)","decl":{"start":{"line":345,"column":16},"end":{"line":345,"column":17}},"loc":{"start":{"line":345,"column":21},"end":{"line":345,"column":68}}},"17":{"name":"(anonymous_18)","decl":{"start":{"line":347,"column":13},"end":{"line":347,"column":14}},"loc":{"start":{"line":347,"column":18},"end":{"line":347,"column":28}}},"18":{"name":"getArchiveStats","decl":{"start":{"line":358,"column":22},"end":{"line":358,"column":37}},"loc":{"start":{"line":358,"column":53},"end":{"line":385,"column":1}}}},"branchMap":{"0":{"loc":{"start":{"line":47,"column":2},"end":{"line":49,"column":3}},"type":"if","locations":[{"start":{"line":47,"column":2},"end":{"line":49,"column":3}},{"start":{},"end":{}}]},"1":{"loc":{"start":{"line":47,"column":6},"end":{"line":47,"column":39}},"type":"binary-expr","locations":[{"start":{"line":47,"column":6},"end":{"line":47,"column":12}},{"start":{"line":47,"column":16},"end":{"line":47,"column":39}}]},"2":{"loc":{"start":{"line":59,"column":2},"end":{"line":61,"column":3}},"type":"if","locations":[{"start":{"line":59,"column":2},"end":{"line":61,"column":3}},{"start":{},"end":{}}]},"3":{"loc":{"start":{"line":63,"column":2},"end":{"line":65,"column":3}},"type":"if","locations":[{"start":{"line":63,"column":2},"end":{"line":65,"column":3}},{"start":{},"end":{}}]},"4":{"loc":{"start":{"line":71,"column":2},"end":{"line":73,"column":3}},"type":"if","locations":[{"start":{"line":71,"column":2},"end":{"line":73,"column":3}},{"start":{},"end":{}}]},"5":{"loc":{"start":{"line":71,"column":6},"end":{"line":71,"column":106}},"type":"binary-expr","locations":[{"start":{"line":71,"column":6},"end":{"line":71,"column":21}},{"start":{"line":71,"column":25},"end":{"line":71,"column":106}}]},"6":{"loc":{"start":{"line":71,"column":27},"end":{"line":71,"column":105}},"type":"binary-expr","locations":[{"start":{"line":71,"column":27},"end":{"line":71,"column":64}},{"start":{"line":71,"column":68},"end":{"line":71,"column":105}}]},"7":{"loc":{"start":{"line":76,"column":2},"end":{"line":78,"column":3}},"type":"if","locations":[{"start":{"line":76,"column":2},"end":{"line":78,"column":3}},{"start":{},"end":{}}]},"8":{"loc":{"start":{"line":76,"column":6},"end":{"line":76,"column":106}},"type":"binary-expr","locations":[{"start":{"line":76,"column":6},"end":{"line":76,"column":20}},{"start":{"line":76,"column":25},"end":{"line":76,"column":63}},{"start":{"line":76,"column":67},"end":{"line":76,"column":105}}]},"9":{"loc":{"start":{"line":83,"column":30},"end":{"line":83,"column":56}},"type":"binary-expr","locations":[{"start":{"line":83,"column":30},"end":{"line":83,"column":46}},{"start":{"line":83,"column":50},"end":{"line":83,"column":56}}]},"10":{"loc":{"start":{"line":93,"column":47},"end":{"line":93,"column":94}},"type":"binary-expr","locations":[{"start":{"line":93,"column":47},"end":{"line":93,"column":71}},{"start":{"line":93,"column":75},"end":{"line":93,"column":94}}]},"11":{"loc":{"start":{"line":115,"column":2},"end":{"line":122,"column":3}},"type":"if","locations":[{"start":{"line":115,"column":2},"end":{"line":122,"column":3}},{"start":{},"end":{}}]},"12":{"loc":{"start":{"line":146,"column":2},"end":{"line":148,"column":3}},"type":"if","locations":[{"start":{"line":146,"column":2},"end":{"line":148,"column":3}},{"start":{},"end":{}}]},"13":{"loc":{"start":{"line":150,"column":2},"end":{"line":152,"column":3}},"type":"if","locations":[{"start":{"line":150,"column":2},"end":{"line":152,"column":3}},{"start":{},"end":{}}]},"14":{"loc":{"start":{"line":154,"column":2},"end":{"line":156,"column":3}},"type":"if","locations":[{"start":{"line":154,"column":2},"end":{"line":156,"column":3}},{"start":{},"end":{}}]},"15":{"loc":{"start":{"line":160,"column":2},"end":{"line":165,"column":3}},"type":"if","locations":[{"start":{"line":160,"column":2},"end":{"line":165,"column":3}},{"start":{},"end":{}}]},"16":{"loc":{"start":{"line":160,"column":6},"end":{"line":160,"column":52}},"type":"binary-expr","locations":[{"start":{"line":160,"column":6},"end":{"line":160,"column":27}},{"start":{"line":160,"column":31},"end":{"line":160,"column":52}}]},"17":{"loc":{"start":{"line":162,"column":5},"end":{"line":164,"column":6}},"type":"if","locations":[{"start":{"line":162,"column":5},"end":{"line":164,"column":6}},{"start":{},"end":{}}]},"18":{"loc":{"start":{"line":162,"column":9},"end":{"line":162,"column":87}},"type":"binary-expr","locations":[{"start":{"line":162,"column":9},"end":{"line":162,"column":46}},{"start":{"line":162,"column":50},"end":{"line":162,"column":87}}]},"19":{"loc":{"start":{"line":169,"column":3},"end":{"line":171,"column":4}},"type":"if","locations":[{"start":{"line":169,"column":3},"end":{"line":171,"column":4}},{"start":{},"end":{}}]},"20":{"loc":{"start":{"line":169,"column":7},"end":{"line":169,"column":110}},"type":"binary-expr","locations":[{"start":{"line":169,"column":7},"end":{"line":169,"column":23}},{"start":{"line":169,"column":27},"end":{"line":169,"column":110}}]},"21":{"loc":{"start":{"line":169,"column":29},"end":{"line":169,"column":109}},"type":"binary-expr","locations":[{"start":{"line":169,"column":29},"end":{"line":169,"column":67}},{"start":{"line":169,"column":71},"end":{"line":169,"column":109}}]},"22":{"loc":{"start":{"line":177,"column":23},"end":{"line":177,"column":49}},"type":"binary-expr","locations":[{"start":{"line":177,"column":23},"end":{"line":177,"column":39}},{"start":{"line":177,"column":43},"end":{"line":177,"column":49}}]},"23":{"loc":{"start":{"line":195,"column":2},"end":{"line":201,"column":3}},"type":"if","locations":[{"start":{"line":195,"column":2},"end":{"line":201,"column":3}},{"start":{},"end":{}}]},"24":{"loc":{"start":{"line":219,"column":2},"end":{"line":221,"column":3}},"type":"if","locations":[{"start":{"line":219,"column":2},"end":{"line":221,"column":3}},{"start":{},"end":{}}]},"25":{"loc":{"start":{"line":219,"column":6},"end":{"line":219,"column":39}},"type":"binary-expr","locations":[{"start":{"line":219,"column":6},"end":{"line":219,"column":12}},{"start":{"line":219,"column":16},"end":{"line":219,"column":39}}]},"26":{"loc":{"start":{"line":224,"column":2},"end":{"line":226,"column":3}},"type":"if","locations":[{"start":{"line":224,"column":2},"end":{"line":226,"column":3}},{"start":{},"end":{}}]},"27":{"loc":{"start":{"line":224,"column":6},"end":{"line":224,"column":85}},"type":"binary-expr","locations":[{"start":{"line":224,"column":6},"end":{"line":224,"column":14}},{"start":{"line":224,"column":18},"end":{"line":224,"column":85}}]},"28":{"loc":{"start":{"line":224,"column":20},"end":{"line":224,"column":84}},"type":"binary-expr","locations":[{"start":{"line":224,"column":20},"end":{"line":224,"column":50}},{"start":{"line":224,"column":54},"end":{"line":224,"column":84}}]},"29":{"loc":{"start":{"line":245,"column":2},"end":{"line":247,"column":3}},"type":"if","locations":[{"start":{"line":245,"column":2},"end":{"line":247,"column":3}},{"start":{},"end":{}}]},"30":{"loc":{"start":{"line":245,"column":6},"end":{"line":245,"column":85}},"type":"binary-expr","locations":[{"start":{"line":245,"column":6},"end":{"line":245,"column":14}},{"start":{"line":245,"column":18},"end":{"line":245,"column":85}}]},"31":{"loc":{"start":{"line":245,"column":20},"end":{"line":245,"column":84}},"type":"binary-expr","locations":[{"start":{"line":245,"column":20},"end":{"line":245,"column":50}},{"start":{"line":245,"column":54},"end":{"line":245,"column":84}}]},"32":{"loc":{"start":{"line":268,"column":2},"end":{"line":268,"column":23}},"type":"default-arg","locations":[{"start":{"line":268,"column":21},"end":{"line":268,"column":23}}]},"33":{"loc":{"start":{"line":281,"column":2},"end":{"line":289,"column":3}},"type":"if","locations":[{"start":{"line":281,"column":2},"end":{"line":289,"column":3}},{"start":{},"end":{}}]},"34":{"loc":{"start":{"line":281,"column":6},"end":{"line":281,"column":26}},"type":"binary-expr","locations":[{"start":{"line":281,"column":6},"end":{"line":281,"column":15}},{"start":{"line":281,"column":19},"end":{"line":281,"column":26}}]},"35":{"loc":{"start":{"line":283,"column":4},"end":{"line":285,"column":5}},"type":"if","locations":[{"start":{"line":283,"column":4},"end":{"line":285,"column":5}},{"start":{},"end":{}}]},"36":{"loc":{"start":{"line":286,"column":4},"end":{"line":288,"column":5}},"type":"if","locations":[{"start":{"line":286,"column":4},"end":{"line":288,"column":5}},{"start":{},"end":{}}]},"37":{"loc":{"start":{"line":293,"column":2},"end":{"line":312,"column":3}},"type":"if","locations":[{"start":{"line":293,"column":2},"end":{"line":312,"column":3}},{"start":{},"end":{}}]},"38":{"loc":{"start":{"line":293,"column":6},"end":{"line":293,"column":27}},"type":"binary-expr","locations":[{"start":{"line":293,"column":6},"end":{"line":293,"column":11}},{"start":{"line":293,"column":15},"end":{"line":293,"column":27}}]},"39":{"loc":{"start":{"line":334,"column":54},"end":{"line":334,"column":101}},"type":"binary-expr","locations":[{"start":{"line":334,"column":54},"end":{"line":334,"column":78}},{"start":{"line":334,"column":82},"end":{"line":334,"column":101}}]},"40":{"loc":{"start":{"line":343,"column":25},"end":{"line":343,"column":96}},"type":"cond-expr","locations":[{"start":{"line":343,"column":44},"end":{"line":343,"column":92}},{"start":{"line":343,"column":95},"end":{"line":343,"column":96}}]},"41":{"loc":{"start":{"line":345,"column":21},"end":{"line":345,"column":68}},"type":"binary-expr","locations":[{"start":{"line":345,"column":21},"end":{"line":345,"column":45}},{"start":{"line":345,"column":49},"end":{"line":345,"column":68}}]}},"s":{"0":0,"1":0,"2":0,"3":0,"4":0,"5":0,"6":0,"7":0,"8":0,"9":0,"10":0,"11":0,"12":0,"13":0,"14":0,"15":0,"16":0,"17":0,"18":0,"19":0,"20":0,"21":0,"22":0,"23":0,"24":0,"25":0,"26":0,"27":0,"28":0,"29":0,"30":0,"31":0,"32":0,"33":0,"34":0,"35":0,"36":0,"37":0,"38":0,"39":0,"40":0,"41":0,"42":0,"43":0,"44":0,"45":0,"46":0,"47":0,"48":0,"49":0,"50":0,"51":0,"52":0,"53":0,"54":0,"55":0,"56":0,"57":0,"58":0,"59":0,"60":0,"61":0,"62":0,"63":0,"64":0,"65":0,"66":0,"67":0,"68":0,"69":0,"70":0,"71":0,"72":0,"73":0,"74":0,"75":0,"76":0,"77":0,"78":0,"79":0,"80":0,"81":0,"82":0,"83":0,"84":0,"85":0,"86":0,"87":0,"88":0,"89":0,"90":0,"91":0,"92":0,"93":0,"94":0,"95":0},"f":{"0":0,"1":0,"2":0,"3":0,"4":0,"5":0,"6":0,"7":0,"8":0,"9":0,"10":0,"11":0,"12":0,"13":0,"14":0,"15":0,"16":0,"17":0,"18":0},"b":{"0":[0,0],"1":[0,0],"2":[0,0],"3":[0,0],"4":[0,0],"5":[0,0],"6":[0,0],"7":[0,0],"8":[0,0,0],"9":[0,0],"10":[0,0],"11":[0,0],"12":[0,0],"13":[0,0],"14":[0,0],"15":[0,0],"16":[0,0],"17":[0,0],"18":[0,0],"19":[0,0],"20":[0,0],"21":[0,0],"22":[0,0],"23":[0,0],"24":[0,0],"25":[0,0],"26":[0,0],"27":[0,0],"28":[0,0],"29":[0,0],"30":[0,0],"31":[0,0],"32":[0],"33":[0,0],"34":[0,0],"35":[0,0],"36":[0,0],"37":[0,0],"38":[0,0],"39":[0,0],"40":[0,0],"41":[0,0]}}
,"E:\\Programmierung\\Worktrees\\feat-phase3\\src\\utils\\attendanceAnalytics.ts": {"path":"E:\\Programmierung\\Worktrees\\feat-phase3\\src\\utils\\attendanceAnalytics.ts","statementMap":{"0":{"start":{"line":105,"column":0},"end":{"line":105,"column":7}},"1":{"start":{"line":154,"column":0},"end":{"line":154,"column":7}},"2":{"start":{"line":229,"column":0},"end":{"line":229,"column":7}},"3":{"start":{"line":302,"column":0},"end":{"line":302,"column":7}},"4":{"start":{"line":332,"column":0},"end":{"line":332,"column":16}},"5":{"start":{"line":467,"column":0},"end":{"line":467,"column":16}},"6":{"start":{"line":486,"column":0},"end":{"line":486,"column":16}},"7":{"start":{"line":496,"column":0},"end":{"line":496,"column":16}},"8":{"start":{"line":504,"column":0},"end":{"line":504,"column":16}},"9":{"start":{"line":519,"column":0},"end":{"line":519,"column":16}},"10":{"start":{"line":1,"column":0},"end":{"line":1,"column":40}},"11":{"start":{"line":2,"column":0},"end":{"line":2,"column":67}},"12":{"start":{"line":3,"column":0},"end":{"line":3,"column":73}},"13":{"start":{"line":80,"column":2},"end":{"line":80,"column":52}},"14":{"start":{"line":80,"column":35},"end":{"line":80,"column":52}},"15":{"start":{"line":81,"column":2},"end":{"line":81,"column":36}},"16":{"start":{"line":81,"column":26},"end":{"line":81,"column":36}},"17":{"start":{"line":82,"column":2},"end":{"line":82,"column":38}},"18":{"start":{"line":82,"column":28},"end":{"line":82,"column":38}},"19":{"start":{"line":83,"column":17},"end":{"line":83,"column":37}},"20":{"start":{"line":84,"column":2},"end":{"line":84,"column":44}},"21":{"start":{"line":91,"column":2},"end":{"line":91,"column":30}},"22":{"start":{"line":91,"column":13},"end":{"line":91,"column":30}},"23":{"start":{"line":92,"column":17},"end":{"line":92,"column":27}},"24":{"start":{"line":93,"column":2},"end":{"line":93,"column":42}},"25":{"start":{"line":94,"column":2},"end":{"line":94,"column":16}},"26":{"start":{"line":110,"column":15},"end":{"line":110,"column":35}},"27":{"start":{"line":111,"column":17},"end":{"line":111,"column":36}},"28":{"start":{"line":113,"column":18},"end":{"line":133,"column":4}},"29":{"start":{"line":135,"column":2},"end":{"line":143,"column":6}},"30":{"start":{"line":135,"column":29},"end":{"line":143,"column":4}},"31":{"start":{"line":159,"column":15},"end":{"line":159,"column":35}},"32":{"start":{"line":160,"column":17},"end":{"line":160,"column":36}},"33":{"start":{"line":162,"column":18},"end":{"line":176,"column":4}},"34":{"start":{"line":178,"column":28},"end":{"line":178,"column":42}},"35":{"start":{"line":179,"column":20},"end":{"line":179,"column":67}},"36":{"start":{"line":179,"column":42},"end":{"line":179,"column":66}},"37":{"start":{"line":180,"column":19},"end":{"line":180,"column":66}},"38":{"start":{"line":180,"column":41},"end":{"line":180,"column":65}},"39":{"start":{"line":181,"column":15},"end":{"line":181,"column":57}},"40":{"start":{"line":181,"column":37},"end":{"line":181,"column":56}},"41":{"start":{"line":183,"column":24},"end":{"line":183,"column":54}},"42":{"start":{"line":185,"column":4},"end":{"line":187,"column":9}},"43":{"start":{"line":189,"column":22},"end":{"line":189,"column":57}},"44":{"start":{"line":192,"column":45},"end":{"line":192,"column":49}},"45":{"start":{"line":193,"column":34},"end":{"line":193,"column":36}},"46":{"start":{"line":194,"column":2},"end":{"line":201,"column":3}},"47":{"start":{"line":195,"column":4},"end":{"line":200,"column":5}},"48":{"start":{"line":196,"column":19},"end":{"line":196,"column":71}},"49":{"start":{"line":197,"column":6},"end":{"line":199,"column":7}},"50":{"start":{"line":198,"column":8},"end":{"line":198,"column":33}},"51":{"start":{"line":202,"column":2},"end":{"line":205,"column":3}},"52":{"start":{"line":203,"column":4},"end":{"line":204,"column":82}},"53":{"start":{"line":204,"column":48},"end":{"line":204,"column":53}},"54":{"start":{"line":208,"column":16},"end":{"line":208,"column":50}},"55":{"start":{"line":210,"column":2},"end":{"line":219,"column":4}},"56":{"start":{"line":233,"column":18},"end":{"line":243,"column":4}},"57":{"start":{"line":245,"column":21},"end":{"line":245,"column":47}},"58":{"start":{"line":247,"column":2},"end":{"line":252,"column":3}},"59":{"start":{"line":248,"column":17},"end":{"line":248,"column":51}},"60":{"start":{"line":249,"column":4},"end":{"line":251,"column":5}},"61":{"start":{"line":250,"column":6},"end":{"line":250,"column":60}},"62":{"start":{"line":254,"column":24},"end":{"line":254,"column":82}},"63":{"start":{"line":254,"column":73},"end":{"line":254,"column":78}},"64":{"start":{"line":256,"column":49},"end":{"line":262,"column":38}},"65":{"start":{"line":257,"column":29},"end":{"line":261,"column":6}},"66":{"start":{"line":262,"column":20},"end":{"line":262,"column":37}},"67":{"start":{"line":264,"column":19},"end":{"line":264,"column":45}},"68":{"start":{"line":265,"column":19},"end":{"line":267,"column":23}},"69":{"start":{"line":266,"column":19},"end":{"line":266,"column":38}},"70":{"start":{"line":267,"column":16},"end":{"line":267,"column":22}},"71":{"start":{"line":270,"column":24},"end":{"line":270,"column":41}},"72":{"start":{"line":271,"column":2},"end":{"line":273,"column":3}},"73":{"start":{"line":272,"column":4},"end":{"line":272,"column":50}},"74":{"start":{"line":272,"column":20},"end":{"line":272,"column":50}},"75":{"start":{"line":275,"column":22},"end":{"line":275,"column":40}},"76":{"start":{"line":276,"column":2},"end":{"line":279,"column":3}},"77":{"start":{"line":277,"column":18},"end":{"line":277,"column":41}},"78":{"start":{"line":278,"column":4},"end":{"line":278,"column":47}},"79":{"start":{"line":278,"column":25},"end":{"line":278,"column":45}},"80":{"start":{"line":281,"column":27},"end":{"line":283,"column":null}},"81":{"start":{"line":286,"column":2},"end":{"line":291,"column":4}},"82":{"start":{"line":307,"column":17},"end":{"line":307,"column":27}},"83":{"start":{"line":308,"column":2},"end":{"line":308,"column":48}},"84":{"start":{"line":310,"column":18},"end":{"line":323,"column":4}},"85":{"start":{"line":325,"column":2},"end":{"line":325,"column":54}},"86":{"start":{"line":337,"column":14},"end":{"line":337,"column":24}},"87":{"start":{"line":338,"column":34},"end":{"line":338,"column":36}},"88":{"start":{"line":339,"column":19},"end":{"line":339,"column":44}},"89":{"start":{"line":341,"column":2},"end":{"line":362,"column":3}},"90":{"start":{"line":341,"column":15},"end":{"line":341,"column":27}},"91":{"start":{"line":342,"column":20},"end":{"line":342,"column":33}},"92":{"start":{"line":343,"column":4},"end":{"line":343,"column":47}},"93":{"start":{"line":344,"column":4},"end":{"line":344,"column":38}},"94":{"start":{"line":346,"column":22},"end":{"line":346,"column":39}},"95":{"start":{"line":347,"column":4},"end":{"line":347,"column":47}},"96":{"start":{"line":348,"column":4},"end":{"line":348,"column":35}},"97":{"start":{"line":350,"column":24},"end":{"line":353,"column":6}},"98":{"start":{"line":351,"column":16},"end":{"line":351,"column":31}},"99":{"start":{"line":352,"column":6},"end":{"line":352,"column":44}},"100":{"start":{"line":355,"column":21},"end":{"line":357,"column":12}},"101":{"start":{"line":356,"column":13},"end":{"line":356,"column":60}},"102":{"start":{"line":358,"column":18},"end":{"line":358,"column":36}},"103":{"start":{"line":359,"column":17},"end":{"line":359,"column":75}},"104":{"start":{"line":361,"column":4},"end":{"line":361,"column":62}},"105":{"start":{"line":365,"column":24},"end":{"line":365,"column":56}},"106":{"start":{"line":365,"column":44},"end":{"line":365,"column":55}},"107":{"start":{"line":366,"column":20},"end":{"line":366,"column":58}},"108":{"start":{"line":367,"column":21},"end":{"line":367,"column":60}},"109":{"start":{"line":369,"column":2},"end":{"line":373,"column":4}},"110":{"start":{"line":382,"column":2},"end":{"line":382,"column":42}},"111":{"start":{"line":382,"column":26},"end":{"line":382,"column":42}},"112":{"start":{"line":385,"column":17},"end":{"line":386,"column":null}},"113":{"start":{"line":386,"column":14},"end":{"line":386,"column":67}},"114":{"start":{"line":390,"column":14},"end":{"line":390,"column":43}},"115":{"start":{"line":391,"column":20},"end":{"line":391,"column":40}},"116":{"start":{"line":392,"column":21},"end":{"line":392,"column":38}},"117":{"start":{"line":394,"column":20},"end":{"line":394,"column":65}},"118":{"start":{"line":395,"column":21},"end":{"line":395,"column":67}},"119":{"start":{"line":397,"column":15},"end":{"line":397,"column":37}},"120":{"start":{"line":398,"column":2},"end":{"line":398,"column":36}},"121":{"start":{"line":398,"column":17},"end":{"line":398,"column":36}},"122":{"start":{"line":399,"column":2},"end":{"line":399,"column":37}},"123":{"start":{"line":399,"column":18},"end":{"line":399,"column":37}},"124":{"start":{"line":400,"column":2},"end":{"line":400,"column":18}},"125":{"start":{"line":409,"column":2},"end":{"line":409,"column":37}},"126":{"start":{"line":409,"column":28},"end":{"line":409,"column":37}},"127":{"start":{"line":410,"column":19},"end":{"line":412,"column":10}},"128":{"start":{"line":411,"column":11},"end":{"line":411,"column":58}},"129":{"start":{"line":413,"column":2},"end":{"line":413,"column":43}},"130":{"start":{"line":420,"column":2},"end":{"line":420,"column":48}},"131":{"start":{"line":420,"column":32},"end":{"line":420,"column":48}},"132":{"start":{"line":423,"column":12},"end":{"line":423,"column":32}},"133":{"start":{"line":424,"column":13},"end":{"line":424,"column":14}},"134":{"start":{"line":424,"column":23},"end":{"line":424,"column":24}},"135":{"start":{"line":424,"column":34},"end":{"line":424,"column":35}},"136":{"start":{"line":424,"column":45},"end":{"line":424,"column":46}},"137":{"start":{"line":425,"column":2},"end":{"line":430,"column":3}},"138":{"start":{"line":425,"column":15},"end":{"line":425,"column":16}},"139":{"start":{"line":426,"column":4},"end":{"line":426,"column":14}},"140":{"start":{"line":427,"column":4},"end":{"line":427,"column":34}},"141":{"start":{"line":428,"column":4},"end":{"line":428,"column":39}},"142":{"start":{"line":429,"column":4},"end":{"line":429,"column":19}},"143":{"start":{"line":432,"column":22},"end":{"line":432,"column":45}},"144":{"start":{"line":433,"column":2},"end":{"line":433,"column":41}},"145":{"start":{"line":433,"column":25},"end":{"line":433,"column":41}},"146":{"start":{"line":435,"column":16},"end":{"line":435,"column":55}},"147":{"start":{"line":438,"column":2},"end":{"line":438,"column":36}},"148":{"start":{"line":438,"column":17},"end":{"line":438,"column":36}},"149":{"start":{"line":439,"column":2},"end":{"line":439,"column":37}},"150":{"start":{"line":439,"column":18},"end":{"line":439,"column":37}},"151":{"start":{"line":440,"column":2},"end":{"line":440,"column":18}},"152":{"start":{"line":447,"column":2},"end":{"line":447,"column":43}},"153":{"start":{"line":447,"column":34},"end":{"line":447,"column":43}},"154":{"start":{"line":448,"column":2},"end":{"line":448,"column":44}},"155":{"start":{"line":448,"column":34},"end":{"line":448,"column":44}},"156":{"start":{"line":450,"column":21},"end":{"line":450,"column":71}},"157":{"start":{"line":450,"column":54},"end":{"line":450,"column":67}},"158":{"start":{"line":453,"column":22},"end":{"line":453,"column":59}},"159":{"start":{"line":454,"column":22},"end":{"line":454,"column":50}},"160":{"start":{"line":456,"column":2},"end":{"line":456,"column":67}},"161":{"start":{"line":468,"column":16},"end":{"line":468,"column":42}},"162":{"start":{"line":469,"column":2},"end":{"line":469,"column":36}},"163":{"start":{"line":469,"column":26},"end":{"line":469,"column":36}},"164":{"start":{"line":471,"column":16},"end":{"line":471,"column":34}},"165":{"start":{"line":472,"column":2},"end":{"line":475,"column":3}},"166":{"start":{"line":473,"column":17},"end":{"line":473,"column":44}},"167":{"start":{"line":474,"column":4},"end":{"line":474,"column":30}},"168":{"start":{"line":474,"column":14},"end":{"line":474,"column":30}},"169":{"start":{"line":477,"column":2},"end":{"line":477,"column":27}},"170":{"start":{"line":487,"column":2},"end":{"line":487,"column":45}},"171":{"start":{"line":497,"column":2},"end":{"line":497,"column":46}},"172":{"start":{"line":497,"column":34},"end":{"line":497,"column":46}},"173":{"start":{"line":498,"column":2},"end":{"line":498,"column":31}},"174":{"start":{"line":505,"column":2},"end":{"line":513,"column":3}},"175":{"start":{"line":507,"column":6},"end":{"line":507,"column":18}},"176":{"start":{"line":509,"column":6},"end":{"line":509,"column":18}},"177":{"start":{"line":512,"column":6},"end":{"line":512,"column":17}},"178":{"start":{"line":520,"column":2},"end":{"line":520,"column":32}},"179":{"start":{"line":520,"column":19},"end":{"line":520,"column":32}},"180":{"start":{"line":521,"column":18},"end":{"line":521,"column":40}},"181":{"start":{"line":522,"column":16},"end":{"line":522,"column":40}},"182":{"start":{"line":523,"column":15},"end":{"line":523,"column":37}},"183":{"start":{"line":525,"column":2},"end":{"line":525,"column":49}},"184":{"start":{"line":525,"column":16},"end":{"line":525,"column":49}},"185":{"start":{"line":526,"column":2},"end":{"line":526,"column":53}},"186":{"start":{"line":526,"column":17},"end":{"line":526,"column":53}},"187":{"start":{"line":527,"column":2},"end":{"line":527,"column":23}}},"fnMap":{"0":{"name":"periodToDays","decl":{"start":{"line":79,"column":9},"end":{"line":79,"column":21}},"loc":{"start":{"line":79,"column":37},"end":{"line":85,"column":1}}},"1":{"name":"getDateCutoff","decl":{"start":{"line":90,"column":9},"end":{"line":90,"column":22}},"loc":{"start":{"line":90,"column":36},"end":{"line":95,"column":1}}},"2":{"name":"getPlayerAttendanceHistory","decl":{"start":{"line":105,"column":22},"end":{"line":105,"column":48}},"loc":{"start":{"line":108,"column":17},"end":{"line":144,"column":1}}},"3":{"name":"(anonymous_4)","decl":{"start":{"line":135,"column":21},"end":{"line":135,"column":22}},"loc":{"start":{"line":135,"column":29},"end":{"line":143,"column":4}}},"4":{"name":"calculatePlayerStats","decl":{"start":{"line":154,"column":22},"end":{"line":154,"column":42}},"loc":{"start":{"line":157,"column":17},"end":{"line":220,"column":1}}},"5":{"name":"(anonymous_6)","decl":{"start":{"line":179,"column":35},"end":{"line":179,"column":36}},"loc":{"start":{"line":179,"column":42},"end":{"line":179,"column":66}}},"6":{"name":"(anonymous_7)","decl":{"start":{"line":180,"column":34},"end":{"line":180,"column":35}},"loc":{"start":{"line":180,"column":41},"end":{"line":180,"column":65}}},"7":{"name":"(anonymous_8)","decl":{"start":{"line":181,"column":30},"end":{"line":181,"column":31}},"loc":{"start":{"line":181,"column":37},"end":{"line":181,"column":56}}},"8":{"name":"(anonymous_9)","decl":{"start":{"line":204,"column":38},"end":{"line":204,"column":39}},"loc":{"start":{"line":204,"column":48},"end":{"line":204,"column":53}}},"9":{"name":"getPlayerRoleDistribution","decl":{"start":{"line":229,"column":22},"end":{"line":229,"column":47}},"loc":{"start":{"line":231,"column":17},"end":{"line":292,"column":1}}},"10":{"name":"(anonymous_11)","decl":{"start":{"line":254,"column":63},"end":{"line":254,"column":64}},"loc":{"start":{"line":254,"column":73},"end":{"line":254,"column":78}}},"11":{"name":"(anonymous_12)","decl":{"start":{"line":257,"column":9},"end":{"line":257,"column":10}},"loc":{"start":{"line":257,"column":29},"end":{"line":261,"column":6}}},"12":{"name":"(anonymous_13)","decl":{"start":{"line":262,"column":10},"end":{"line":262,"column":11}},"loc":{"start":{"line":262,"column":20},"end":{"line":262,"column":37}}},"13":{"name":"(anonymous_14)","decl":{"start":{"line":266,"column":12},"end":{"line":266,"column":13}},"loc":{"start":{"line":266,"column":19},"end":{"line":266,"column":38}}},"14":{"name":"(anonymous_15)","decl":{"start":{"line":267,"column":9},"end":{"line":267,"column":10}},"loc":{"start":{"line":267,"column":16},"end":{"line":267,"column":22}}},"15":{"name":"(anonymous_16)","decl":{"start":{"line":278,"column":18},"end":{"line":278,"column":19}},"loc":{"start":{"line":278,"column":25},"end":{"line":278,"column":45}}},"16":{"name":"getTrendData","decl":{"start":{"line":302,"column":22},"end":{"line":302,"column":34}},"loc":{"start":{"line":305,"column":25},"end":{"line":326,"column":1}}},"17":{"name":"analyzeTrendFromRecords","decl":{"start":{"line":332,"column":16},"end":{"line":332,"column":39}},"loc":{"start":{"line":334,"column":20},"end":{"line":374,"column":1}}},"18":{"name":"(anonymous_19)","decl":{"start":{"line":350,"column":39},"end":{"line":350,"column":40}},"loc":{"start":{"line":350,"column":45},"end":{"line":353,"column":5}}},"19":{"name":"(anonymous_20)","decl":{"start":{"line":356,"column":6},"end":{"line":356,"column":7}},"loc":{"start":{"line":356,"column":13},"end":{"line":356,"column":60}}},"20":{"name":"(anonymous_21)","decl":{"start":{"line":365,"column":37},"end":{"line":365,"column":38}},"loc":{"start":{"line":365,"column":44},"end":{"line":365,"column":55}}},"21":{"name":"calculateTrendFromRecords","decl":{"start":{"line":379,"column":9},"end":{"line":379,"column":34}},"loc":{"start":{"line":380,"column":79},"end":{"line":401,"column":1}}},"22":{"name":"(anonymous_23)","decl":{"start":{"line":386,"column":4},"end":{"line":386,"column":5}},"loc":{"start":{"line":386,"column":14},"end":{"line":386,"column":67}}},"23":{"name":"calculateAttendanceRateFromRecords","decl":{"start":{"line":406,"column":9},"end":{"line":406,"column":43}},"loc":{"start":{"line":407,"column":36},"end":{"line":414,"column":1}}},"24":{"name":"(anonymous_25)","decl":{"start":{"line":411,"column":4},"end":{"line":411,"column":5}},"loc":{"start":{"line":411,"column":11},"end":{"line":411,"column":58}}},"25":{"name":"calculateTrendDirection","decl":{"start":{"line":419,"column":9},"end":{"line":419,"column":32}},"loc":{"start":{"line":419,"column":64},"end":{"line":441,"column":1}}},"26":{"name":"calculateTrendConfidence","decl":{"start":{"line":446,"column":9},"end":{"line":446,"column":33}},"loc":{"start":{"line":446,"column":65},"end":{"line":457,"column":1}}},"27":{"name":"(anonymous_28)","decl":{"start":{"line":450,"column":42},"end":{"line":450,"column":43}},"loc":{"start":{"line":450,"column":54},"end":{"line":450,"column":67}}},"28":{"name":"getRoleFlexibility","decl":{"start":{"line":467,"column":16},"end":{"line":467,"column":34}},"loc":{"start":{"line":467,"column":51},"end":{"line":478,"column":1}}},"29":{"name":"calculateReliabilityTier","decl":{"start":{"line":486,"column":16},"end":{"line":486,"column":40}},"loc":{"start":{"line":486,"column":63},"end":{"line":488,"column":1}}},"30":{"name":"getMainRole","decl":{"start":{"line":496,"column":16},"end":{"line":496,"column":27}},"loc":{"start":{"line":496,"column":66},"end":{"line":499,"column":1}}},"31":{"name":"getTrendEmoji","decl":{"start":{"line":504,"column":16},"end":{"line":504,"column":29}},"loc":{"start":{"line":504,"column":51},"end":{"line":514,"column":1}}},"32":{"name":"formatResponseTime","decl":{"start":{"line":519,"column":16},"end":{"line":519,"column":34}},"loc":{"start":{"line":519,"column":52},"end":{"line":528,"column":1}}}},"branchMap":{"0":{"loc":{"start":{"line":80,"column":2},"end":{"line":80,"column":52}},"type":"if","locations":[{"start":{"line":80,"column":2},"end":{"line":80,"column":52}},{"start":{},"end":{}}]},"1":{"loc":{"start":{"line":80,"column":6},"end":{"line":80,"column":33}},"type":"binary-expr","locations":[{"start":{"line":80,"column":6},"end":{"line":80,"column":13}},{"start":{"line":80,"column":17},"end":{"line":80,"column":33}}]},"2":{"loc":{"start":{"line":81,"column":2},"end":{"line":81,"column":36}},"type":"if","locations":[{"start":{"line":81,"column":2},"end":{"line":81,"column":36}},{"start":{},"end":{}}]},"3":{"loc":{"start":{"line":82,"column":2},"end":{"line":82,"column":38}},"type":"if","locations":[{"start":{"line":82,"column":2},"end":{"line":82,"column":38}},{"start":{},"end":{}}]},"4":{"loc":{"start":{"line":84,"column":9},"end":{"line":84,"column":43}},"type":"cond-expr","locations":[{"start":{"line":84,"column":25},"end":{"line":84,"column":34}},{"start":{"line":84,"column":37},"end":{"line":84,"column":43}}]},"5":{"loc":{"start":{"line":91,"column":2},"end":{"line":91,"column":30}},"type":"if","locations":[{"start":{"line":91,"column":2},"end":{"line":91,"column":30}},{"start":{},"end":{}}]},"6":{"loc":{"start":{"line":117,"column":10},"end":{"line":117,"column":63}},"type":"cond-expr","locations":[{"start":{"line":117,"column":19},"end":{"line":117,"column":58}},{"start":{"line":117,"column":61},"end":{"line":117,"column":63}}]},"7":{"loc":{"start":{"line":166,"column":10},"end":{"line":166,"column":63}},"type":"cond-expr","locations":[{"start":{"line":166,"column":19},"end":{"line":166,"column":58}},{"start":{"line":166,"column":61},"end":{"line":166,"column":63}}]},"8":{"loc":{"start":{"line":185,"column":4},"end":{"line":187,"column":9}},"type":"cond-expr","locations":[{"start":{"line":186,"column":8},"end":{"line":186,"column":67}},{"start":{"line":187,"column":8},"end":{"line":187,"column":9}}]},"9":{"loc":{"start":{"line":195,"column":4},"end":{"line":200,"column":5}},"type":"if","locations":[{"start":{"line":195,"column":4},"end":{"line":200,"column":5}},{"start":{},"end":{}}]},"10":{"loc":{"start":{"line":197,"column":6},"end":{"line":199,"column":7}},"type":"if","locations":[{"start":{"line":197,"column":6},"end":{"line":199,"column":7}},{"start":{},"end":{}}]},"11":{"loc":{"start":{"line":202,"column":2},"end":{"line":205,"column":3}},"type":"if","locations":[{"start":{"line":202,"column":2},"end":{"line":205,"column":3}},{"start":{},"end":{}}]},"12":{"loc":{"start":{"line":249,"column":4},"end":{"line":251,"column":5}},"type":"if","locations":[{"start":{"line":249,"column":4},"end":{"line":251,"column":5}},{"start":{},"end":{}}]},"13":{"loc":{"start":{"line":250,"column":28},"end":{"line":250,"column":53}},"type":"binary-expr","locations":[{"start":{"line":250,"column":28},"end":{"line":250,"column":48}},{"start":{"line":250,"column":52},"end":{"line":250,"column":53}}]},"14":{"loc":{"start":{"line":260,"column":18},"end":{"line":260,"column":89}},"type":"cond-expr","locations":[{"start":{"line":260,"column":38},"end":{"line":260,"column":85}},{"start":{"line":260,"column":88},"end":{"line":260,"column":89}}]},"15":{"loc":{"start":{"line":272,"column":4},"end":{"line":272,"column":50}},"type":"if","locations":[{"start":{"line":272,"column":4},"end":{"line":272,"column":50}},{"start":{},"end":{}}]},"16":{"loc":{"start":{"line":305,"column":2},"end":{"line":305,"column":25}},"type":"default-arg","locations":[{"start":{"line":305,"column":23},"end":{"line":305,"column":25}}]},"17":{"loc":{"start":{"line":352,"column":13},"end":{"line":352,"column":43}},"type":"binary-expr","locations":[{"start":{"line":352,"column":13},"end":{"line":352,"column":27}},{"start":{"line":352,"column":31},"end":{"line":352,"column":43}}]},"18":{"loc":{"start":{"line":356,"column":13},"end":{"line":356,"column":60}},"type":"binary-expr","locations":[{"start":{"line":356,"column":13},"end":{"line":356,"column":37}},{"start":{"line":356,"column":41},"end":{"line":356,"column":60}}]},"19":{"loc":{"start":{"line":359,"column":17},"end":{"line":359,"column":75}},"type":"cond-expr","locations":[{"start":{"line":359,"column":29},"end":{"line":359,"column":71}},{"start":{"line":359,"column":74},"end":{"line":359,"column":75}}]},"20":{"loc":{"start":{"line":382,"column":2},"end":{"line":382,"column":42}},"type":"if","locations":[{"start":{"line":382,"column":2},"end":{"line":382,"column":42}},{"start":{},"end":{}}]},"21":{"loc":{"start":{"line":398,"column":2},"end":{"line":398,"column":36}},"type":"if","locations":[{"start":{"line":398,"column":2},"end":{"line":398,"column":36}},{"start":{},"end":{}}]},"22":{"loc":{"start":{"line":399,"column":2},"end":{"line":399,"column":37}},"type":"if","locations":[{"start":{"line":399,"column":2},"end":{"line":399,"column":37}},{"start":{},"end":{}}]},"23":{"loc":{"start":{"line":409,"column":2},"end":{"line":409,"column":37}},"type":"if","locations":[{"start":{"line":409,"column":2},"end":{"line":409,"column":37}},{"start":{},"end":{}}]},"24":{"loc":{"start":{"line":411,"column":11},"end":{"line":411,"column":58}},"type":"binary-expr","locations":[{"start":{"line":411,"column":11},"end":{"line":411,"column":35}},{"start":{"line":411,"column":39},"end":{"line":411,"column":58}}]},"25":{"loc":{"start":{"line":420,"column":2},"end":{"line":420,"column":48}},"type":"if","locations":[{"start":{"line":420,"column":2},"end":{"line":420,"column":48}},{"start":{},"end":{}}]},"26":{"loc":{"start":{"line":433,"column":2},"end":{"line":433,"column":41}},"type":"if","locations":[{"start":{"line":433,"column":2},"end":{"line":433,"column":41}},{"start":{},"end":{}}]},"27":{"loc":{"start":{"line":438,"column":2},"end":{"line":438,"column":36}},"type":"if","locations":[{"start":{"line":438,"column":2},"end":{"line":438,"column":36}},{"start":{},"end":{}}]},"28":{"loc":{"start":{"line":439,"column":2},"end":{"line":439,"column":37}},"type":"if","locations":[{"start":{"line":439,"column":2},"end":{"line":439,"column":37}},{"start":{},"end":{}}]},"29":{"loc":{"start":{"line":447,"column":2},"end":{"line":447,"column":43}},"type":"if","locations":[{"start":{"line":447,"column":2},"end":{"line":447,"column":43}},{"start":{},"end":{}}]},"30":{"loc":{"start":{"line":448,"column":2},"end":{"line":448,"column":44}},"type":"if","locations":[{"start":{"line":448,"column":2},"end":{"line":448,"column":44}},{"start":{},"end":{}}]},"31":{"loc":{"start":{"line":469,"column":2},"end":{"line":469,"column":36}},"type":"if","locations":[{"start":{"line":469,"column":2},"end":{"line":469,"column":36}},{"start":{},"end":{}}]},"32":{"loc":{"start":{"line":474,"column":4},"end":{"line":474,"column":30}},"type":"if","locations":[{"start":{"line":474,"column":4},"end":{"line":474,"column":30}},{"start":{},"end":{}}]},"33":{"loc":{"start":{"line":497,"column":2},"end":{"line":497,"column":46}},"type":"if","locations":[{"start":{"line":497,"column":2},"end":{"line":497,"column":46}},{"start":{},"end":{}}]},"34":{"loc":{"start":{"line":505,"column":2},"end":{"line":513,"column":3}},"type":"switch","locations":[{"start":{"line":506,"column":4},"end":{"line":507,"column":18}},{"start":{"line":508,"column":4},"end":{"line":509,"column":18}},{"start":{"line":510,"column":4},"end":{"line":510,"column":18}},{"start":{"line":511,"column":4},"end":{"line":512,"column":17}}]},"35":{"loc":{"start":{"line":520,"column":2},"end":{"line":520,"column":32}},"type":"if","locations":[{"start":{"line":520,"column":2},"end":{"line":520,"column":32}},{"start":{},"end":{}}]},"36":{"loc":{"start":{"line":525,"column":2},"end":{"line":525,"column":49}},"type":"if","locations":[{"start":{"line":525,"column":2},"end":{"line":525,"column":49}},{"start":{},"end":{}}]},"37":{"loc":{"start":{"line":526,"column":2},"end":{"line":526,"column":53}},"type":"if","locations":[{"start":{"line":526,"column":2},"end":{"line":526,"column":53}},{"start":{},"end":{}}]}},"s":{"0":0,"1":0,"2":0,"3":0,"4":0,"5":0,"6":0,"7":0,"8":0,"9":0,"10":0,"11":0,"12":0,"13":0,"14":0,"15":0,"16":0,"17":0,"18":0,"19":0,"20":0,"21":0,"22":0,"23":0,"24":0,"25":0,"26":0,"27":0,"28":0,"29":0,"30":0,"31":0,"32":0,"33":0,"34":0,"35":0,"36":0,"37":0,"38":0,"39":0,"40":0,"41":0,"42":0,"43":0,"44":0,"45":0,"46":0,"47":0,"48":0,"49":0,"50":0,"51":0,"52":0,"53":0,"54":0,"55":0,"56":0,"57":0,"58":0,"59":0,"60":0,"61":0,"62":0,"63":0,"64":0,"65":0,"66":0,"67":0,"68":0,"69":0,"70":0,"71":0,"72":0,"73":0,"74":0,"75":0,"76":0,"77":0,"78":0,"79":0,"80":0,"81":0,"82":0,"83":0,"84":0,"85":0,"86":0,"87":0,"88":0,"89":0,"90":0,"91":0,"92":0,"93":0,"94":0,"95":0,"96":0,"97":0,"98":0,"99":0,"100":0,"101":0,"102":0,"103":0,"104":0,"105":0,"106":0,"107":0,"108":0,"109":0,"110":0,"111":0,"112":0,"113":0,"114":0,"115":0,"116":0,"117":0,"118":0,"119":0,"120":0,"121":0,"
[...]
n":19}},"8":{"start":{"line":75,"column":26},"end":{"line":75,"column":54}},"9":{"start":{"line":84,"column":2},"end":{"line":84,"column":15}},"10":{"start":{"line":100,"column":16},"end":{"line":100,"column":41}},"11":{"start":{"line":102,"column":22},"end":{"line":106,"column":30}},"12":{"start":{"line":108,"column":16},"end":{"line":126,"column":null}},"13":{"start":{"line":129,"column":2},"end":{"line":143,"column":3}},"14":{"start":{"line":130,"column":20},"end":{"line":136,"column":17}},"15":{"start":{"line":133,"column":22},"end":{"line":133,"column":59}},"16":{"start":{"line":134,"column":8},"end":{"line":134,"column":116}},"17":{"start":{"line":138,"column":4},"end":{"line":142,"column":7}},"18":{"start":{"line":145,"column":2},"end":{"line":154,"column":3}},"19":{"start":{"line":146,"column":4},"end":{"line":153,"column":7}},"20":{"start":{"line":150,"column":20},"end":{"line":150,"column":48}},"21":{"start":{"line":156,"column":2},"end":{"line":156,"column":23}},"22":{"start":{"line":158,"column":2},"end":{"line":158,"column":15}}},"fnMap":{"0":{"name":"formatRaidStatsEmbed","decl":{"start":{"line":22,"column":16},"end":{"line":22,"column":36}},"loc":{"start":{"line":25,"column":18},"end":{"line":85,"column":1}}},"1":{"name":"(anonymous_1)","decl":{"start":{"line":75,"column":19},"end":{"line":75,"column":20}},"loc":{"start":{"line":75,"column":26},"end":{"line":75,"column":54}}},"2":{"name":"formatGuildStatsEmbed","decl":{"start":{"line":95,"column":16},"end":{"line":95,"column":37}},"loc":{"start":{"line":98,"column":18},"end":{"line":159,"column":1}}},"3":{"name":"(anonymous_3)","decl":{"start":{"line":132,"column":11},"end":{"line":132,"column":12}},"loc":{"start":{"line":132,"column":20},"end":{"line":135,"column":7}}},"4":{"name":"(anonymous_4)","decl":{"start":{"line":150,"column":13},"end":{"line":150,"column":14}},"loc":{"start":{"line":150,"column":20},"end":{"line":150,"column":48}}}},"branchMap":{"0":{"loc":{"start":{"line":31,"column":53},"end":{"line":31,"column":79}},"type":"binary-expr","locations":[{"start":{"line":31,"column":53},"end":{"line":31,"column":69}},{"start":{"line":31,"column":73},"end":{"line":31,"column":79}}]},"1":{"loc":{"start":{"line":32,"column":14},"end":{"line":32,"column":102}},"type":"cond-expr","locations":[{"start":{"line":32,"column":43},"end":{"line":32,"column":51}},{"start":{"line":32,"column":54},"end":{"line":32,"column":102}}]},"2":{"loc":{"start":{"line":32,"column":54},"end":{"line":32,"column":102}},"type":"cond-expr","locations":[{"start":{"line":32,"column":83},"end":{"line":32,"column":91}},{"start":{"line":32,"column":94},"end":{"line":32,"column":102}}]},"3":{"loc":{"start":{"line":72,"column":15},"end":{"line":77,"column":15}},"type":"cond-expr","locations":[{"start":{"line":73,"column":12},"end":{"line":76,"column":25}},{"start":{"line":77,"column":12},"end":{"line":77,"column":15}}]},"4":{"loc":{"start":{"line":102,"column":22},"end":{"line":106,"column":30}},"type":"cond-expr","locations":[{"start":{"line":103,"column":6},"end":{"line":103,"column":27}},{"start":{"line":104,"column":6},"end":{"line":106,"column":30}}]},"5":{"loc":{"start":{"line":104,"column":6},"end":{"line":106,"column":30}},"type":"cond-expr","locations":[{"start":{"line":105,"column":8},"end":{"line":105,"column":28}},{"start":{"line":106,"column":8},"end":{"line":106,"column":30}}]},"6":{"loc":{"start":{"line":110,"column":14},"end":{"line":110,"column":116}},"type":"cond-expr","locations":[{"start":{"line":110,"column":50},"end":{"line":110,"column":58}},{"start":{"line":110,"column":61},"end":{"line":110,"column":116}}]},"7":{"loc":{"start":{"line":110,"column":61},"end":{"line":110,"column":116}},"type":"cond-expr","locations":[{"start":{"line":110,"column":97},"end":{"line":110,"column":105}},{"start":{"line":110,"column":108},"end":{"line":110,"column":116}}]},"8":{"loc":{"start":{"line":129,"column":2},"end":{"line":143,"column":3}},"type":"if","locations":[{"start":{"line":129,"column":2},"end":{"line":143,"column":3}},{"start":{},"end":{}}]},"9":{"loc":{"start":{"line":145,"column":2},"end":{"line":154,"column":3}},"type":"if","locations":[{"start":{"line":145,"column":2},"end":{"line":154,"column":3}},{"start":{},"end":{}}]}},"s":{"0":0,"1":0,"2":0,"3":0,"4":0,"5":0,"6":0,"7":0,"8":0,"9":0,"10":0,"11":0,"12":0,"13":0,"14":0,"15":0,"16":0,"17":0,"18":0,"19":0,"20":0,"21":0,"22":0},"f":{"0":0,"1":0,"2":0,"3":0,"4":0},"b":{"0":[0,0],"1":[0,0],"2":[0,0],"3":[0,0],"4":[0,0],"5":[0,0],"6":[0,0],"7":[0,0],"8":[0,0],"9":[0,0]}}
,"E:\\Programmierung\\Worktrees\\feat-phase3\\src\\utils\\statusFormatter.ts": {"path":"E:\\Programmierung\\Worktrees\\feat-phase3\\src\\utils\\statusFormatter.ts","statementMap":{"0":{"start":{"line":31,"column":0},"end":{"line":31,"column":16}},"1":{"start":{"line":46,"column":0},"end":{"line":46,"column":16}},"2":{"start":{"line":1,"column":0},"end":{"line":1,"column":42}},"3":{"start":{"line":2,"column":0},"end":{"line":2,"column":49}},"4":{"start":{"line":3,"column":0},"end":{"line":3,"column":40}},"5":{"start":{"line":26,"column":22},"end":{"line":26,"column":71}},"6":{"start":{"line":32,"column":2},"end":{"line":32,"column":37}},"7":{"start":{"line":32,"column":24},"end":{"line":32,"column":37}},"8":{"start":{"line":33,"column":15},"end":{"line":33,"column":50}},"9":{"start":{"line":34,"column":2},"end":{"line":34,"column":32}},"10":{"start":{"line":34,"column":18},"end":{"line":34,"column":32}},"11":{"start":{"line":35,"column":2},"end":{"line":35,"column":32}},"12":{"start":{"line":35,"column":18},"end":{"line":35,"column":32}},"13":{"start":{"line":36,"column":2},"end":{"line":36,"column":15}},"14":{"start":{"line":47,"column":16},"end":{"line":47,"column":41}},"15":{"start":{"line":49,"column":2},"end":{"line":55,"column":3}},"16":{"start":{"line":50,"column":4},"end":{"line":54,"column":22}},"17":{"start":{"line":58,"column":34},"end":{"line":58,"column":40}},"18":{"start":{"line":60,"column":31},"end":{"line":60,"column":33}},"19":{"start":{"line":62,"column":2},"end":{"line":101,"column":3}},"20":{"start":{"line":62,"column":15},"end":{"line":62,"column":16}},"21":{"start":{"line":63,"column":17},"end":{"line":63,"column":25}},"22":{"start":{"line":64,"column":18},"end":{"line":64,"column":34}},"23":{"start":{"line":66,"column":18},"end":{"line":66,"column":40}},"24":{"start":{"line":67,"column":22},"end":{"line":67,"column":105}},"25":{"start":{"line":67,"column":50},"end":{"line":67,"column":97}},"26":{"start":{"line":68,"column":26},"end":{"line":68,"column":79}},"27":{"start":{"line":71,"column":16},"end":{"line":71,"column":17}},"28":{"start":{"line":72,"column":18},"end":{"line":72,"column":19}},"29":{"start":{"line":73,"column":14},"end":{"line":73,"column":15}},"30":{"start":{"line":74,"column":4},"end":{"line":80,"column":5}},"31":{"start":{"line":75,"column":6},"end":{"line":75,"column":68}},"32":{"start":{"line":75,"column":59},"end":{"line":75,"column":68}},"33":{"start":{"line":76,"column":19},"end":{"line":76,"column":53}},"34":{"start":{"line":77,"column":6},"end":{"line":79,"column":17}},"35":{"start":{"line":77,"column":27},"end":{"line":77,"column":35}},"36":{"start":{"line":78,"column":11},"end":{"line":79,"column":17}},"37":{"start":{"line":78,"column":34},"end":{"line":78,"column":44}},"38":{"start":{"line":79,"column":11},"end":{"line":79,"column":17}},"39":{"start":{"line":82,"column":25},"end":{"line":82,"column":58}},"40":{"start":{"line":83,"column":4},"end":{"line":84,"column":84}},"41":{"start":{"line":83,"column":32},"end":{"line":83,"column":52}},"42":{"start":{"line":84,"column":9},"end":{"line":84,"column":84}},"43":{"start":{"line":84,"column":63},"end":{"line":84,"column":84}},"44":{"start":{"line":86,"column":28},"end":{"line":90,"column":33}},"45":{"start":{"line":92,"column":22},"end":{"line":92,"column":64}},"46":{"start":{"line":93,"column":18},"end":{"line":93,"column":53}},"47":{"start":{"line":95,"column":4},"end":{"line":100,"column":6}},"48":{"start":{"line":103,"column":21},"end":{"line":107,"column":16}},"49":{"start":{"line":109,"column":16},"end":{"line":113,"column":19}},"50":{"start":{"line":115,"column":2},"end":{"line":115,"column":15}}},"fnMap":{"0":{"name":"getRosterStatus","decl":{"start":{"line":31,"column":16},"end":{"line":31,"column":31}},"loc":{"start":{"line":31,"column":74},"end":{"line":37,"column":1}}},"1":{"name":"formatStatusEmbed","decl":{"start":{"line":46,"column":16},"end":{"line":46,"column":33}},"loc":{"start":{"line":46,"column":71},"end":{"line":116,"column":1}}},"2":{"name":"(anonymous_2)","decl":{"start":{"line":67,"column":45},"end":{"line":67,"column":46}},"loc":{"start":{"line":67,"column":50},"end":{"line":67,"column":97}}}},"branchMap":{"0":{"loc":{"start":{"line":32,"column":2},"end":{"line":32,"column":37}},"type":"if","locations":[{"start":{"line":32,"column":2},"end":{"line":32,"column":37}},{"start":{},"end":{}}]},"1":{"loc":{"start":{"line":34,"column":2},"end":{"line":34,"column":32}},"type":"if","locations":[{"start":{"line":34,"column":2},"end":{"line":34,"column":32}},{"start":{},"end":{}}]},"2":{"loc":{"start":{"line":35,"column":2},"end":{"line":35,"column":32}},"type":"if","locations":[{"start":{"line":35,"column":2},"end":{"line":35,"column":32}},{"start":{},"end":{}}]},"3":{"loc":{"start":{"line":49,"column":2},"end":{"line":55,"column":3}},"type":"if","locations":[{"start":{"line":49,"column":2},"end":{"line":55,"column":3}},{"start":{},"end":{}}]},"4":{"loc":{"start":{"line":62,"column":18},"end":{"line":62,"column":43}},"type":"binary-expr","locations":[{"start":{"line":62,"column":18},"end":{"line":62,"column":34}},{"start":{"line":62,"column":38},"end":{"line":62,"column":43}}]},"5":{"loc":{"start":{"line":67,"column":50},"end":{"line":67,"column":97}},"type":"binary-expr","locations":[{"start":{"line":67,"column":50},"end":{"line":67,"column":74}},{"start":{"line":67,"column":78},"end":{"line":67,"column":97}}]},"6":{"loc":{"start":{"line":68,"column":26},"end":{"line":68,"column":79}},"type":"cond-expr","locations":[{"start":{"line":68,"column":38},"end":{"line":68,"column":75}},{"start":{"line":68,"column":78},"end":{"line":68,"column":79}}]},"7":{"loc":{"start":{"line":75,"column":6},"end":{"line":75,"column":68}},"type":"if","locations":[{"start":{"line":75,"column":6},"end":{"line":75,"column":68}},{"start":{},"end":{}}]},"8":{"loc":{"start":{"line":75,"column":10},"end":{"line":75,"column":57}},"type":"binary-expr","locations":[{"start":{"line":75,"column":10},"end":{"line":75,"column":34}},{"start":{"line":75,"column":38},"end":{"line":75,"column":57}}]},"9":{"loc":{"start":{"line":77,"column":6},"end":{"line":79,"column":17}},"type":"if","locations":[{"start":{"line":77,"column":6},"end":{"line":79,"column":17}},{"start":{"line":78,"column":11},"end":{"line":79,"column":17}}]},"10":{"loc":{"start":{"line":78,"column":11},"end":{"line":79,"column":17}},"type":"if","locations":[{"start":{"line":78,"column":11},"end":{"line":79,"column":17}},{"start":{"line":79,"column":11},"end":{"line":79,"column":17}}]},"11":{"loc":{"start":{"line":83,"column":4},"end":{"line":84,"column":84}},"type":"if","locations":[{"start":{"line":83,"column":4},"end":{"line":84,"column":84}},{"start":{"line":84,"column":9},"end":{"line":84,"column":84}}]},"12":{"loc":{"start":{"line":84,"column":9},"end":{"line":84,"column":84}},"type":"if","locations":[{"start":{"line":84,"column":9},"end":{"line":84,"column":84}},{"start":{},"end":{}}]},"13":{"loc":{"start":{"line":84,"column":13},"end":{"line":84,"column":61}},"type":"binary-expr","locations":[{"start":{"line":84,"column":13},"end":{"line":84,"column":36}},{"start":{"line":84,"column":40},"end":{"line":84,"column":61}}]},"14":{"loc":{"start":{"line":86,"column":28},"end":{"line":90,"column":33}},"type":"cond-expr","locations":[{"start":{"line":87,"column":8},"end":{"line":87,"column":31}},{"start":{"line":88,"column":8},"end":{"line":90,"column":33}}]},"15":{"loc":{"start":{"line":88,"column":8},"end":{"line":90,"column":33}},"type":"cond-expr","locations":[{"start":{"line":89,"column":10},"end":{"line":89,"column":33}},{"start":{"line":90,"column":10},"end":{"line":90,"column":33}}]},"16":{"loc":{"start":{"line":93,"column":18},"end":{"line":93,"column":53}},"type":"binary-expr","locations":[{"start":{"line":93,"column":18},"end":{"line":93,"column":34}},{"start":{"line":93,"column":38},"end":{"line":93,"column":53}}]},"17":{"loc":{"start":{"line":103,"column":21},"end":{"line":107,"column":16}},"type":"cond-expr","locations":[{"start":{"line":104,"column":6},"end":{"line":104,"column":14}},{"start":{"line":105,"column":6},"end":{"line":107,"column":16}}]},"18":{"loc":{"start":{"line":105,"column":6},"end":{"line":107,"column":16}},"type":"cond-expr","locations":[{"start":{"line":106,"column":8},"end":{"line":106,"column":16}},{"start":{"line":107,"column":8},"end":{"line":107,"column":16}}]}},"s":{"0":0,"1":0,"2":0,"3":0,"4":0,"5":0,"6":0,"7":0,"8":0,"9":0,"10":0,"11":0,"12":0,"13":0,"14":0,"15":0,"16":0,"17":0,"18":0,"19":0,"20":0,"21":0,"22":0,"23":0,"24":0,"25":0,"26":0,"27":0,"28":0,"29":0,"30":0,"31":0,"32":0,"33":0,"34":0,"35":0,"36":0,"37":0,"38":0,"39":0,"40":0,"41":0,"42":0,"43":0,"44":0,"45":0,"46":0,"47":0,"48":0,"49":0,"50":0},"f":{"0":0,"1":0,"2":0},"b":{"0":[0,0],"1":[0,0],"2":[0,0],"3":[0,0],"4":[0,0],"5":[0,0],"6":[0,0],"7":[0,0],"8":[0,0],"9":[0,0],"10":[0,0],"11":[0,0],"12":[0,0],"13":[0,0],"14":[0,0],"15":[0,0],"16":[0,0],"17":[0,0],"18":[0,0]}}
,"E:\\Programmierung\\Worktrees\\feat-phase3\\src\\utils\\timezoneHelper.ts": {"path":"E:\\Programmierung\\Worktrees\\feat-phase3\\src\\utils\\timezoneHelper.ts","statementMap":{"0":{"start":{"line":62,"column":0},"end":{"line":62,"column":16}},"1":{"start":{"line":82,"column":0},"end":{"line":82,"column":16}},"2":{"start":{"line":5,"column":51},"end":{"line":56,"column":2}},"3":{"start":{"line":63,"column":2},"end":{"line":63,"column":27}},"4":{"start":{"line":63,"column":15},"end":{"line":63,"column":27}},"5":{"start":{"line":66,"column":2},"end":{"line":68,"column":3}},"6":{"start":{"line":67,"column":4},"end":{"line":67,"column":38}},"7":{"start":{"line":71,"column":21},"end":{"line":71,"column":41}},"8":{"start":{"line":72,"column":2},"end":{"line":74,"column":3}},"9":{"start":{"line":73,"column":4},"end":{"line":73,"column":42}},"10":{"start":{"line":76,"column":2},"end":{"line":76,"column":14}},"11":{"start":{"line":83,"column":2},"end":{"line":87,"column":3}},"12":{"start":{"line":84,"column":4},"end":{"line":84,"column":27}},"13":{"start":{"line":86,"column":4},"end":{"line":86,"column":26}}},"fnMap":{"0":{"name":"getTimezoneFromLocale","decl":{"start":{"line":62,"column":16},"end":{"line":62,"column":37}},"loc":{"start":{"line":62,"column":59},"end":{"line":77,"column":1}}},"1":{"name":"getTimezoneName","decl":{"start":{"line":82,"column":16},"end":{"line":82,"column":31}},"loc":{"start":{"line":82,"column":46},"end":{"line":88,"column":1}}}},"branchMap":{"0":{"loc":{"start":{"line":63,"column":2},"end":{"line":63,"column":27}},"type":"if","locations":[{"start":{"line":63,"column":2},"end":{"line":63,"column":27}},{"start":{},"end":{}}]},"1":{"loc":{"start":{"line":66,"column":2},"end":{"line":68,"column":3}},"type":"if","locations":[{"start":{"line":66,"column":2},"end":{"line":68,"column":3}},{"start":{},"end":{}}]},"2":{"loc":{"start":{"line":72,"column":2},"end":{"line":74,"column":3}},"type":"if","locations":[{"start":{"line":72,"column":2},"end":{"line":74,"column":3}},{"start":{},"end":{}}]},"3":{"loc":{"start":{"line":83,"column":2},"end":{"line":87,"column":3}},"type":"if","locations":[{"start":{"line":83,"column":2},"end":{"line":87,"column":3}},{"start":{"line":85,"column":9},"end":{"line":87,"column":3}}]}},"s":{"0":0,"1":0,"2":0,"3":0,"4":0,"5":0,"6":0,"7":0,"8":0,"9":0,"10":0,"11":0,"12":0,"13":0},"f":{"0":0,"1":0},"b":{"0":[0,0],"1":[0,0],"2":[0,0],"3":[0,0]}}
,"E:\\Programmierung\\Worktrees\\feat-phase3\\src\\utils\\wowData.ts": {"path":"E:\\Programmierung\\Worktrees\\feat-phase3\\src\\utils\\wowData.ts","statementMap":{"0":{"start":{"line":179,"column":0},"end":{"line":179,"column":16}},"1":{"start":{"line":183,"column":0},"end":{"line":183,"column":16}},"2":{"start":{"line":187,"column":0},"end":{"line":187,"column":16}},"3":{"start":{"line":193,"column":0},"end":{"line":193,"column":16}},"4":{"start":{"line":1,"column":13},"end":{"line":15,"column":11}},"5":{"start":{"line":17,"column":13},"end":{"line":31,"column":2}},"6":{"start":{"line":33,"column":13},"end":{"line":37,"column":2}},"7":{"start":{"line":42,"column":44},"end":{"line":108,"column":2}},"8":{"start":{"line":111,"column":13},"end":{"line":177,"column":2}},"9":{"start":{"line":180,"column":2},"end":{"line":180,"column":36}},"10":{"start":{"line":184,"column":2},"end":{"line":184,"column":36}},"11":{"start":{"line":188,"column":2},"end":{"line":188,"column":43}},"12":{"start":{"line":188,"column":31},"end":{"line":188,"column":43}},"13":{"start":{"line":189,"column":14},"end":{"line":189,"column":40}},"14":{"start":{"line":190,"column":2},"end":{"line":190,"column":33}},"15":{"start":{"line":194,"column":2},"end":{"line":194,"column":41}},"16":{"start":{"line":194,"column":31},"end":{"line":194,"column":41}},"17":{"start":{"line":195,"column":14},"end":{"line":195,"column":40}},"18":{"start":{"line":196,"column":2},"end":{"line":196,"column":33}}},"fnMap":{"0":{"name":"getClassList","decl":{"start":{"line":179,"column":16},"end":{"line":179,"column":28}},"loc":{"start":{"line":179,"column":28},"end":{"line":181,"column":1}}},"1":{"name":"getSpecsForClass","decl":{"start":{"line":183,"column":16},"end":{"line":183,"column":32}},"loc":{"start":{"line":183,"column":50},"end":{"line":185,"column":1}}},"2":{"name":"getSpecRole","decl":{"start":{"line":187,"column":16},"end":{"line":187,"column":27}},"loc":{"start":{"line":187,"column":77},"end":{"line":191,"column":1}}},"3":{"name":"getSpecSymbol","decl":{"start":{"line":193,"column":16},"end":{"line":193,"column":29}},"loc":{"start":{"line":193,"column":79},"end":{"line":197,"column":1}}}},"branchMap":{"0":{"loc":{"start":{"line":184,"column":9},"end":{"line":184,"column":35}},"type":"binary-expr","locations":[{"start":{"line":184,"column":9},"end":{"line":184,"column":29}},{"start":{"line":184,"column":33},"end":{"line":184,"column":35}}]},"1":{"loc":{"start":{"line":188,"column":2},"end":{"line":188,"column":43}},"type":"if","locations":[{"start":{"line":188,"column":2},"end":{"line":188,"column":43}},{"start":{},"end":{}}]},"2":{"loc":{"start":{"line":188,"column":6},"end":{"line":188,"column":29}},"type":"binary-expr","locations":[{"start":{"line":188,"column":6},"end":{"line":188,"column":16}},{"start":{"line":188,"column":20},"end":{"line":188,"column":29}}]},"3":{"loc":{"start":{"line":190,"column":9},"end":{"line":190,"column":32}},"type":"binary-expr","locations":[{"start":{"line":190,"column":9},"end":{"line":190,"column":24}},{"start":{"line":190,"column":28},"end":{"line":190,"column":32}}]},"4":{"loc":{"start":{"line":194,"column":2},"end":{"line":194,"column":41}},"type":"if","locations":[{"start":{"line":194,"column":2},"end":{"line":194,"column":41}},{"start":{},"end":{}}]},"5":{"loc":{"start":{"line":194,"column":6},"end":{"line":194,"column":29}},"type":"binary-expr","locations":[{"start":{"line":194,"column":6},"end":{"line":194,"column":16}},{"start":{"line":194,"column":20},"end":{"line":194,"column":29}}]},"6":{"loc":{"start":{"line":196,"column":9},"end":{"line":196,"column":32}},"type":"binary-expr","locations":[{"start":{"line":196,"column":9},"end":{"line":196,"column":26}},{"start":{"line":196,"column":30},"end":{"line":196,"column":32}}]}},"s":{"0":1,"1":1,"2":1,"3":1,"4":1,"5":1,"6":1,"7":1,"8":1,"9":0,"10":0,"11":3,"12":0,"13":3,"14":3,"15":0,"16":0,"17":0,"18":0},"f":{"0":0,"1":0,"2":3,"3":0},"b":{"0":[0,0],"1":[0,3],"2":[3,3],"3":[3,0],"4":[0,0],"5":[0,0],"6":[0,0]}}
}
