{"E:\\Programmierung\\Worktrees\\dev\\src\\utils\\attendanceAnalytics.ts": {"path":"E:\\Programmierung\\Worktrees\\dev\\src\\utils\\attendanceAnalytics.ts","statementMap":{"0":{"start":{"line":105,"column":0},"end":{"line":105,"column":7}},"1":{"start":{"line":154,"column":0},"end":{"line":154,"column":7}},"2":{"start":{"line":229,"column":0},"end":{"line":229,"column":7}},"3":{"start":{"line":302,"column":0},"end":{"line":302,"column":7}},"4":{"start":{"line":332,"column":0},"end":{"line":332,"column":16}},"5":{"start":{"line":467,"column":0},"end":{"line":467,"column":16}},"6":{"start":{"line":486,"column":0},"end":{"line":486,"column":16}},"7":{"start":{"line":496,"column":0},"end":{"line":496,"column":16}},"8":{"start":{"line":504,"column":0},"end":{"line":504,"column":16}},"9":{"start":{"line":519,"column":0},"end":{"line":519,"column":16}},"10":{"start":{"line":1,"column":0},"end":{"line":1,"column":40}},"11":{"start":{"line":2,"column":0},"end":{"line":2,"column":78}},"12":{"start":{"line":3,"column":0},"end":{"line":3,"column":73}},"13":{"start":{"line":80,"column":2},"end":{"line":80,"column":52}},"14":{"start":{"line":80,"column":35},"end":{"line":80,"column":52}},"15":{"start":{"line":81,"column":2},"end":{"line":81,"column":36}},"16":{"start":{"line":81,"column":26},"end":{"line":81,"column":36}},"17":{"start":{"line":82,"column":2},"end":{"line":82,"column":38}},"18":{"start":{"line":82,"column":28},"end":{"line":82,"column":38}},"19":{"start":{"line":83,"column":17},"end":{"line":83,"column":37}},"20":{"start":{"line":84,"column":2},"end":{"line":84,"column":44}},"21":{"start":{"line":91,"column":2},"end":{"line":91,"column":30}},"22":{"start":{"line":91,"column":13},"end":{"line":91,"column":30}},"23":{"start":{"line":92,"column":17},"end":{"line":92,"column":27}},"24":{"start":{"line":93,"column":2},"end":{"line":93,"column":42}},"25":{"start":{"line":94,"column":2},"end":{"line":94,"column":16}},"26":{"start":{"line":110,"column":15},"end":{"line":110,"column":35}},"27":{"start":{"line":111,"column":17},"end":{"line":111,"column":36}},"28":{"start":{"line":113,"column":18},"end":{"line":133,"column":4}},"29":{"start":{"line":135,"column":2},"end":{"line":143,"column":6}},"30":{"start":{"line":135,"column":29},"end":{"line":143,"column":4}},"31":{"start":{"line":159,"column":15},"end":{"line":159,"column":35}},"32":{"start":{"line":160,"column":17},"end":{"line":160,"column":36}},"33":{"start":{"line":162,"column":18},"end":{"line":176,"column":4}},"34":{"start":{"line":178,"column":28},"end":{"line":178,"column":42}},"35":{"start":{"line":179,"column":20},"end":{"line":179,"column":67}},"36":{"start":{"line":179,"column":42},"end":{"line":179,"column":66}},"37":{"start":{"line":180,"column":19},"end":{"line":180,"column":66}},"38":{"start":{"line":180,"column":41},"end":{"line":180,"column":65}},"39":{"start":{"line":181,"column":15},"end":{"line":181,"column":57}},"40":{"start":{"line":181,"column":37},"end":{"line":181,"column":56}},"41":{"start":{"line":183,"column":24},"end":{"line":183,"column":54}},"42":{"start":{"line":185,"column":4},"end":{"line":187,"column":9}},"43":{"start":{"line":189,"column":22},"end":{"line":189,"column":57}},"44":{"start":{"line":192,"column":45},"end":{"line":192,"column":49}},"45":{"start":{"line":193,"column":34},"end":{"line":193,"column":36}},"46":{"start":{"line":194,"column":2},"end":{"line":201,"column":3}},"47":{"start":{"line":195,"column":4},"end":{"line":200,"column":5}},"48":{"start":{"line":196,"column":19},"end":{"line":196,"column":71}},"49":{"start":{"line":197,"column":6},"end":{"line":199,"column":7}},"50":{"start":{"line":198,"column":8},"end":{"line":198,"column":33}},"51":{"start":{"line":202,"column":2},"end":{"line":205,"column":3}},"52":{"start":{"line":203,"column":4},"end":{"line":204,"column":82}},"53":{"start":{"line":204,"column":48},"end":{"line":204,"column":53}},"54":{"start":{"line":208,"column":16},"end":{"line":208,"column":50}},"55":{"start":{"line":210,"column":2},"end":{"line":219,"column":4}},"56":{"start":{"line":233,"column":18},"end":{"line":243,"column":4}},"57":{"start":{"line":245,"column":21},"end":{"line":245,"column":47}},"58":{"start":{"line":247,"column":2},"end":{"line":252,"column":3}},"59":{"start":{"line":248,"column":17},"end":{"line":248,"column":51}},"60":{"start":{"line":249,"column":4},"end":{"line":251,"column":5}},"61":{"start":{"line":250,"column":6},"end":{"line":250,"column":60}},"62":{"start":{"line":254,"column":24},"end":{"line":254,"column":82}},"63":{"start":{"line":254,"column":73},"end":{"line":254,"column":78}},"64":{"start":{"line":256,"column":49},"end":{"line":262,"column":38}},"65":{"start":{"line":257,"column":29},"end":{"line":261,"column":6}},"66":{"start":{"line":262,"column":20},"end":{"line":262,"column":37}},"67":{"start":{"line":264,"column":19},"end":{"line":264,"column":45}},"68":{"start":{"line":265,"column":19},"end":{"line":267,"column":23}},"69":{"start":{"line":266,"column":19},"end":{"line":266,"column":38}},"70":{"start":{"line":267,"column":16},"end":{"line":267,"column":22}},"71":{"start":{"line":270,"column":24},"end":{"line":270,"column":41}},"72":{"start":{"line":271,"column":2},"end":{"line":273,"column":3}},"73":{"start":{"line":272,"column":4},"end":{"line":272,"column":50}},"74":{"start":{"line":272,"column":20},"end":{"line":272,"column":50}},"75":{"start":{"line":275,"column":22},"end":{"line":275,"column":40}},"76":{"start":{"line":276,"column":2},"end":{"line":279,"column":3}},"77":{"start":{"line":277,"column":18},"end":{"line":277,"column":41}},"78":{"start":{"line":278,"column":4},"end":{"line":278,"column":47}},"79":{"start":{"line":278,"column":25},"end":{"line":278,"column":45}},"80":{"start":{"line":281,"column":27},"end":{"line":283,"column":null}},"81":{"start":{"line":286,"column":2},"end":{"line":291,"column":4}},"82":{"start":{"line":307,"column":17},"end":{"line":307,"column":27}},"83":{"start":{"line":308,"column":2},"end":{"line":308,"column":48}},"84":{"start":{"line":310,"column":18},"end":{"line":323,"column":4}},"85":{"start":{"line":325,"column":2},"end":{"line":325,"column":54}},"86":{"start":{"line":337,"column":14},"end":{"line":337,"column":24}},"87":{"start":{"line":338,"column":34},"end":{"line":338,"column":36}},"88":{"start":{"line":339,"column":19},"end":{"line":339,"column":44}},"89":{"start":{"line":341,"column":2},"end":{"line":362,"column":3}},"90":{"start":{"line":341,"column":15},"end":{"line":341,"column":27}},"91":{"start":{"line":342,"column":20},"end":{"line":342,"column":33}},"92":{"start":{"line":343,"column":4},"end":{"line":343,"column":47}},"93":{"start":{"line":344,"column":4},"end":{"line":344,"column":38}},"94":{"start":{"line":346,"column":22},"end":{"line":346,"column":39}},"95":{"start":{"line":347,"column":4},"end":{"line":347,"column":47}},"96":{"start":{"line":348,"column":4},"end":{"line":348,"column":35}},"97":{"start":{"line":350,"column":24},"end":{"line":353,"column":6}},"98":{"start":{"line":351,"column":16},"end":{"line":351,"column":31}},"99":{"start":{"line":352,"column":6},"end":{"line":352,"column":44}},"100":{"start":{"line":355,"column":21},"end":{"line":357,"column":12}},"101":{"start":{"line":356,"column":13},"end":{"line":356,"column":60}},"102":{"start":{"line":358,"column":18},"end":{"line":358,"column":36}},"103":{"start":{"line":359,"column":17},"end":{"line":359,"column":75}},"104":{"start":{"line":361,"column":4},"end":{"line":361,"column":62}},"105":{"start":{"line":365,"column":24},"end":{"line":365,"column":56}},"106":{"start":{"line":365,"column":44},"end":{"line":365,"column":55}},"107":{"start":{"line":366,"column":20},"end":{"line":366,"column":58}},"108":{"start":{"line":367,"column":21},"end":{"line":367,"column":60}},"109":{"start":{"line":369,"column":2},"end":{"line":373,"column":4}},"110":{"start":{"line":382,"column":2},"end":{"line":382,"column":42}},"111":{"start":{"line":382,"column":26},"end":{"line":382,"column":42}},"112":{"start":{"line":385,"column":17},"end":{"line":386,"column":null}},"113":{"start":{"line":386,"column":14},"end":{"line":386,"column":67}},"114":{"start":{"line":390,"column":14},"end":{"line":390,"column":43}},"115":{"start":{"line":391,"column":20},"end":{"line":391,"column":40}},"116":{"start":{"line":392,"column":21},"end":{"line":392,"column":38}},"117":{"start":{"line":394,"column":20},"end":{"line":394,"column":65}},"118":{"start":{"line":395,"column":21},"end":{"line":395,"column":67}},"119":{"start":{"line":397,"column":15},"end":{"line":397,"column":37}},"120":{"start":{"line":398,"column":2},"end":{"line":398,"column":36}},"121":{"start":{"line":398,"column":17},"end":{"line":398,"column":36}},"122":{"start":{"line":399,"column":2},"end":{"line":399,"column":37}},"123":{"start":{"line":399,"column":18},"end":{"line":399,"column":37}},"124":{"start":{"line":400,"column":2},"end":{"line":400,"column":18}},"125":{"start":{"line":409,"column":2},"end":{"line":409,"column":37}},"126":{"start":{"line":409,"column":28},"end":{"line":409,"column":37}},"127":{"start":{"line":410,"column":19},"end":{"line":412,"column":10}},"128":{"start":{"line":411,"column":11},"end":{"line":411,"column":58}},"129":{"start":{"line":413,"column":2},"end":{"line":413,"column":43}},"130":{"start":{"line":420,"column":2},"end":{"line":420,"column":48}},"131":{"start":{"line":420,"column":32},"end":{"line":420,"column":48}},"132":{"start":{"line":423,"column":12},"end":{"line":423,"column":32}},"133":{"start":{"line":424,"column":13},"end":{"line":424,"column":14}},"134":{"start":{"line":424,"column":23},"end":{"line":424,"column":24}},"135":{"start":{"line":424,"column":34},"end":{"line":424,"column":35}},"136":{"start":{"line":424,"column":45},"end":{"line":424,"column":46}},"137":{"start":{"line":425,"column":2},"end":{"line":430,"column":3}},"138":{"start":{"line":425,"column":15},"end":{"line":425,"column":16}},"139":{"start":{"line":426,"column":4},"end":{"line":426,"column":14}},"140":{"start":{"line":427,"column":4},"end":{"line":427,"column":34}},"141":{"start":{"line":428,"column":4},"end":{"line":428,"column":39}},"142":{"start":{"line":429,"column":4},"end":{"line":429,"column":19}},"143":{"start":{"line":432,"column":22},"end":{"line":432,"column":45}},"144":{"start":{"line":433,"column":2},"end":{"line":433,"column":41}},"145":{"start":{"line":433,"column":25},"end":{"line":433,"column":41}},"146":{"start":{"line":435,"column":16},"end":{"line":435,"column":55}},"147":{"start":{"line":438,"column":2},"end":{"line":438,"column":36}},"148":{"start":{"line":438,"column":17},"end":{"line":438,"column":36}},"149":{"start":{"line":439,"column":2},"end":{"line":439,"column":37}},"150":{"start":{"line":439,"column":18},"end":{"line":439,"column":37}},"151":{"start":{"line":440,"column":2},"end":{"line":440,"column":18}},"152":{"start":{"line":447,"column":2},"end":{"line":447,"column":43}},"153":{"start":{"line":447,"column":34},"end":{"line":447,"column":43}},"154":{"start":{"line":448,"column":2},"end":{"line":448,"column":44}},"155":{"start":{"line":448,"column":34},"end":{"line":448,"column":44}},"156":{"start":{"line":450,"column":21},"end":{"line":450,"column":71}},"157":{"start":{"line":450,"column":54},"end":{"line":450,"column":67}},"158":{"start":{"line":453,"column":22},"end":{"line":453,"column":59}},"159":{"start":{"line":454,"column":22},"end":{"line":454,"column":50}},"160":{"start":{"line":456,"column":2},"end":{"line":456,"column":67}},"161":{"start":{"line":468,"column":16},"end":{"line":468,"column":42}},"162":{"start":{"line":469,"column":2},"end":{"line":469,"column":36}},"163":{"start":{"line":469,"column":26},"end":{"line":469,"column":36}},"164":{"start":{"line":471,"column":16},"end":{"line":471,"column":34}},"165":{"start":{"line":472,"column":2},"end":{"line":475,"column":3}},"166":{"start":{"line":473,"column":17},"end":{"line":473,"column":44}},"167":{"start":{"line":474,"column":4},"end":{"line":474,"column":30}},"168":{"start":{"line":474,"column":14},"end":{"line":474,"column":30}},"169":{"start":{"line":477,"column":2},"end":{"line":477,"column":27}},"170":{"start":{"line":487,"column":2},"end":{"line":487,"column":45}},"171":{"start":{"line":497,"column":2},"end":{"line":497,"column":46}},"172":{"start":{"line":497,"column":34},"end":{"line":497,"column":46}},"173":{"start":{"line":498,"column":2},"end":{"line":498,"column":31}},"174":{"start":{"line":505,"column":2},"end":{"line":513,"column":3}},"175":{"start":{"line":507,"column":6},"end":{"line":507,"column":18}},"176":{"start":{"line":509,"column":6},"end":{"line":509,"column":18}},"177":{"start":{"line":512,"column":6},"end":{"line":512,"column":17}},"178":{"start":{"line":520,"column":2},"end":{"line":520,"column":32}},"179":{"start":{"line":520,"column":19},"end":{"line":520,"column":32}},"180":{"start":{"line":521,"column":18},"end":{"line":521,"column":40}},"181":{"start":{"line":522,"column":16},"end":{"line":522,"column":40}},"182":{"start":{"line":523,"column":15},"end":{"line":523,"column":37}},"183":{"start":{"line":525,"column":2},"end":{"line":525,"column":49}},"184":{"start":{"line":525,"column":16},"end":{"line":525,"column":49}},"185":{"start":{"line":526,"column":2},"end":{"line":526,"column":53}},"186":{"start":{"line":526,"column":17},"end":{"line":526,"column":53}},"187":{"start":{"line":527,"column":2},"end":{"line":527,"column":23}}},"fnMap":{"0":{"name":"periodToDays","decl":{"start":{"line":79,"column":9},"end":{"line":79,"column":21}},"loc":{"start":{"line":79,"column":37},"end":{"line":85,"column":1}}},"1":{"name":"getDateCutoff","decl":{"start":{"line":90,"column":9},"end":{"line":90,"column":22}},"loc":{"start":{"line":90,"column":36},"end":{"line":95,"column":1}}},"2":{"name":"getPlayerAttendanceHistory","decl":{"start":{"line":105,"column":22},"end":{"line":105,"column":48}},"loc":{"start":{"line":108,"column":17},"end":{"line":144,"column":1}}},"3":{"name":"(anonymous_4)","decl":{"start":{"line":135,"column":21},"end":{"line":135,"column":22}},"loc":{"start":{"line":135,"column":29},"end":{"line":143,"column":4}}},"4":{"name":"calculatePlayerStats","decl":{"start":{"line":154,"column":22},"end":{"line":154,"column":42}},"loc":{"start":{"line":157,"column":17},"end":{"line":220,"column":1}}},"5":{"name":"(anonymous_6)","decl":{"start":{"line":179,"column":35},"end":{"line":179,"column":36}},"loc":{"start":{"line":179,"column":42},"end":{"line":179,"column":66}}},"6":{"name":"(anonymous_7)","decl":{"start":{"line":180,"column":34},"end":{"line":180,"column":35}},"loc":{"start":{"line":180,"column":41},"end":{"line":180,"column":65}}},"7":{"name":"(anonymous_8)","decl":{"start":{"line":181,"column":30},"end":{"line":181,"column":31}},"loc":{"start":{"line":181,"column":37},"end":{"line":181,"column":56}}},"8":{"name":"(anonymous_9)","decl":{"start":{"line":204,"column":38},"end":{"line":204,"column":39}},"loc":{"start":{"line":204,"column":48},"end":{"line":204,"column":53}}},"9":{"name":"getPlayerRoleDistribution","decl":{"start":{"line":229,"column":22},"end":{"line":229,"column":47}},"loc":{"start":{"line":231,"column":17},"end":{"line":292,"column":1}}},"10":{"name":"(anonymous_11)","decl":{"start":{"line":254,"column":63},"end":{"line":254,"column":64}},"loc":{"start":{"line":254,"column":73},"end":{"line":254,"column":78}}},"11":{"name":"(anonymous_12)","decl":{"start":{"line":257,"column":9},"end":{"line":257,"column":10}},"loc":{"start":{"line":257,"column":29},"end":{"line":261,"column":6}}},"12":{"name":"(anonymous_13)","decl":{"start":{"line":262,"column":10},"end":{"line":262,"column":11}},"loc":{"start":{"line":262,"column":20},"end":{"line":262,"column":37}}},"13":{"name":"(anonymous_14)","decl":{"start":{"line":266,"column":12},"end":{"line":266,"column":13}},"loc":{"start":{"line":266,"column":19},"end":{"line":266,"column":38}}},"14":{"name":"(anonymous_15)","decl":{"start":{"line":267,"column":9},"end":{"line":267,"column":10}},"loc":{"start":{"line":267,"column":16},"end":{"line":267,"column":22}}},"15":{"name":"(anonymous_16)","decl":{"start":{"line":278,"column":18},"end":{"line":278,"column":19}},"loc":{"start":{"line":278,"column":25},"end":{"line":278,"column":45}}},"16":{"name":"getTrendData","decl":{"start":{"line":302,"column":22},"end":{"line":302,"column":34}},"loc":{"start":{"line":305,"column":25},"end":{"line":326,"column":1}}},"17":{"name":"analyzeTrendFromRecords","decl":{"start":{"line":332,"column":16},"end":{"line":332,"column":39}},"loc":{"start":{"line":334,"column":20},"end":{"line":374,"column":1}}},"18":{"name":"(anonymous_19)","decl":{"start":{"line":350,"column":39},"end":{"line":350,"column":40}},"loc":{"start":{"line":350,"column":45},"end":{"line":353,"column":5}}},"19":{"name":"(anonymous_20)","decl":{"start":{"line":356,"column":6},"end":{"line":356,"column":7}},"loc":{"start":{"line":356,"column":13},"end":{"line":356,"column":60}}},"20":{"name":"(anonymous_21)","decl":{"start":{"line":365,"column":37},"end":{"line":365,"column":38}},"loc":{"start":{"line":365,"column":44},"end":{"line":365,"column":55}}},"21":{"name":"calculateTrendFromRecords","decl":{"start":{"line":379,"column":9},"end":{"line":379,"column":34}},"loc":{"start":{"line":380,"column":79},"end":{"line":401,"column":1}}},"22":{"name":"(anonymous_23)","decl":{"start":{"line":386,"column":4},"end":{"line":386,"column":5}},"loc":{"start":{"line":386,"column":14},"end":{"line":386,"column":67}}},"23":{"name":"calculateAttendanceRateFromRecords","decl":{"start":{"line":406,"column":9},"end":{"line":406,"column":43}},"loc":{"start":{"line":407,"column":36},"end":{"line":414,"column":1}}},"24":{"name":"(anonymous_25)","decl":{"start":{"line":411,"column":4},"end":{"line":411,"column":5}},"loc":{"start":{"line":411,"column":11},"end":{"line":411,"column":58}}},"25":{"name":"calculateTrendDirection","decl":{"start":{"line":419,"column":9},"end":{"line":419,"column":32}},"loc":{"start":{"line":419,"column":64},"end":{"line":441,"column":1}}},"26":{"name":"calculateTrendConfidence","decl":{"start":{"line":446,"column":9},"end":{"line":446,"column":33}},"loc":{"start":{"line":446,"column":65},"end":{"line":457,"column":1}}},"27":{"name":"(anonymous_28)","decl":{"start":{"line":450,"column":42},"end":{"line":450,"column":43}},"loc":{"start":{"line":450,"column":54},"end":{"line":450,"column":67}}},"28":{"name":"getRoleFlexibility","decl":{"start":{"line":467,"column":16},"end":{"line":467,"column":34}},"loc":{"start":{"line":467,"column":51},"end":{"line":478,"column":1}}},"29":{"name":"calculateReliabilityTier","decl":{"start":{"line":486,"column":16},"end":{"line":486,"column":40}},"loc":{"start":{"line":486,"column":63},"end":{"line":488,"column":1}}},"30":{"name":"getMainRole","decl":{"start":{"line":496,"column":16},"end":{"line":496,"column":27}},"loc":{"start":{"line":496,"column":66},"end":{"line":499,"column":1}}},"31":{"name":"getTrendEmoji","decl":{"start":{"line":504,"column":16},"end":{"line":504,"column":29}},"loc":{"start":{"line":504,"column":51},"end":{"line":514,"column":1}}},"32":{"name":"formatResponseTime","decl":{"start":{"line":519,"column":16},"end":{"line":519,"column":34}},"loc":{"start":{"line":519,"column":52},"end":{"line":528,"column":1}}}},"branchMap":{"0":{"loc":{"start":{"line":80,"column":2},"end":{"line":80,"column":52}},"type":"if","locations":[{"start":{"line":80,"column":2},"end":{"line":80,"column":52}},{"start":{},"end":{}}]},"1":{"loc":{"start":{"line":80,"column":6},"end":{"line":80,"column":33}},"type":"binary-expr","locations":[{"start":{"line":80,"column":6},"end":{"line":80,"column":13}},{"start":{"line":80,"column":17},"end":{"line":80,"column":33}}]},"2":{"loc":{"start":{"line":81,"column":2},"end":{"line":81,"column":36}},"type":"if","locations":[{"start":{"line":81,"column":2},"end":{"line":81,"column":36}},{"start":{},"end":{}}]},"3":{"loc":{"start":{"line":82,"column":2},"end":{"line":82,"column":38}},"type":"if","locations":[{"start":{"line":82,"column":2},"end":{"line":82,"column":38}},{"start":{},"end":{}}]},"4":{"loc":{"start":{"line":84,"column":9},"end":{"line":84,"column":43}},"type":"cond-expr","locations":[{"start":{"line":84,"column":25},"end":{"line":84,"column":34}},{"start":{"line":84,"column":37},"end":{"line":84,"column":43}}]},"5":{"loc":{"start":{"line":91,"column":2},"end":{"line":91,"column":30}},"type":"if","locations":[{"start":{"line":91,"column":2},"end":{"line":91,"column":30}},{"start":{},"end":{}}]},"6":{"loc":{"start":{"line":117,"column":10},"end":{"line":117,"column":63}},"type":"cond-expr","locations":[{"start":{"line":117,"column":19},"end":{"line":117,"column":58}},{"start":{"line":117,"column":61},"end":{"line":117,"column":63}}]},"7":{"loc":{"start":{"line":166,"column":10},"end":{"line":166,"column":63}},"type":"cond-expr","locations":[{"start":{"line":166,"column":19},"end":{"line":166,"column":58}},{"start":{"line":166,"column":61},"end":{"line":166,"column":63}}]},"8":{"loc":{"start":{"line":185,"column":4},"end":{"line":187,"column":9}},"type":"cond-expr","locations":[{"start":{"line":186,"column":8},"end":{"line":186,"column":67}},{"start":{"line":187,"column":8},"end":{"line":187,"column":9}}]},"9":{"loc":{"start":{"line":195,"column":4},"end":{"line":200,"column":5}},"type":"if","locations":[{"start":{"line":195,"column":4},"end":{"line":200,"column":5}},{"start":{},"end":{}}]},"10":{"loc":{"start":{"line":197,"column":6},"end":{"line":199,"column":7}},"type":"if","locations":[{"start":{"line":197,"column":6},"end":{"line":199,"column":7}},{"start":{},"end":{}}]},"11":{"loc":{"start":{"line":202,"column":2},"end":{"line":205,"column":3}},"type":"if","locations":[{"start":{"line":202,"column":2},"end":{"line":205,"column":3}},{"start":{},"end":{}}]},"12":{"loc":{"start":{"line":249,"column":4},"end":{"line":251,"column":5}},"type":"if","locations":[{"start":{"line":249,"column":4},"end":{"line":251,"column":5}},{"start":{},"end":{}}]},"13":{"loc":{"start":{"line":250,"column":28},"end":{"line":250,"column":53}},"type":"binary-expr","locations":[{"start":{"line":250,"column":28},"end":{"line":250,"column":48}},{"start":{"line":250,"column":52},"end":{"line":250,"column":53}}]},"14":{"loc":{"start":{"line":260,"column":18},"end":{"line":260,"column":89}},"type":"cond-expr","locations":[{"start":{"line":260,"column":38},"end":{"line":260,"column":85}},{"start":{"line":260,"column":88},"end":{"line":260,"column":89}}]},"15":{"loc":{"start":{"line":272,"column":4},"end":{"line":272,"column":50}},"type":"if","locations":[{"start":{"line":272,"column":4},"end":{"line":272,"column":50}},{"start":{},"end":{}}]},"16":{"loc":{"start":{"line":305,"column":2},"end":{"line":305,"column":25}},"type":"default-arg","locations":[{"start":{"line":305,"column":23},"end":{"line":305,"column":25}}]},"17":{"loc":{"start":{"line":352,"column":13},"end":{"line":352,"column":43}},"type":"binary-expr","locations":[{"start":{"line":352,"column":13},"end":{"line":352,"column":27}},{"start":{"line":352,"column":31},"end":{"line":352,"column":43}}]},"18":{"loc":{"start":{"line":356,"column":13},"end":{"line":356,"column":60}},"type":"binary-expr","locations":[{"start":{"line":356,"column":13},"end":{"line":356,"column":37}},{"start":{"line":356,"column":41},"end":{"line":356,"column":60}}]},"19":{"loc":{"start":{"line":359,"column":17},"end":{"line":359,"column":75}},"type":"cond-expr","locations":[{"start":{"line":359,"column":29},"end":{"line":359,"column":71}},{"start":{"line":359,"column":74},"end":{"line":359,"column":75}}]},"20":{"loc":{"start":{"line":382,"column":2},"end":{"line":382,"column":42}},"type":"if","locations":[{"start":{"line":382,"column":2},"end":{"line":382,"column":42}},{"start":{},"end":{}}]},"21":{"loc":{"start":{"line":398,"column":2},"end":{"line":398,"column":36}},"type":"if","locations":[{"start":{"line":398,"column":2},"end":{"line":398,"column":36}},{"start":{},"end":{}}]},"22":{"loc":{"start":{"line":399,"column":2},"end":{"line":399,"column":37}},"type":"if","locations":[{"start":{"line":399,"column":2},"end":{"line":399,"column":37}},{"start":{},"end":{}}]},"23":{"loc":{"start":{"line":409,"column":2},"end":{"line":409,"column":37}},"type":"if","locations":[{"start":{"line":409,"column":2},"end":{"line":409,"column":37}},{"start":{},"end":{}}]},"24":{"loc":{"start":{"line":411,"column":11},"end":{"line":411,"column":58}},"type":"binary-expr","locations":[{"start":{"line":411,"column":11},"end":{"line":411,"column":35}},{"start":{"line":411,"column":39},"end":{"line":411,"column":58}}]},"25":{"loc":{"start":{"line":420,"column":2},"end":{"line":420,"column":48}},"type":"if","locations":[{"start":{"line":420,"column":2},"end":{"line":420,"column":48}},{"start":{},"end":{}}]},"26":{"loc":{"start":{"line":433,"column":2},"end":{"line":433,"column":41}},"type":"if","locations":[{"start":{"line":433,"column":2},"end":{"line":433,"column":41}},{"start":{},"end":{}}]},"27":{"loc":{"start":{"line":438,"column":2},"end":{"line":438,"column":36}},"type":"if","locations":[{"start":{"line":438,"column":2},"end":{"line":438,"column":36}},{"start":{},"end":{}}]},"28":{"loc":{"start":{"line":439,"column":2},"end":{"line":439,"column":37}},"type":"if","locations":[{"start":{"line":439,"column":2},"end":{"line":439,"column":37}},{"start":{},"end":{}}]},"29":{"loc":{"start":{"line":447,"column":2},"end":{"line":447,"column":43}},"type":"if","locations":[{"start":{"line":447,"column":2},"end":{"line":447,"column":43}},{"start":{},"end":{}}]},"30":{"loc":{"start":{"line":448,"column":2},"end":{"line":448,"column":44}},"type":"if","locations":[{"start":{"line":448,"column":2},"end":{"line":448,"column":44}},{"start":{},"end":{}}]},"31":{"loc":{"start":{"line":469,"column":2},"end":{"line":469,"column":36}},"type":"if","locations":[{"start":{"line":469,"column":2},"end":{"line":469,"column":36}},{"start":{},"end":{}}]},"32":{"loc":{"start":{"line":474,"column":4},"end":{"line":474,"column":30}},"type":"if","locations":[{"start":{"line":474,"column":4},"end":{"line":474,"column":30}},{"start":{},"end":{}}]},"33":{"loc":{"start":{"line":497,"column":2},"end":{"line":497,"column":46}},"type":"if","locations":[{"start":{"line":497,"column":2},"end":{"line":497,"column":46}},{"start":{},"end":{}}]},"34":{"loc":{"start":{"line":505,"column":2},"end":{"line":513,"column":3}},"type":"switch","locations":[{"start":{"line":506,"column":4},"end":{"line":507,"column":18}},{"start":{"line":508,"column":4},"end":{"line":509,"column":18}},{"start":{"line":510,"column":4},"end":{"line":510,"column":18}},{"start":{"line":511,"column":4},"end":{"line":512,"column":17}}]},"35":{"loc":{"start":{"line":520,"column":2},"end":{"line":520,"column":32}},"type":"if","locations":[{"start":{"line":520,"column":2},"end":{"line":520,"column":32}},{"start":{},"end":{}}]},"36":{"loc":{"start":{"line":525,"column":2},"end":{"line":525,"column":49}},"type":"if","locations":[{"start":{"line":525,"column":2},"end":{"line":525,"column":49}},{"start":{},"end":{}}]},"37":{"loc":{"start":{"line":526,"column":2},"end":{"line":526,"column":53}},"type":"if","locations":[{"start":{"line":526,"column":2},"end":{"line":526,"column":53}},{"start":{},"end":{}}]}},"s":{"0":1,"1":1,"2":1,"3":1,"4":1,"5":1,"6":1,"7":1,"8":1,"9":1,"10":1,"11":1,"12":1,"13":17,"14":15,"15":2,"16":1,"17":1,"18":1,"19":0,"20":0,"21":17,"22":15,"23":2,"24":2,"25":2,"26":4,"27":4,"28":4,"29":4,"30":2,"31":13,"32":13,"33":13,"34":13,"35":13,"36":57,"37":13,"38":57,"39":13,"40":57,"41":13,"42":13,"43":13,"44":13,"45":13,"46":13,"47":57,"48":4,"49":4,"50":3,"51":13,"52":2,"53":3,"54":13,"55":13,"56":9,"57":9,"58":9,"59":21,"60":21,"61":18,"62":9,"63":12,"64":9,"65":12,"66":5,"67":9,"68":9,"69":12,"70":5,"71":9,"72":9,"73":21,"74":18,"75":9,"76":9,"77":9,"78":9,"79":22,"80":9,"81":9,"82":4,"83":4,"84":4,"85":4,"86":13,"87":13,"88":13,"89":13,"90":13,"91":51,"92":51,"93":51,"94":51,"95":51,"96":51,"97":51,"98":257,"99":257,"100":51,"101":41,"102":51,"103":51,"104":51,"105":13,"106":51,"107":13,"108":13,"109":13,"110":13,"111":7,"112":6,"113":43,"114":6,"115":6,"116":6,"117":6,"118":6,"119":6,"120":6,"121":1,"122":5,"123":2,"124":3,"125":12,"126":0,"127":12,"128":49,"129":12,"130":13,"131":9,"132":4,"133":4,"134":4,"135":4,"136":4,"137":4,"138":4,"139":22,"140":22,"141":22,"142":22,"143":4,"144":4,"145":0,"146":4,"147":4,"148":1,"149":3,"150":1,"151":2,"152":13,"153":4,"154":9,"155":5,"156":4,"157":22,"158":4,"159":4,"160":4,"161":14,"162":14,"163":1,"164":13,"165":13,"166":42,"167":42,"168":42,"169":13,"170":6,"171":11,"172":3,"173":8,"174":3,"175":1,"176":1,"177":1,"178":4,"179":1,"180":3,"181":3,"182":3,"183":3,"184":1,"185":2,"186":1,"187":1},"f":{"0":17,"1":17,"2":4,"3":2,"4":13,"5":57,"6":57,"7":57,"8":3,"9":9,"10":12,"11":12,"12":5,"13":12,"14":5,"15":22,"16":4,"17":13,"18":257,"19":41,"20":51,"21":13,"22":43,"23":12,"24":49,"25":13,"26":13,"27":22,"28":14,"29":6,"30":11,"31":3,"32":4},"b":{"0":[15,2],"1":[17,3],"2":[1,1],"3":[1,0],"4":[0,0],"5":[15,2],"6":[1,3],"7":[1,12],"8":[11,2],"9":[4,53],"10":[3,1],"11":[2,11],"12":[18,3],"13":[18,12],"14":[12,0],"15":[18,3],"16":[1],"17":[257,149],"18":[41,9],"19":[27,24],"20":[7,6],"21":[1,5],"22":[2,3],"23":[0,12],"24":[49,15],"25":[9,4],"26":[0,4],"27":[1,3],"28":[1,2],"29":[4,9],"30":[5,4],"31":[1,13],"32":[42,0],"33":[3,8],"34":[1,1,1,1],"35":[1,3],"36":[1,2],"37":[1,1]}}
}
