TN:
SF:src\commands\config.ts
FN:15,(anonymous_1)
FN:20,(anonymous_2)
FN:24,(anonymous_3)
FN:31,(anonymous_4)
FN:35,(anonymous_5)
FN:42,(anonymous_6)
FN:46,(anonymous_7)
FN:57,(anonymous_8)
FN:61,(anonymous_9)
FN:72,(anonymous_10)
FN:91,handleViewConfig
FN:150,handleSetRaidRoles
FN:166,(anonymous_13)
FN:194,handleSetLeaderRoles
FN:210,(anonymous_15)
FN:238,handleSetLanguage
FN:277,handleSetTimezone
FNF:17
FNH:0
FNDA:0,(anonymous_1)
FNDA:0,(anonymous_2)
FNDA:0,(anonymous_3)
FNDA:0,(anonymous_4)
FNDA:0,(anonymous_5)
FNDA:0,(anonymous_6)
FNDA:0,(anonymous_7)
FNDA:0,(anonymous_8)
FNDA:0,(anonymous_9)
FNDA:0,(anonymous_10)
FNDA:0,handleViewConfig
FNDA:0,handleSetRaidRoles
FNDA:0,(anonymous_13)
FNDA:0,handleSetLeaderRoles
FNDA:0,(anonymous_15)
FNDA:0,handleSetLanguage
FNDA:0,handleSetTimezone
DA:1,0
DA:8,0
DA:11,0
DA:16,0
DA:21,0
DA:25,0
DA:32,0
DA:36,0
DA:43,0
DA:47,0
DA:58,0
DA:62,0
DA:73,0
DA:75,0
DA:77,0
DA:78,0
DA:79,0
DA:80,0
DA:81,0
DA:82,0
DA:83,0
DA:84,0
DA:85,0
DA:86,0
DA:92,0
DA:93,0
DA:97,0
DA:100,0
DA:102,0
DA:106,0
DA:107,0
DA:110,0
DA:113,0
DA:114,0
DA:115,0
DA:116,0
DA:117,0
DA:119,0
DA:147,0
DA:151,0
DA:152,0
DA:156,0
DA:159,0
DA:161,0
DA:164,0
DA:166,0
DA:170,0
DA:171,0
DA:174,0
DA:178,0
DA:189,0
DA:195,0
DA:196,0
DA:200,0
DA:203,0
DA:205,0
DA:208,0
DA:210,0
DA:214,0
DA:215,0
DA:218,0
DA:222,0
DA:233,0
DA:239,0
DA:240,0
DA:244,0
DA:247,0
DA:249,0
DA:251,0
DA:252,0
DA:255,0
DA:259,0
DA:271,0
DA:272,0
DA:278,0
DA:279,0
DA:283,0
DA:286,0
DA:288,0
DA:290,0
DA:291,0
DA:294,0
DA:298,0
DA:311,0
DA:312,0
DA:317,0
LF:86
LH:0
BRDA:73,0,0,0
BRDA:73,0,1,0
BRDA:77,1,0,0
BRDA:77,1,1,0
BRDA:79,2,0,0
BRDA:79,2,1,0
BRDA:81,3,0,0
BRDA:81,3,1,0
BRDA:83,4,0,0
BRDA:83,4,1,0
BRDA:85,5,0,0
BRDA:85,5,1,0
BRDA:92,6,0,0
BRDA:92,6,1,0
BRDA:106,7,0,0
BRDA:106,7,1,0
BRDA:113,8,0,0
BRDA:113,8,1,0
BRDA:114,9,0,0
BRDA:114,9,1,0
BRDA:115,10,0,0
BRDA:115,10,1,0
BRDA:117,11,0,0
BRDA:117,11,1,0
BRDA:151,12,0,0
BRDA:151,12,1,0
BRDA:170,13,0,0
BRDA:170,13,1,0
BRDA:195,14,0,0
BRDA:195,14,1,0
BRDA:214,15,0,0
BRDA:214,15,1,0
BRDA:239,16,0,0
BRDA:239,16,1,0
BRDA:251,17,0,0
BRDA:251,17,1,0
BRDA:251,18,0,0
BRDA:251,18,1,0
BRDA:271,19,0,0
BRDA:271,19,1,0
BRDA:278,20,0,0
BRDA:278,20,1,0
BRDA:290,21,0,0
BRDA:290,21,1,0
BRDA:290,22,0,0
BRDA:290,22,1,0
BRDA:311,23,0,0
BRDA:311,23,1,0
BRF:48
BRH:0
end_of_record
TN:
SF:src\commands\raid.ts
FN:30,buildRoleMentions
FN:32,(anonymous_2)
FN:38,(anonymous_3)
FN:47,(anonymous_4)
FN:57,(anonymous_5)
FN:61,(anonymous_6)
FN:67,(anonymous_7)
FN:73,(anonymous_8)
FN:79,(anonymous_9)
FN:85,(anonymous_10)
FN:92,(anonymous_11)
FN:97,(anonymous_12)
FN:101,(anonymous_13)
FN:108,(anonymous_14)
FN:112,(anonymous_15)
FN:119,(anonymous_16)
FN:123,(anonymous_17)
FN:130,(anonymous_18)
FN:134,(anonymous_19)
FN:140,(anonymous_20)
FN:147,(anonymous_21)
FN:151,(anonymous_22)
FN:158,(anonymous_23)
FN:162,(anonymous_24)
FN:168,(anonymous_25)
FN:174,(anonymous_26)
FN:180,(anonymous_27)
FN:187,(anonymous_28)
FN:191,(anonymous_29)
FN:197,(anonymous_30)
FN:203,(anonymous_31)
FN:209,(anonymous_32)
FN:216,(anonymous_33)
FN:221,(anonymous_34)
FN:225,(anonymous_35)
FN:231,(anonymous_36)
FN:245,(anonymous_37)
FN:276,handleCreateRaid
FN:348,(anonymous_39)
FN:365,(anonymous_40)
FN:412,(anonymous_41)
FN:427,(anonymous_42)
FN:510,createRaidEmbed
FN:529,(anonymous_44)
FN:530,(anonymous_45)
FN:531,(anonymous_46)
FN:543,(anonymous_47)
FN:555,(anonymous_48)
FN:570,(anonymous_49)
FN:633,(anonymous_50)
FN:639,(anonymous_51)
FN:659,handleListRaids
FN:698,(anonymous_53)
FN:699,(anonymous_54)
FN:710,handleDeleteRaid
FN:775,handleCloseRaid
FN:854,handleCancelRaid
FN:932,handleRemindRaid
FN:999,(anonymous_59)
FN:1029,(anonymous_60)
FN:1038,(anonymous_61)
FN:1052,handleRefreshRaid
FN:1103,(anonymous_63)
FN:1114,(anonymous_64)
FN:1140,(anonymous_65)
FN:1144,(anonymous_66)
FN:1149,(anonymous_67)
FN:1204,(anonymous_68)
FN:1222,(anonymous_69)
FN:1237,(anonymous_70)
FN:1258,(anonymous_71)
FN:1327,validateDateFormat
FN:1354,validateTimeFormat
FN:1395,handleEditRaid
FN:1654,(anonymous_75)
FN:1675,(anonymous_76)
FN:1709,(anonymous_77)
FN:1713,(anonymous_78)
FN:1718,(anonymous_79)
FN:1754,(anonymous_80)
FN:1758,(anonymous_81)
FN:1773,(anonymous_82)
FN:1784,(anonymous_83)
FN:1902,(anonymous_84)
FN:1937,handleStatusCommand
FN:1983,(anonymous_86)
FN:1988,(anonymous_87)
FN:2000,handleStatsCommand
FN:2046,(anonymous_89)
FN:2090,(anonymous_90)
FN:2092,(anonymous_91)
FN:2108,handleCloneRaid
FN:2211,(anonymous_93)
FN:2220,(anonymous_94)
FN:2267,(anonymous_95)
FN:2287,(anonymous_96)
FNF:96
FNH:61
FNDA:10,buildRoleMentions
FNDA:10,(anonymous_2)
FNDA:0,(anonymous_3)
FNDA:10,(anonymous_4)
FNDA:5,(anonymous_5)
FNDA:5,(anonymous_6)
FNDA:5,(anonymous_7)
FNDA:5,(anonymous_8)
FNDA:5,(anonymous_9)
FNDA:5,(anonymous_10)
FNDA:5,(anonymous_11)
FNDA:5,(anonymous_12)
FNDA:5,(anonymous_13)
FNDA:5,(anonymous_14)
FNDA:5,(anonymous_15)
FNDA:5,(anonymous_16)
FNDA:5,(anonymous_17)
FNDA:5,(anonymous_18)
FNDA:5,(anonymous_19)
FNDA:5,(anonymous_20)
FNDA:5,(anonymous_21)
FNDA:5,(anonymous_22)
FNDA:5,(anonymous_23)
FNDA:5,(anonymous_24)
FNDA:5,(anonymous_25)
FNDA:5,(anonymous_26)
FNDA:5,(anonymous_27)
FNDA:5,(anonymous_28)
FNDA:5,(anonymous_29)
FNDA:5,(anonymous_30)
FNDA:5,(anonymous_31)
FNDA:5,(anonymous_32)
FNDA:5,(anonymous_33)
FNDA:5,(anonymous_34)
FNDA:5,(anonymous_35)
FNDA:5,(anonymous_36)
FNDA:84,(anonymous_37)
FNDA:0,handleCreateRaid
FNDA:0,(anonymous_39)
FNDA:0,(anonymous_40)
FNDA:0,(anonymous_41)
FNDA:0,(anonymous_42)
FNDA:11,createRaidEmbed
FNDA:15,(anonymous_44)
FNDA:15,(anonymous_45)
FNDA:15,(anonymous_46)
FNDA:7,(anonymous_47)
FNDA:15,(anonymous_48)
FNDA:15,(anonymous_49)
FNDA:0,(anonymous_50)
FNDA:0,(anonymous_51)
FNDA:0,handleListRaids
FNDA:0,(anonymous_53)
FNDA:0,(anonymous_54)
FNDA:0,handleDeleteRaid
FNDA:0,handleCloseRaid
FNDA:0,handleCancelRaid
FNDA:16,handleRemindRaid
FNDA:32,(anonymous_59)
FNDA:12,(anonymous_60)
FNDA:10,(anonymous_61)
FNDA:0,handleRefreshRaid
FNDA:0,(anonymous_63)
FNDA:0,(anonymous_64)
FNDA:0,(anonymous_65)
FNDA:0,(anonymous_66)
FNDA:0,(anonymous_67)
FNDA:0,(anonymous_68)
FNDA:0,(anonymous_69)
FNDA:0,(anonymous_70)
FNDA:0,(anonymous_71)
FNDA:21,validateDateFormat
FNDA:6,validateTimeFormat
FNDA:0,handleEditRaid
FNDA:0,(anonymous_75)
FNDA:0,(anonymous_76)
FNDA:0,(anonymous_77)
FNDA:0,(anonymous_78)
FNDA:0,(anonymous_79)
FNDA:0,(anonymous_80)
FNDA:0,(anonymous_81)
FNDA:0,(anonymous_82)
FNDA:0,(anonymous_83)
FNDA:0,(anonymous_84)
FNDA:19,handleStatusCommand
FNDA:19,(anonymous_86)
FNDA:126,(anonymous_87)
FNDA:23,handleStatsCommand
FNDA:47,(anonymous_89)
FNDA:11,(anonymous_90)
FNDA:51,(anonymous_91)
FNDA:26,handleCloneRaid
FNDA:13,(anonymous_93)
FNDA:15,(anonymous_94)
FNDA:15,(anonymous_95)
FNDA:15,(anonymous_96)
DA:1,5
DA:12,5
DA:14,5
DA:15,5
DA:16,5
DA:17,5
DA:19,5
DA:20,5
DA:31,10
DA:33,10
DA:34,10
DA:37,10
DA:38,0
DA:40,10
DA:41,1
DA:42,1
DA:45,9
DA:47,10
DA:50,10
DA:53,5
DA:58,5
DA:62,5
DA:68,5
DA:74,5
DA:80,5
DA:86,5
DA:93,5
DA:98,5
DA:102,5
DA:109,5
DA:113,5
DA:120,5
DA:124,5
DA:131,5
DA:135,5
DA:141,5
DA:148,5
DA:152,5
DA:159,5
DA:163,5
DA:169,5
DA:175,5
DA:181,5
DA:188,5
DA:192,5
DA:198,5
DA:204,5
DA:210,5
DA:217,5
DA:222,5
DA:226,5
DA:232,5
DA:246,84
DA:248,84
DA:250,84
DA:251,0
DA:252,84
DA:253,0
DA:254,84
DA:255,0
DA:256,84
DA:257,0
DA:258,84
DA:259,0
DA:260,84
DA:261,16
DA:262,68
DA:263,0
DA:264,68
DA:265,0
DA:266,68
DA:267,26
DA:268,42
DA:269,23
DA:270,19
DA:271,19
DA:277,0
DA:278,0
DA:282,0
DA:285,0
DA:288,0
DA:289,0
DA:290,0
DA:293,0
DA:296,0
DA:297,0
DA:298,0
DA:299,0
DA:300,0
DA:303,0
DA:307,0
DA:308,0
DA:311,0
DA:315,0
DA:317,0
DA:318,0
DA:321,0
DA:325,0
DA:326,0
DA:329,0
DA:330,0
DA:332,0
DA:333,0
DA:336,0
DA:339,0
DA:340,0
DA:343,0
DA:348,0
DA:350,0
DA:351,0
DA:354,0
DA:357,0
DA:360,0
DA:362,0
DA:363,0
DA:365,0
DA:366,0
DA:369,0
DA:370,0
DA:374,0
DA:375,0
DA:378,0
DA:382,0
DA:383,0
DA:384,0
DA:385,0
DA:405,0
DA:412,0
DA:415,0
DA:427,0
DA:428,0
DA:429,0
DA:430,0
DA:441,0
DA:446,0
DA:449,0
DA:452,0
DA:467,0
DA:475,0
DA:476,0
DA:479,0
DA:483,0
DA:484,0
DA:485,0
DA:487,0
DA:488,0
DA:492,0
DA:499,0
DA:505,0
DA:510,5
DA:511,11
DA:521,11
DA:522,0
DA:526,11
DA:527,11
DA:529,15
DA:530,15
DA:531,15
DA:534,11
DA:543,11
DA:544,7
DA:545,7
DA:547,7
DA:548,7
DA:549,7
DA:551,7
DA:552,1
DA:555,11
DA:556,15
DA:557,15
DA:558,4
DA:559,3
DA:560,2
DA:561,0
DA:565,11
DA:566,11
DA:567,11
DA:568,11
DA:570,11
DA:571,15
DA:572,15
DA:573,15
DA:578,15
DA:579,15
DA:580,15
DA:582,15
DA:583,4
DA:584,3
DA:585,0
DA:588,11
DA:591,11
DA:592,11
DA:593,11
DA:594,0
DA:595,0
DA:596,11
DA:597,0
DA:598,0
DA:601,11
DA:607,11
DA:610,11
DA:613,11
DA:615,11
DA:618,11
DA:621,11
DA:625,11
DA:632,11
DA:633,0
DA:634,0
DA:638,11
DA:639,0
DA:640,0
DA:644,11
DA:645,0
DA:646,0
DA:649,11
DA:656,11
DA:660,0
DA:661,0
DA:665,0
DA:668,0
DA:670,0
DA:671,0
DA:686,0
DA:687,0
DA:690,0
DA:693,0
DA:699,0
DA:700,0
DA:701,0
DA:707,0
DA:711,0
DA:712,0
DA:716,0
DA:719,0
DA:722,0
DA:723,0
DA:724,0
DA:727,0
DA:730,0
DA:733,0
DA:737,0
DA:738,0
DA:741,0
DA:744,0
DA:745,0
DA:748,0
DA:752,0
DA:753,0
DA:754,0
DA:755,0
DA:756,0
DA:757,0
DA:760,0
DA:766,0
DA:770,0
DA:776,0
DA:777,0
DA:781,0
DA:784,0
DA:787,0
DA:788,0
DA:789,0
DA:792,0
DA:795,0
DA:797,0
DA:802,0
DA:803,0
DA:806,0
DA:809,0
DA:810,0
DA:813,0
DA:816,0
DA:817,0
DA:820,0
DA:824,0
DA:830,0
DA:831,0
DA:832,0
DA:833,0
DA:834,0
DA:835,0
DA:838,0
DA:844,0
DA:848,0
DA:849,0
DA:855,0
DA:856,0
DA:860,0
DA:863,0
DA:866,0
DA:867,0
DA:868,0
DA:871,0
DA:874,0
DA:876,0
DA:881,0
DA:882,0
DA:885,0
DA:888,0
DA:889,0
DA:892,0
DA:895,0
DA:896,0
DA:899,0
DA:903,0
DA:909,0
DA:910,0
DA:911,0
DA:912,0
DA:913,0
DA:914,0
DA:917,0
DA:923,0
DA:927,0
DA:933,16
DA:934,1
DA:938,1
DA:941,15
DA:944,15
DA:945,15
DA:946,1
DA:949,1
DA:952,14
DA:953,14
DA:955,14
DA:963,14
DA:964,1
DA:967,1
DA:970,13
DA:971,1
DA:974,1
DA:977,12
DA:978,1
DA:981,1
DA:984,11
DA:985,11
DA:986,11
DA:989,11
DA:990,11
DA:991,1
DA:994,1
DA:998,10
DA:999,32
DA:1002,10
DA:1015,10
DA:1017,4
DA:1020,4
DA:1028,10
DA:1029,12
DA:1030,9
DA:1038,10
DA:1039,10
DA:1042,10
DA:1047,10
DA:1053,0
DA:1054,0
DA:1058,0
DA:1061,0
DA:1064,0
DA:1065,0
DA:1066,0
DA:1069,0
DA:1072,0
DA:1074,0
DA:1082,0
DA:1083,0
DA:1086,0
DA:1089,0
DA:1090,0
DA:1093,0
DA:1096,0
DA:1100,0
DA:1103,0
DA:1105,0
DA:1107,0
DA:1109,0
DA:1111,0
DA:1112,0
DA:1114,0
DA:1115,0
DA:1118,0
DA:1119,0
DA:1124,0
DA:1125,0
DA:1126,0
DA:1127,0
DA:1139,0
DA:1140,0
DA:1143,0
DA:1144,0
DA:1148,0
DA:1149,0
DA:1165,0
DA:1166,0
DA:1167,0
DA:1168,0
DA:1194,0
DA:1195,0
DA:1204,0
DA:1221,0
DA:1223,0
DA:1224,0
DA:1226,0
DA:1227,0
DA:1237,0
DA:1240,0
DA:1241,0
DA:1257,0
DA:1258,0
DA:1259,0
DA:1267,0
DA:1268,0
DA:1269,0
DA:1270,0
DA:1271,0
DA:1272,0
DA:1275,0
DA:1278,0
DA:1301,0
DA:1304,0
DA:1308,0
DA:1309,0
DA:1311,0
DA:1312,0
DA:1313,0
DA:1315,0
DA:1318,0
DA:1328,21
DA:1329,21
DA:1330,1
DA:1333,20
DA:1334,20
DA:1335,1
DA:1337,19
DA:1338,1
DA:1342,18
DA:1343,18
DA:1344,0
DA:1347,18
DA:1355,6
DA:1356,6
DA:1357,1
DA:1360,5
DA:1361,5
DA:1362,2
DA:1364,3
DA:1365,1
DA:1368,2
DA:1401,0
DA:1402,0
DA:1406,0
DA:1411,0
DA:1419,0
DA:1420,0
DA:1421,0
DA:1424,0
DA:1433,0
DA:1434,0
DA:1435,0
DA:1436,0
DA:1444,0
DA:1445,0
DA:1448,0
DA:1459,0
DA:1460,0
DA:1461,0
DA:1462,0
DA:1463,0
DA:1467,0
DA:1468,0
DA:1469,0
DA:1470,0
DA:1471,0
DA:1481,0
DA:1490,0
DA:1491,0
DA:1494,0
DA:1499,0
DA:1500,0
DA:1503,0
DA:1508,0
DA:1509,0
DA:1512,0
DA:1518,0
DA:1523,0
DA:1528,0
DA:1529,0
DA:1530,0
DA:1531,0
DA:1548,0
DA:1551,0
DA:1552,0
DA:1553,0
DA:1556,0
DA:1557,0
DA:1562,0
DA:1563,0
DA:1566,0
DA:1567,0
DA:1570,0
DA:1574,0
DA:1575,0
DA:1576,0
DA:1579,0
DA:1584,0
DA:1585,0
DA:1586,0
DA:1589,0
DA:1594,0
DA:1595,0
DA:1597,0
DA:1602,0
DA:1603,0
DA:1604,0
DA:1613,0
DA:1614,0
DA:1617,0
DA:1626,0
DA:1651,0
DA:1654,0
DA:1656,0
DA:1657,0
DA:1659,0
DA:1660,0
DA:1667,0
DA:1669,0
DA:1671,0
DA:1675,0
DA:1676,0
DA:1679,0
DA:1680,0
DA:1686,0
DA:1687,0
DA:1688,0
DA:1689,0
DA:1697,0
DA:1698,0
DA:1703,0
DA:1704,0
DA:1708,0
DA:1709,0
DA:1712,0
DA:1713,0
DA:1717,0
DA:1718,0
DA:1722,0
DA:1723,0
DA:1724,0
DA:1725,0
DA:1745,0
DA:1746,0
DA:1754,0
DA:1757,0
DA:1759,0
DA:1760,0
DA:1762,0
DA:1763,0
DA:1773,0
DA:1776,0
DA:1777,0
DA:1783,0
DA:1784,0
DA:1785,0
DA:1808,0
DA:1809,0
DA:1810,0
DA:1812,0
DA:1813,0
DA:1814,0
DA:1816,0
DA:1820,0
DA:1823,0
DA:1828,0
DA:1852,0
DA:1853,0
DA:1857,0
DA:1858,0
DA:1862,0
DA:1863,0
DA:1867,0
DA:1868,0
DA:1870,0
DA:1871,0
DA:1872,0
DA:1873,0
DA:1897,0
DA:1900,0
DA:1901,0
DA:1902,0
DA:1906,0
DA:1907,0
DA:1908,0
DA:1909,0
DA:1910,0
DA:1911,0
DA:1915,0
DA:1916,0
DA:1920,0
DA:1921,0
DA:1925,0
DA:1926,0
DA:1927,0
DA:1928,0
DA:1932,0
DA:1938,19
DA:1939,1
DA:1943,1
DA:1946,18
DA:1949,18
DA:1953,18
DA:1954,1
DA:1957,1
DA:1960,17
DA:1961,17
DA:1964,17
DA:1965,17
DA:1976,17
DA:1977,5
DA:1980,5
DA:1983,19
DA:1988,126
DA:1995,12
DA:1997,12
DA:2001,23
DA:2002,1
DA:2006,1
DA:2009,22
DA:2011,22
DA:2012,22
DA:2015,22
DA:2019,22
DA:2020,1
DA:2023,1
DA:2026,21
DA:2027,21
DA:2029,21
DA:2031,12
DA:2036,12
DA:2037,1
DA:2038,1
DA:2041,11
DA:2042,1
DA:2043,1
DA:2046,47
DA:2054,10
DA:2055,10
DA:2061,10
DA:2064,9
DA:2067,9
DA:2068,1
DA:2069,8
DA:2070,1
DA:2073,7
DA:2076,9
DA:2085,9
DA:2086,1
DA:2087,1
DA:2090,11
DA:2092,51
DA:2101,8
DA:2102,8
DA:2104,8
DA:2109,26
DA:2110,2
DA:2114,2
DA:2117,24
DA:2120,24
DA:2121,24
DA:2122,1
DA:2125,1
DA:2128,23
DA:2129,23
DA:2130,23
DA:2131,23
DA:2134,23
DA:2139,23
DA:2140,1
DA:2143,1
DA:2147,22
DA:2148,1
DA:2151,1
DA:2154,21
DA:2155,21
DA:2158,21
DA:2159,21
DA:2160,3
DA:2161,3
DA:2166,18
DA:2167,6
DA:2168,6
DA:2169,4
DA:2170,4
DA:2172,2
DA:2175,12
DA:2176,12
DA:2177,12
DA:2178,12
DA:2179,12
DA:2183,14
DA:2184,14
DA:2185,14
DA:2186,14
DA:2188,14
DA:2189,0
DA:2192,0
DA:2195,14
DA:2196,1
DA:2199,1
DA:2203,13
DA:2204,13
DA:2205,1
DA:2208,1
DA:2211,13
DA:2214,12
DA:2215,12
DA:2217,12
DA:2218,37
DA:2220,25
DA:2221,15
DA:2224,25
DA:2225,15
DA:2229,12
DA:2230,1
DA:2233,1
DA:2237,11
DA:2238,15
DA:2239,15
DA:2240,15
DA:2260,11
DA:2267,15
DA:2270,11
DA:2273,11
DA:2287,11
DA:2288,15
DA:2289,15
DA:2290,15
DA:2301,11
DA:2306,11
DA:2309,11
DA:2324,11
DA:2332,11
DA:2333,1
DA:2336,1
DA:2339,10
DA:2345,10
DA:2351,10
DA:2352,10
DA:2354,10
DA:2363,5
LF:750
LH:326
BRDA:34,0,0,0
BRDA:34,0,1,10
BRDA:37,1,0,10
BRDA:37,1,1,1
BRDA:40,2,0,1
BRDA:40,2,1,9
BRDA:246,3,0,0
BRDA:246,3,1,84
BRDA:250,4,0,0
BRDA:250,4,1,84
BRDA:252,5,0,0
BRDA:252,5,1,84
BRDA:254,6,0,0
BRDA:254,6,1,84
BRDA:256,7,0,0
BRDA:256,7,1,84
BRDA:258,8,0,0
BRDA:258,8,1,84
BRDA:260,9,0,16
BRDA:260,9,1,68
BRDA:262,10,0,0
BRDA:262,10,1,68
BRDA:264,11,0,0
BRDA:264,11,1,68
BRDA:266,12,0,26
BRDA:266,12,1,42
BRDA:268,13,0,23
BRDA:268,13,1,19
BRDA:270,14,0,19
BRDA:270,14,1,0
BRDA:277,15,0,0
BRDA:277,15,1,0
BRDA:277,16,0,0
BRDA:277,16,1,0
BRDA:289,17,0,0
BRDA:289,17,1,0
BRDA:289,18,0,0
BRDA:289,18,1,0
BRDA:300,19,0,0
BRDA:300,19,1,0
BRDA:307,20,0,0
BRDA:307,20,1,0
BRDA:315,21,0,0
BRDA:315,21,1,0
BRDA:317,22,0,0
BRDA:317,22,1,0
BRDA:317,23,0,0
BRDA:317,23,1,0
BRDA:329,24,0,0
BRDA:329,24,1,0
BRDA:332,25,0,0
BRDA:332,25,1,0
BRDA:339,26,0,0
BRDA:339,26,1,0
BRDA:350,27,0,0
BRDA:350,27,1,0
BRDA:363,28,0,0
BRDA:363,28,1,0
BRDA:366,29,0,0
BRDA:366,29,1,0
BRDA:369,30,0,0
BRDA:369,30,1,0
BRDA:374,31,0,0
BRDA:374,31,1,0
BRDA:384,32,0,0
BRDA:384,32,1,0
BRDA:434,33,0,0
BRDA:434,33,1,0
BRDA:436,34,0,0
BRDA:436,34,1,0
BRDA:437,35,0,0
BRDA:437,35,1,0
BRDA:449,36,0,0
BRDA:449,36,1,0
BRDA:475,37,0,0
BRDA:475,37,1,0
BRDA:475,38,0,0
BRDA:475,38,1,0
BRDA:484,39,0,0
BRDA:484,39,1,0
BRDA:487,40,0,0
BRDA:487,40,1,0
BRDA:493,41,0,0
BRDA:493,41,1,0
BRDA:521,42,0,0
BRDA:521,42,1,11
BRDA:526,43,0,11
BRDA:526,43,1,0
BRDA:526,43,2,0
BRDA:548,44,0,7
BRDA:548,44,1,0
BRDA:549,45,0,7
BRDA:549,45,1,0
BRDA:551,46,0,6
BRDA:551,46,1,1
BRDA:557,47,0,11
BRDA:557,47,1,4
BRDA:558,48,0,1
BRDA:558,48,1,3
BRDA:559,49,0,1
BRDA:559,49,1,2
BRDA:560,50,0,2
BRDA:560,50,1,0
BRDA:573,51,0,15
BRDA:573,51,1,0
BRDA:574,52,0,15
BRDA:574,52,1,0
BRDA:578,53,0,15
BRDA:578,53,1,0
BRDA:582,54,0,11
BRDA:582,54,1,4
BRDA:583,55,0,1
BRDA:583,55,1,3
BRDA:584,56,0,3
BRDA:584,56,1,0
BRDA:584,57,0,3
BRDA:584,57,1,2
BRDA:593,58,0,0
BRDA:593,58,1,11
BRDA:596,59,0,0
BRDA:596,59,1,11
BRDA:615,60,0,11
BRDA:615,60,1,0
BRDA:618,61,0,1
BRDA:618,61,1,10
BRDA:621,62,0,1
BRDA:621,62,1,10
BRDA:632,63,0,0
BRDA:632,63,1,11
BRDA:638,64,0,0
BRDA:638,64,1,11
BRDA:644,65,0,0
BRDA:644,65,1,11
BRDA:650,66,0,11
BRDA:650,66,1,0
BRDA:660,67,0,0
BRDA:660,67,1,0
BRDA:686,68,0,0
BRDA:686,68,1,0
BRDA:711,69,0,0
BRDA:711,69,1,0
BRDA:723,70,0,0
BRDA:723,70,1,0
BRDA:723,71,0,0
BRDA:723,71,1,0
BRDA:737,72,0,0
BRDA:737,72,1,0
BRDA:744,73,0,0
BRDA:744,73,1,0
BRDA:752,74,0,0
BRDA:752,74,1,0
BRDA:752,75,0,0
BRDA:752,75,1,0
BRDA:755,76,0,0
BRDA:755,76,1,0
BRDA:755,77,0,0
BRDA:755,77,1,0
BRDA:776,78,0,0
BRDA:776,78,1,0
BRDA:788,79,0,0
BRDA:788,79,1,0
BRDA:788,80,0,0
BRDA:788,80,1,0
BRDA:802,81,0,0
BRDA:802,81,1,0
BRDA:809,82,0,0
BRDA:809,82,1,0
BRDA:816,83,0,0
BRDA:816,83,1,0
BRDA:830,84,0,0
BRDA:830,84,1,0
BRDA:830,85,0,0
BRDA:830,85,1,0
BRDA:833,86,0,0
BRDA:833,86,1,0
BRDA:833,87,0,0
BRDA:833,87,1,0
BRDA:848,88,0,0
BRDA:848,88,1,0
BRDA:850,89,0,0
BRDA:850,89,1,0
BRDA:850,90,0,0
BRDA:850,90,1,0
BRDA:855,91,0,0
BRDA:855,91,1,0
BRDA:867,92,0,0
BRDA:867,92,1,0
BRDA:867,93,0,0
BRDA:867,93,1,0
BRDA:881,94,0,0
BRDA:881,94,1,0
BRDA:888,95,0,0
BRDA:888,95,1,0
BRDA:895,96,0,0
BRDA:895,96,1,0
BRDA:909,97,0,0
BRDA:909,97,1,0
BRDA:909,98,0,0
BRDA:909,98,1,0
BRDA:912,99,0,0
BRDA:912,99,1,0
BRDA:912,100,0,0
BRDA:912,100,1,0
BRDA:928,101,0,0
BRDA:928,101,1,0
BRDA:928,102,0,0
BRDA:928,102,1,0
BRDA:933,103,0,1
BRDA:933,103,1,15
BRDA:945,104,0,1
BRDA:945,104,1,14
BRDA:945,105,0,15
BRDA:945,105,1,15
BRDA:963,106,0,1
BRDA:963,106,1,13
BRDA:970,107,0,1
BRDA:970,107,1,12
BRDA:977,108,0,1
BRDA:977,108,1,11
BRDA:984,109,0,11
BRDA:984,109,1,0
BRDA:990,110,0,1
BRDA:990,110,1,10
BRDA:990,111,0,11
BRDA:990,111,1,10
BRDA:1007,112,0,10
BRDA:1007,112,1,0
BRDA:1015,113,0,4
BRDA:1015,113,1,6
BRDA:1017,114,0,1
BRDA:1017,114,1,3
BRDA:1028,115,0,9
BRDA:1028,115,1,1
BRDA:1038,116,0,10
BRDA:1038,116,1,0
BRDA:1043,117,0,10
BRDA:1043,117,1,1
BRDA:1048,118,0,10
BRDA:1048,118,1,0
BRDA:1053,119,0,0
BRDA:1053,119,1,0
BRDA:1065,120,0,0
BRDA:1065,120,1,0
BRDA:1065,121,0,0
BRDA:1065,121,1,0
BRDA:1082,122,0,0
BRDA:1082,122,1,0
BRDA:1089,123,0,0
BRDA:1089,123,1,0
BRDA:1100,124,0,0
BRDA:1100,124,1,0
BRDA:1100,125,0,0
BRDA:1100,125,1,0
BRDA:1107,126,0,0
BRDA:1107,126,1,0
BRDA:1112,127,0,0
BRDA:1112,127,1,0
BRDA:1115,128,0,0
BRDA:1115,128,1,0
BRDA:1118,129,0,0
BRDA:1118,129,1,0
BRDA:1126,130,0,0
BRDA:1126,130,1,0
BRDA:1167,131,0,0
BRDA:1167,131,1,0
BRDA:1224,132,0,0
BRDA:1224,132,1,0
BRDA:1233,133,0,0
BRDA:1233,133,1,0
BRDA:1234,134,0,0
BRDA:1234,134,1,0
BRDA:1240,135,0,0
BRDA:1240,135,1,0
BRDA:1257,136,0,0
BRDA:1257,136,1,0
BRDA:1267,137,0,0
BRDA:1267,137,1,0
BRDA:1267,138,0,0
BRDA:1267,138,1,0
BRDA:1270,139,0,0
BRDA:1270,139,1,0
BRDA:1270,140,0,0
BRDA:1270,140,1,0
BRDA:1312,141,0,0
BRDA:1312,141,1,0
BRDA:1312,142,0,0
BRDA:1312,142,1,0
BRDA:1329,143,0,1
BRDA:1329,143,1,20
BRDA:1334,144,0,1
BRDA:1334,144,1,19
BRDA:1334,145,0,20
BRDA:1334,145,1,20
BRDA:1337,146,0,1
BRDA:1337,146,1,18
BRDA:1337,147,0,19
BRDA:1337,147,1,19
BRDA:1343,148,0,0
BRDA:1343,148,1,18
BRDA:1356,149,0,1
BRDA:1356,149,1,5
BRDA:1361,150,0,2
BRDA:1361,150,1,3
BRDA:1361,151,0,5
BRDA:1361,151,1,5
BRDA:1364,152,0,1
BRDA:1364,152,1,2
BRDA:1364,153,0,3
BRDA:1364,153,1,3
BRDA:1401,154,0,0
BRDA:1401,154,1,0
BRDA:1401,155,0,0
BRDA:1401,155,1,0
BRDA:1420,156,0,0
BRDA:1420,156,1,0
BRDA:1420,157,0,0
BRDA:1420,157,1,0
BRDA:1444,158,0,0
BRDA:1444,158,1,0
BRDA:1444,159,0,0
BRDA:1444,159,1,0
BRDA:1444,159,2,0
BRDA:1459,160,0,0
BRDA:1459,160,1,0
BRDA:1461,161,0,0
BRDA:1461,161,1,0
BRDA:1467,162,0,0
BRDA:1467,162,1,0
BRDA:1469,163,0,0
BRDA:1469,163,1,0
BRDA:1490,164,0,0
BRDA:1490,164,1,0
BRDA:1499,165,0,0
BRDA:1499,165,1,0
BRDA:1508,166,0,0
BRDA:1508,166,1,0
BRDA:1508,167,0,0
BRDA:1508,167,1,0
BRDA:1518,168,0,0
BRDA:1518,168,1,0
BRDA:1523,169,0,0
BRDA:1523,169,1,0
BRDA:1548,170,0,0
BRDA:1548,170,1,0
BRDA:1548,171,0,0
BRDA:1548,171,1,0
BRDA:1552,172,0,0
BRDA:1552,172,1,0
BRDA:1553,173,0,0
BRDA:1553,173,1,0
BRDA:1562,174,0,0
BRDA:1562,174,1,0
BRDA:1566,175,0,0
BRDA:1566,175,1,0
BRDA:1575,176,0,0
BRDA:1575,176,1,0
BRDA:1585,177,0,0
BRDA:1585,177,1,0
BRDA:1594,178,0,0
BRDA:1594,178,1,0
BRDA:1602,179,0,0
BRDA:1602,179,1,0
BRDA:1602,180,0,0
BRDA:1602,180,1,0
BRDA:1613,181,0,0
BRDA:1613,181,1,0
BRDA:1651,182,0,0
BRDA:1651,182,1,0
BRDA:1651,183,0,0
BRDA:1651,183,1,0
BRDA:1660,184,0,0
BRDA:1660,184,1,0
BRDA:1671,185,0,0
BRDA:1671,185,1,0
BRDA:1676,186,0,0
BRDA:1676,186,1,0
BRDA:1679,187,0,0
BRDA:1679,187,1,0
BRDA:1688,188,0,0
BRDA:1688,188,1,0
BRDA:1697,189,0,0
BRDA:1697,189,1,0
BRDA:1697,190,0,0
BRDA:1697,190,1,0
BRDA:1724,191,0,0
BRDA:1724,191,1,0
BRDA:1760,192,0,0
BRDA:1760,192,1,0
BRDA:1769,193,0,0
BRDA:1769,193,1,0
BRDA:1770,194,0,0
BRDA:1770,194,1,0
BRDA:1776,195,0,0
BRDA:1776,195,1,0
BRDA:1783,196,0,0
BRDA:1783,196,1,0
BRDA:1809,197,0,0
BRDA:1809,197,1,0
BRDA:1809,198,0,0
BRDA:1809,198,1,0
BRDA:1813,199,0,0
BRDA:1813,199,1,0
BRDA:1813,200,0,0
BRDA:1813,200,1,0
BRDA:1870,201,0,0
BRDA:1870,201,1,0
BRDA:1872,202,0,0
BRDA:1872,202,1,0
BRDA:1901,203,0,0
BRDA:1901,203,1,0
BRDA:1908,204,0,0
BRDA:1908,204,1,0
BRDA:1908,205,0,0
BRDA:1908,205,1,0
BRDA:1910,206,0,0
BRDA:1910,206,1,0
BRDA:1911,207,0,0
BRDA:1911,207,1,0
BRDA:1915,208,0,0
BRDA:1915,208,1,0
BRDA:1920,209,0,0
BRDA:1920,209,1,0
BRDA:1926,210,0,0
BRDA:1926,210,1,0
BRDA:1938,211,0,1
BRDA:1938,211,1,18
BRDA:1953,212,0,1
BRDA:1953,212,1,17
BRDA:1960,213,0,17
BRDA:1960,213,1,0
BRDA:1976,214,0,5
BRDA:1976,214,1,12
BRDA:2001,215,0,1
BRDA:2001,215,1,22
BRDA:2012,216,0,22
BRDA:2012,216,1,17
BRDA:2019,217,0,1
BRDA:2019,217,1,21
BRDA:2026,218,0,21
BRDA:2026,218,1,0
BRDA:2029,219,0,12
BRDA:2029,219,1,9
BRDA:2036,220,0,1
BRDA:2036,220,1,11
BRDA:2041,221,0,1
BRDA:2041,221,1,10
BRDA:2067,222,0,1
BRDA:2067,222,1,8
BRDA:2069,223,0,1
BRDA:2069,223,1,7
BRDA:2085,224,0,1
BRDA:2085,224,1,8
BRDA:2109,225,0,2
BRDA:2109,225,1,24
BRDA:2109,226,0,26
BRDA:2109,226,1,25
BRDA:2121,227,0,1
BRDA:2121,227,1,23
BRDA:2121,228,0,24
BRDA:2121,228,1,24
BRDA:2139,229,0,1
BRDA:2139,229,1,22
BRDA:2147,230,0,1
BRDA:2147,230,1,21
BRDA:2154,231,0,21
BRDA:2154,231,1,0
BRDA:2159,232,0,3
BRDA:2159,232,1,18
BRDA:2166,233,0,6
BRDA:2166,233,1,12
BRDA:2168,234,0,4
BRDA:2168,234,1,2
BRDA:2175,235,0,12
BRDA:2175,235,1,12
BRDA:2185,236,0,14
BRDA:2185,236,1,12
BRDA:2188,237,0,0
BRDA:2188,237,1,14
BRDA:2195,238,0,1
BRDA:2195,238,1,13
BRDA:2204,239,0,1
BRDA:2204,239,1,12
BRDA:2204,240,0,13
BRDA:2204,240,1,12
BRDA:2218,241,0,12
BRDA:2218,241,1,25
BRDA:2221,242,0,15
BRDA:2221,242,1,0
BRDA:2224,243,0,15
BRDA:2224,243,1,10
BRDA:2229,244,0,1
BRDA:2229,244,1,11
BRDA:2239,245,0,15
BRDA:2239,245,1,0
BRDA:2270,246,0,11
BRDA:2270,246,1,10
BRDA:2270,246,2,1
BRDA:2294,247,0,15
BRDA:2294,247,1,0
BRDA:2296,248,0,15
BRDA:2296,248,1,0
BRDA:2297,249,0,15
BRDA:2297,249,1,0
BRDA:2332,250,0,1
BRDA:2332,250,1,10
BRDA:2332,251,0,11
BRDA:2332,251,1,11
BRDA:2356,252,0,10
BRDA:2356,252,1,1
BRF:509
BRH:179
end_of_record
TN:
SF:src\commands\setup.ts
FN:18,(anonymous_1)
FN:24,handleSetup
FNF:2
FNH:0
FNDA:0,(anonymous_1)
FNDA:0,handleSetup
DA:1,0
DA:9,0
DA:12,0
DA:19,0
DA:20,0
DA:25,0
DA:26,0
DA:30,0
DA:33,0
DA:36,0
DA:40,0
DA:41,0
DA:43,0
DA:104,0
DA:107,0
LF:15
LH:0
BRDA:19,0,0,0
BRDA:19,0,1,0
BRDA:25,1,0,0
BRDA:25,1,1,0
BRDA:40,2,0,0
BRDA:40,2,1,0
BRDA:41,3,0,0
BRDA:41,3,1,0
BRF:8
BRH:0
end_of_record
TN:
SF:src\utils\localization.ts
FN:395,getTranslations
FN:400,t
FN:405,(anonymous_2)
FNF:3
FNH:3
FNDA:232,getTranslations
FNDA:77,t
FNDA:106,(anonymous_2)
DA:133,7
DA:395,7
DA:396,232
DA:397,232
DA:400,7
DA:401,77
DA:402,77
DA:404,77
DA:405,76
DA:406,106
DA:410,77
LF:11
LH:11
BRDA:396,0,0,15
BRDA:396,0,1,217
BRDA:404,1,0,76
BRDA:404,1,1,1
BRF:4
BRH:4
end_of_record
TN:
SF:src\utils\permissions.ts
FN:9,canManageRaids
FN:28,(anonymous_2)
FN:37,(anonymous_3)
FNF:3
FNH:0
FNDA:0,canManageRaids
FNDA:0,(anonymous_2)
FNDA:0,(anonymous_3)
DA:1,6
DA:2,6
DA:9,6
DA:11,0
DA:12,0
DA:16,0
DA:20,0
DA:22,0
DA:26,0
DA:28,0
DA:31,0
DA:33,0
DA:37,0
DA:38,0
DA:41,0
LF:15
LH:3
BRDA:11,0,0,0
BRDA:11,0,1,0
BRDA:20,1,0,0
BRDA:20,1,1,0
BRDA:31,2,0,0
BRDA:31,2,1,0
BRDA:38,3,0,0
BRDA:38,3,1,0
BRF:8
BRH:0
end_of_record
TN:
SF:src\utils\raidScheduler.ts
FN:5,startRaidScheduler
FN:9,(anonymous_2)
FN:20,checkAndCloseExpiredRaids
FNF:3
FNH:0
FNDA:0,startRaidScheduler
FNDA:0,(anonymous_2)
FNDA:0,checkAndCloseExpiredRaids
DA:2,0
DA:3,0
DA:5,0
DA:7,0
DA:9,0
DA:10,0
DA:11,0
DA:13,0
DA:17,0
DA:21,0
DA:24,0
DA:36,0
DA:38,0
DA:40,0
DA:41,0
DA:43,0
DA:49,0
DA:50,0
DA:51,0
DA:52,0
DA:53,0
DA:54,0
DA:57,0
DA:62,0
DA:65,0
DA:68,0
DA:71,0
LF:27
LH:0
BRDA:36,0,0,0
BRDA:36,0,1,0
BRDA:49,1,0,0
BRDA:49,1,1,0
BRDA:49,2,0,0
BRDA:49,2,1,0
BRDA:52,3,0,0
BRDA:52,3,1,0
BRDA:52,4,0,0
BRDA:52,4,1,0
BRF:10
BRH:0
end_of_record
TN:
SF:src\utils\statsCalculator.ts
FN:83,calculateRaidStats
FN:85,(anonymous_1)
FN:86,(anonymous_2)
FN:87,(anonymous_3)
FN:120,calculateGuildStats
FN:142,(anonymous_5)
FN:173,(anonymous_6)
FN:182,(anonymous_7)
FN:205,getReliabilityScore
FN:218,calculateRoleBreakdown
FN:243,calculateClassDistribution
FN:253,(anonymous_11)
FN:254,(anonymous_12)
FNF:13
FNH:13
FNDA:17,calculateRaidStats
FNDA:67,(anonymous_1)
FNDA:67,(anonymous_2)
FNDA:67,(anonymous_3)
FNDA:15,calculateGuildStats
FNDA:85,(anonymous_5)
FNDA:64,(anonymous_6)
FNDA:71,(anonymous_7)
FNDA:102,getReliabilityScore
FNDA:17,calculateRoleBreakdown
FNDA:31,calculateClassDistribution
FNDA:78,(anonymous_11)
FNDA:55,(anonymous_12)
DA:1,7
DA:83,7
DA:84,17
DA:85,67
DA:86,67
DA:87,67
DA:89,17
DA:90,17
DA:91,17
DA:92,17
DA:97,17
DA:98,17
DA:101,17
DA:103,17
DA:120,7
DA:123,15
DA:125,15
DA:126,1
DA:136,14
DA:137,14
DA:138,14
DA:140,14
DA:141,21
DA:142,85
DA:143,21
DA:144,21
DA:146,21
DA:147,85
DA:148,85
DA:149,21
DA:150,21
DA:151,15
DA:154,64
DA:162,85
DA:163,67
DA:168,14
DA:169,14
DA:172,14
DA:173,64
DA:183,71
DA:184,37
DA:188,14
DA:190,14
DA:205,7
DA:206,102
DA:207,44
DA:208,58
DA:209,14
DA:211,44
DA:219,17
DA:227,17
DA:228,48
DA:229,48
DA:230,38
DA:231,28
DA:232,22
DA:233,4
DA:236,17
DA:244,31
DA:246,31
DA:247,115
DA:248,92
DA:252,31
DA:253,78
DA:254,55
LF:65
LH:65
BRDA:92,0,0,15
BRDA:92,0,1,2
BRDA:125,1,0,1
BRDA:125,1,1,14
BRDA:142,2,0,85
BRDA:142,2,1,28
BRDA:143,3,0,20
BRDA:143,3,1,1
BRDA:148,4,0,21
BRDA:148,4,1,64
BRDA:150,5,0,15
BRDA:150,5,1,6
BRDA:150,6,0,21
BRDA:150,6,1,8
BRDA:156,7,0,52
BRDA:156,7,1,12
BRDA:156,8,0,64
BRDA:156,8,1,20
BRDA:162,9,0,67
BRDA:162,9,1,18
BRDA:162,10,0,85
BRDA:162,10,1,28
BRDA:178,11,0,64
BRDA:178,11,1,0
BRDA:183,12,0,34
BRDA:183,12,1,37
BRDA:206,13,0,44
BRDA:206,13,1,58
BRDA:208,14,0,14
BRDA:208,14,1,44
BRDA:229,15,0,10
BRDA:229,15,1,38
BRDA:230,16,0,10
BRDA:230,16,1,28
BRDA:231,17,0,6
BRDA:231,17,1,22
BRDA:232,18,0,18
BRDA:232,18,1,4
BRDA:247,19,0,92
BRDA:247,19,1,23
BRDA:248,20,0,92
BRDA:248,20,1,78
BRF:42
BRH:41
end_of_record
TN:
SF:src\utils\statsFormatter.ts
FN:22,formatRaidStatsEmbed
FN:75,(anonymous_1)
FN:95,formatGuildStatsEmbed
FN:132,(anonymous_3)
FN:150,(anonymous_4)
FNF:5
FNH:5
FNDA:25,formatRaidStatsEmbed
FNDA:103,(anonymous_1)
FNDA:21,formatGuildStatsEmbed
FNDA:71,(anonymous_3)
FNDA:64,(anonymous_4)
DA:1,6
DA:2,6
DA:3,6
DA:22,6
DA:27,25
DA:28,25
DA:30,25
DA:75,103
DA:84,25
DA:95,6
DA:100,21
DA:102,21
DA:108,21
DA:129,21
DA:130,19
DA:133,71
DA:134,71
DA:138,19
DA:145,21
DA:146,19
DA:150,64
DA:156,21
DA:158,21
LF:23
LH:23
BRDA:31,0,0,25
BRDA:31,0,1,1
BRDA:32,1,0,3
BRDA:32,1,1,22
BRDA:32,2,0,18
BRDA:32,2,1,4
BRDA:72,3,0,22
BRDA:72,3,1,3
BRDA:102,4,0,2
BRDA:102,4,1,19
BRDA:104,5,0,2
BRDA:104,5,1,17
BRDA:110,6,0,17
BRDA:110,6,1,4
BRDA:110,7,0,2
BRDA:110,7,1,2
BRDA:129,8,0,19
BRDA:129,8,1,2
BRDA:145,9,0,19
BRDA:145,9,1,2
BRF:20
BRH:20
end_of_record
TN:
SF:src\utils\statusFormatter.ts
FN:31,getRosterStatus
FN:46,formatStatusEmbed
FN:67,(anonymous_2)
FNF:3
FNH:3
FNDA:52,getRosterStatus
FNDA:28,formatStatusEmbed
FNDA:274,(anonymous_2)
DA:1,6
DA:2,6
DA:3,6
DA:26,6
DA:31,6
DA:32,52
DA:33,49
DA:34,49
DA:35,15
DA:36,6
DA:46,6
DA:47,28
DA:49,28
DA:50,2
DA:58,26
DA:60,26
DA:62,26
DA:63,45
DA:64,45
DA:66,45
DA:67,274
DA:68,45
DA:71,45
DA:72,45
DA:73,45
DA:74,45
DA:75,274
DA:76,189
DA:77,189
DA:78,159
DA:79,121
DA:82,45
DA:83,45
DA:84,39
DA:86,45
DA:92,45
DA:93,45
DA:95,45
DA:103,26
DA:109,26
DA:115,26
LF:41
LH:41
BRDA:32,0,0,3
BRDA:32,0,1,49
BRDA:34,1,0,34
BRDA:34,1,1,15
BRDA:35,2,0,9
BRDA:35,2,1,6
BRDA:49,3,0,2
BRDA:49,3,1,26
BRDA:62,4,0,71
BRDA:62,4,1,46
BRDA:67,5,0,274
BRDA:67,5,1,118
BRDA:68,6,0,43
BRDA:68,6,1,2
BRDA:75,7,0,85
BRDA:75,7,1,189
BRDA:75,8,0,274
BRDA:75,8,1,118
BRDA:77,9,0,30
BRDA:77,9,1,159
BRDA:78,10,0,38
BRDA:78,10,1,121
BRDA:83,11,0,6
BRDA:83,11,1,39
BRDA:84,12,0,6
BRDA:84,12,1,33
BRDA:84,13,0,39
BRDA:84,13,1,7
BRDA:86,14,0,32
BRDA:86,14,1,13
BRDA:88,15,0,7
BRDA:88,15,1,6
BRDA:93,16,0,45
BRDA:93,16,1,2
BRDA:103,17,0,15
BRDA:103,17,1,11
BRDA:105,18,0,5
BRDA:105,18,1,6
BRF:38
BRH:38
end_of_record
TN:
SF:src\utils\timezoneHelper.ts
FN:62,getTimezoneFromLocale
FN:82,getTimezoneName
FNF:2
FNH:0
FNDA:0,getTimezoneFromLocale
FNDA:0,getTimezoneName
DA:5,0
DA:62,0
DA:63,0
DA:66,0
DA:67,0
DA:71,0
DA:72,0
DA:73,0
DA:76,0
DA:82,0
DA:83,0
DA:84,0
DA:86,0
LF:13
LH:0
BRDA:63,0,0,0
BRDA:63,0,1,0
BRDA:66,1,0,0
BRDA:66,1,1,0
BRDA:72,2,0,0
BRDA:72,2,1,0
BRDA:83,3,0,0
BRDA:83,3,1,0
BRF:8
BRH:0
end_of_record
TN:
SF:src\utils\wowData.ts
FN:179,getClassList
FN:183,getSpecsForClass
FN:187,getSpecRole
FN:193,getSpecSymbol
FNF:4
FNH:2
FNDA:0,getClassList
FNDA:0,getSpecsForClass
FNDA:281,getSpecRole
FNDA:15,getSpecSymbol
DA:1,8
DA:17,8
DA:33,8
DA:42,8
DA:111,8
DA:179,8
DA:180,0
DA:183,8
DA:184,0
DA:187,8
DA:188,281
DA:189,269
DA:190,269
DA:193,8
DA:194,15
DA:195,15
DA:196,15
LF:17
LH:15
BRDA:184,0,0,0
BRDA:184,0,1,0
BRDA:188,1,0,12
BRDA:188,1,1,269
BRDA:188,2,0,281
BRDA:188,2,1,270
BRDA:190,3,0,269
BRDA:190,3,1,0
BRDA:194,4,0,0
BRDA:194,4,1,15
BRDA:194,5,0,15
BRDA:194,5,1,15
BRDA:196,6,0,15
BRDA:196,6,1,0
BRF:14
BRH:9
end_of_record
