TN:
SF:src\commands\config.ts
FN:15,(anonymous_10)
FN:20,(anonymous_11)
FN:24,(anonymous_12)
FN:31,(anonymous_13)
FN:35,(anonymous_14)
FN:42,(anonymous_15)
FN:46,(anonymous_16)
FN:57,(anonymous_17)
FN:61,(anonymous_18)
FN:70,(anonymous_19)
FN:74,(anonymous_20)
FN:81,(anonymous_21)
FN:85,(anonymous_22)
FN:94,(anonymous_23)
FN:117,handleViewConfig
FN:188,handleSetRaidRoles
FN:204,(anonymous_26)
FN:232,handleSetLeaderRoles
FN:248,(anonymous_28)
FN:276,handleSetLanguage
FN:315,handleSetTimezone
FN:355,handleSetArchiveChannel
FN:369,(anonymous_32)
FN:397,handleSetAutoArchive
FNF:24
FNH:0
FNDA:0,(anonymous_10)
FNDA:0,(anonymous_11)
FNDA:0,(anonymous_12)
FNDA:0,(anonymous_13)
FNDA:0,(anonymous_14)
FNDA:0,(anonymous_15)
FNDA:0,(anonymous_16)
FNDA:0,(anonymous_17)
FNDA:0,(anonymous_18)
FNDA:0,(anonymous_19)
FNDA:0,(anonymous_20)
FNDA:0,(anonymous_21)
FNDA:0,(anonymous_22)
FNDA:0,(anonymous_23)
FNDA:0,handleViewConfig
FNDA:0,handleSetRaidRoles
FNDA:0,(anonymous_26)
FNDA:0,handleSetLeaderRoles
FNDA:0,(anonymous_28)
FNDA:0,handleSetLanguage
FNDA:0,handleSetTimezone
FNDA:0,handleSetArchiveChannel
FNDA:0,(anonymous_32)
FNDA:0,handleSetAutoArchive
DA:1,0
DA:8,0
DA:11,0
DA:16,0
DA:21,0
DA:25,0
DA:32,0
DA:36,0
DA:43,0
DA:47,0
DA:58,0
DA:62,0
DA:71,0
DA:75,0
DA:82,0
DA:86,0
DA:95,0
DA:97,0
DA:99,0
DA:100,0
DA:101,0
DA:102,0
DA:103,0
DA:104,0
DA:105,0
DA:106,0
DA:107,0
DA:108,0
DA:109,0
DA:110,0
DA:111,0
DA:112,0
DA:118,0
DA:119,0
DA:123,0
DA:126,0
DA:128,0
DA:132,0
DA:133,0
DA:136,0
DA:139,0
DA:140,0
DA:141,0
DA:142,0
DA:143,0
DA:144,0
DA:145,0
DA:147,0
DA:185,0
DA:189,0
DA:190,0
DA:194,0
DA:197,0
DA:199,0
DA:202,0
DA:204,0
DA:208,0
DA:209,0
DA:212,0
DA:216,0
DA:227,0
DA:233,0
DA:234,0
DA:238,0
DA:241,0
DA:243,0
DA:246,0
DA:248,0
DA:252,0
DA:253,0
DA:256,0
DA:260,0
DA:271,0
DA:277,0
DA:278,0
DA:282,0
DA:285,0
DA:287,0
DA:289,0
DA:290,0
DA:293,0
DA:297,0
DA:309,0
DA:310,0
DA:316,0
DA:317,0
DA:321,0
DA:324,0
DA:326,0
DA:328,0
DA:329,0
DA:332,0
DA:336,0
DA:349,0
DA:350,0
DA:356,0
DA:357,0
DA:361,0
DA:364,0
DA:366,0
DA:369,0
DA:370,0
DA:372,0
DA:373,0
DA:376,0
DA:380,0
DA:392,0
DA:398,0
DA:399,0
DA:403,0
DA:406,0
DA:408,0
DA:411,0
DA:415,0
DA:416,0
DA:419,0
DA:423,0
DA:435,0
DA:436,0
DA:441,0
LF:120
LH:0
BRDA:95,0,0,0
BRDA:95,0,1,0
BRDA:99,1,0,0
BRDA:99,1,1,0
BRDA:101,2,0,0
BRDA:101,2,1,0
BRDA:103,3,0,0
BRDA:103,3,1,0
BRDA:105,4,0,0
BRDA:105,4,1,0
BRDA:107,5,0,0
BRDA:107,5,1,0
BRDA:109,6,0,0
BRDA:109,6,1,0
BRDA:111,7,0,0
BRDA:111,7,1,0
BRDA:118,8,0,0
BRDA:118,8,1,0
BRDA:132,9,0,0
BRDA:132,9,1,0
BRDA:139,10,0,0
BRDA:139,10,1,0
BRDA:140,11,0,0
BRDA:140,11,1,0
BRDA:141,12,0,0
BRDA:141,12,1,0
BRDA:143,13,0,0
BRDA:143,13,1,0
BRDA:144,14,0,0
BRDA:144,14,1,0
BRDA:145,15,0,0
BRDA:145,15,1,0
BRDA:178,16,0,0
BRDA:178,16,1,0
BRDA:189,17,0,0
BRDA:189,17,1,0
BRDA:208,18,0,0
BRDA:208,18,1,0
BRDA:233,19,0,0
BRDA:233,19,1,0
BRDA:252,20,0,0
BRDA:252,20,1,0
BRDA:277,21,0,0
BRDA:277,21,1,0
BRDA:289,22,0,0
BRDA:289,22,1,0
BRDA:289,23,0,0
BRDA:289,23,1,0
BRDA:309,24,0,0
BRDA:309,24,1,0
BRDA:316,25,0,0
BRDA:316,25,1,0
BRDA:328,26,0,0
BRDA:328,26,1,0
BRDA:328,27,0,0
BRDA:328,27,1,0
BRDA:349,28,0,0
BRDA:349,28,1,0
BRDA:356,29,0,0
BRDA:356,29,1,0
BRDA:370,30,0,0
BRDA:370,30,1,0
BRDA:372,31,0,0
BRDA:372,31,1,0
BRDA:398,32,0,0
BRDA:398,32,1,0
BRDA:415,33,0,0
BRDA:415,33,1,0
BRDA:415,34,0,0
BRDA:415,34,1,0
BRDA:435,35,0,0
BRDA:435,35,1,0
BRDA:437,36,0,0
BRDA:437,36,1,0
BRDA:437,37,0,0
BRDA:437,37,1,0
BRF:76
BRH:0
end_of_record
TN:
SF:src\commands\setup.ts
FN:18,(anonymous_1)
FN:24,handleSetup
FNF:2
FNH:0
FNDA:0,(anonymous_1)
FNDA:0,handleSetup
DA:1,0
DA:9,0
DA:12,0
DA:19,0
DA:20,0
DA:25,0
DA:26,0
DA:30,0
DA:33,0
DA:36,0
DA:40,0
DA:41,0
DA:43,0
DA:104,0
DA:107,0
LF:15
LH:0
BRDA:19,0,0,0
BRDA:19,0,1,0
BRDA:25,1,0,0
BRDA:25,1,1,0
BRDA:40,2,0,0
BRDA:40,2,1,0
BRDA:41,3,0,0
BRDA:41,3,1,0
BRF:8
BRH:0
end_of_record
TN:
SF:src\utils\archiveFormatter.ts
FN:14,formatArchiveSearchEmbed
FN:90,formatArchiveNotificationEmbed
FN:111,formatPeriodLabel
FNF:3
FNH:0
FNDA:0,formatArchiveSearchEmbed
FNDA:0,formatArchiveNotificationEmbed
FNDA:0,formatPeriodLabel
DA:1,0
DA:3,0
DA:14,0
DA:20,0
DA:22,0
DA:28,0
DA:29,0
DA:30,0
DA:31,0
DA:32,0
DA:36,0
DA:37,0
DA:42,0
DA:46,0
DA:47,0
DA:48,0
DA:50,0
DA:55,0
DA:63,0
DA:64,0
DA:70,0
DA:71,0
DA:78,0
DA:90,0
DA:96,0
DA:98,0
DA:112,0
DA:119,0
LF:28
LH:0
BRDA:29,0,0,0
BRDA:29,0,1,0
BRDA:30,1,0,0
BRDA:30,1,1,0
BRDA:31,2,0,0
BRDA:31,2,1,0
BRDA:36,3,0,0
BRDA:36,3,1,0
BRDA:52,4,0,0
BRDA:52,4,1,0
BRDA:56,5,0,0
BRDA:56,5,1,0
BRDA:63,6,0,0
BRDA:63,6,1,0
BRDA:72,7,0,0
BRDA:72,7,1,0
BRDA:113,8,0,0
BRDA:113,8,1,0
BRDA:114,9,0,0
BRDA:114,9,1,0
BRDA:115,10,0,0
BRDA:115,10,1,0
BRDA:116,11,0,0
BRDA:116,11,1,0
BRDA:119,12,0,0
BRDA:119,12,1,0
BRF:26
BRH:0
end_of_record
TN:
SF:src\utils\archiveManager.ts
FN:37,archiveRaid
FN:68,(anonymous_2)
FN:69,(anonymous_3)
FN:77,(anonymous_4)
FN:93,(anonymous_5)
FN:134,unarchiveRaid
FN:161,(anonymous_7)
FN:163,(anonymous_8)
FN:168,(anonymous_9)
FN:211,getArchiveChannel
FN:223,(anonymous_11)
FN:238,setupArchiveChannel
FN:244,(anonymous_13)
FN:266,searchArchive
FN:333,(anonymous_15)
FN:334,(anonymous_16)
FN:345,(anonymous_17)
FN:347,(anonymous_18)
FN:358,getArchiveStats
FNF:19
FNH:0
FNDA:0,archiveRaid
FNDA:0,(anonymous_2)
FNDA:0,(anonymous_3)
FNDA:0,(anonymous_4)
FNDA:0,(anonymous_5)
FNDA:0,unarchiveRaid
FNDA:0,(anonymous_7)
FNDA:0,(anonymous_8)
FNDA:0,(anonymous_9)
FNDA:0,getArchiveChannel
FNDA:0,(anonymous_11)
FNDA:0,setupArchiveChannel
FNDA:0,(anonymous_13)
FNDA:0,searchArchive
FNDA:0,(anonymous_15)
FNDA:0,(anonymous_16)
FNDA:0,(anonymous_17)
FNDA:0,(anonymous_18)
FNDA:0,getArchiveStats
DA:1,0
DA:2,0
DA:37,0
DA:43,0
DA:47,0
DA:48,0
DA:52,0
DA:59,0
DA:60,0
DA:63,0
DA:64,0
DA:68,0
DA:69,0
DA:71,0
DA:72,0
DA:75,0
DA:76,0
DA:77,0
DA:81,0
DA:93,0
DA:101,0
DA:104,0
DA:115,0
DA:116,0
DA:117,0
DA:120,0
DA:124,0
DA:134,0
DA:139,0
DA:146,0
DA:147,0
DA:150,0
DA:151,0
DA:154,0
DA:155,0
DA:159,0
DA:160,0
DA:161,0
DA:162,0
DA:163,0
DA:168,0
DA:169,0
DA:170,0
DA:174,0
DA:180,0
DA:183,0
DA:195,0
DA:196,0
DA:197,0
DA:199,0
DA:211,0
DA:215,0
DA:219,0
DA:220,0
DA:223,0
DA:224,0
DA:225,0
DA:228,0
DA:238,0
DA:244,0
DA:245,0
DA:246,0
DA:250,0
DA:266,0
DA:270,0
DA:273,0
DA:281,0
DA:282,0
DA:283,0
DA:284,0
DA:286,0
DA:287,0
DA:293,0
DA:294,0
DA:316,0
DA:333,0
DA:334,0
DA:335,0
DA:337,0
DA:345,0
DA:347,0
DA:358,0
DA:360,0
DA:368,0
DA:369,0
DA:371,0
DA:381,0
LF:87
LH:0
BRDA:47,0,0,0
BRDA:47,0,1,0
BRDA:47,1,0,0
BRDA:47,1,1,0
BRDA:59,2,0,0
BRDA:59,2,1,0
BRDA:63,3,0,0
BRDA:63,3,1,0
BRDA:71,4,0,0
BRDA:71,4,1,0
BRDA:71,5,0,0
BRDA:71,5,1,0
BRDA:71,6,0,0
BRDA:71,6,1,0
BRDA:76,7,0,0
BRDA:76,7,1,0
BRDA:76,8,0,0
BRDA:76,8,1,0
BRDA:76,8,2,0
BRDA:83,9,0,0
BRDA:83,9,1,0
BRDA:93,10,0,0
BRDA:93,10,1,0
BRDA:115,11,0,0
BRDA:115,11,1,0
BRDA:146,12,0,0
BRDA:146,12,1,0
BRDA:150,13,0,0
BRDA:150,13,1,0
BRDA:154,14,0,0
BRDA:154,14,1,0
BRDA:160,15,0,0
BRDA:160,15,1,0
BRDA:160,16,0,0
BRDA:160,16,1,0
BRDA:162,17,0,0
BRDA:162,17,1,0
BRDA:162,18,0,0
BRDA:162,18,1,0
BRDA:169,19,0,0
BRDA:169,19,1,0
BRDA:169,20,0,0
BRDA:169,20,1,0
BRDA:169,21,0,0
BRDA:169,21,1,0
BRDA:177,22,0,0
BRDA:177,22,1,0
BRDA:195,23,0,0
BRDA:195,23,1,0
BRDA:219,24,0,0
BRDA:219,24,1,0
BRDA:219,25,0,0
BRDA:219,25,1,0
BRDA:224,26,0,0
BRDA:224,26,1,0
BRDA:224,27,0,0
BRDA:224,27,1,0
BRDA:224,28,0,0
BRDA:224,28,1,0
BRDA:245,29,0,0
BRDA:245,29,1,0
BRDA:245,30,0,0
BRDA:245,30,1,0
BRDA:245,31,0,0
BRDA:245,31,1,0
BRDA:268,32,0,0
BRDA:281,33,0,0
BRDA:281,33,1,0
BRDA:281,34,0,0
BRDA:281,34,1,0
BRDA:283,35,0,0
BRDA:283,35,1,0
BRDA:286,36,0,0
BRDA:286,36,1,0
BRDA:293,37,0,0
BRDA:293,37,1,0
BRDA:293,38,0,0
BRDA:293,38,1,0
BRDA:334,39,0,0
BRDA:334,39,1,0
BRDA:343,40,0,0
BRDA:343,40,1,0
BRDA:345,41,0,0
BRDA:345,41,1,0
BRF:84
BRH:0
end_of_record
TN:
SF:src\utils\attendanceAnalytics.ts
FN:79,periodToDays
FN:90,getDateCutoff
FN:105,getPlayerAttendanceHistory
FN:135,(anonymous_4)
FN:154,calculatePlayerStats
FN:179,(anonymous_6)
FN:180,(anonymous_7)
FN:181,(anonymous_8)
FN:204,(anonymous_9)
FN:229,getPlayerRoleDistribution
FN:254,(anonymous_11)
FN:257,(anonymous_12)
FN:262,(anonymous_13)
FN:266,(anonymous_14)
FN:267,(anonymous_15)
FN:278,(anonymous_16)
FN:302,getTrendData
FN:332,analyzeTrendFromRecords
FN:350,(anonymous_19)
FN:356,(anonymous_20)
FN:365,(anonymous_21)
FN:379,calculateTrendFromRecords
FN:386,(anonymous_23)
FN:406,calculateAttendanceRateFromRecords
FN:411,(anonymous_25)
FN:419,calculateTrendDirection
FN:446,calculateTrendConfidence
FN:450,(anonymous_28)
FN:467,getRoleFlexibility
FN:486,calculateReliabilityTier
FN:496,getMainRole
FN:504,getTrendEmoji
FN:519,formatResponseTime
FNF:33
FNH:0
FNDA:0,periodToDays
FNDA:0,getDateCutoff
FNDA:0,getPlayerAttendanceHistory
FNDA:0,(anonymous_4)
FNDA:0,calculatePlayerStats
FNDA:0,(anonymous_6)
FNDA:0,(anonymous_7)
FNDA:0,(anonymous_8)
FNDA:0,(anonymous_9)
FNDA:0,getPlayerRoleDistribution
FNDA:0,(anonymous_11)
FNDA:0,(anonymous_12)
FNDA:0,(anonymous_13)
FNDA:0,(anonymous_14)
FNDA:0,(anonymous_15)
FNDA:0,(anonymous_16)
FNDA:0,getTrendData
FNDA:0,analyzeTrendFromRecords
FNDA:0,(anonymous_19)
FNDA:0,(anonymous_20)
FNDA:0,(anonymous_21)
FNDA:0,calculateTrendFromRecords
FNDA:0,(anonymous_23)
FNDA:0,calculateAttendanceRateFromRecords
FNDA:0,(anonymous_25)
FNDA:0,calculateTrendDirection
FNDA:0,calculateTrendConfidence
FNDA:0,(anonymous_28)
FNDA:0,getRoleFlexibility
FNDA:0,calculateReliabilityTier
FNDA:0,getMainRole
FNDA:0,getTrendEmoji
FNDA:0,formatResponseTime
DA:1,0
DA:2,0
DA:3,0
DA:80,0
DA:81,0
DA:82,0
DA:83,0
DA:84,0
DA:91,0
DA:92,0
DA:93,0
DA:94,0
DA:105,0
DA:110,0
DA:111,0
DA:113,0
DA:135,0
DA:154,0
DA:159,0
DA:160,0
DA:162,0
DA:178,0
DA:179,0
DA:180,0
DA:181,0
DA:183,0
DA:185,0
DA:189,0
DA:192,0
DA:193,0
DA:194,0
DA:195,0
DA:196,0
DA:197,0
DA:198,0
DA:202,0
DA:203,0
DA:204,0
DA:208,0
DA:210,0
DA:229,0
DA:233,0
DA:245,0
DA:247,0
DA:248,0
DA:249,0
DA:250,0
DA:254,0
DA:256,0
DA:257,0
DA:262,0
DA:264,0
DA:265,0
DA:266,0
DA:267,0
DA:270,0
DA:271,0
DA:272,0
DA:275,0
DA:276,0
DA:277,0
DA:278,0
DA:281,0
DA:286,0
DA:302,0
DA:307,0
DA:308,0
DA:310,0
DA:325,0
DA:332,0
DA:337,0
DA:338,0
DA:339,0
DA:341,0
DA:342,0
DA:343,0
DA:344,0
DA:346,0
DA:347,0
DA:348,0
DA:350,0
DA:351,0
DA:352,0
DA:355,0
DA:356,0
DA:358,0
DA:359,0
DA:361,0
DA:365,0
DA:366,0
DA:367,0
DA:369,0
DA:382,0
DA:385,0
DA:386,0
DA:390,0
DA:391,0
DA:392,0
DA:394,0
DA:395,0
DA:397,0
DA:398,0
DA:399,0
DA:400,0
DA:409,0
DA:410,0
DA:411,0
DA:413,0
DA:420,0
DA:423,0
DA:424,0
DA:425,0
DA:426,0
DA:427,0
DA:428,0
DA:429,0
DA:432,0
DA:433,0
DA:435,0
DA:438,0
DA:439,0
DA:440,0
DA:447,0
DA:448,0
DA:450,0
DA:453,0
DA:454,0
DA:456,0
DA:467,0
DA:468,0
DA:469,0
DA:471,0
DA:472,0
DA:473,0
DA:474,0
DA:477,0
DA:486,0
DA:487,0
DA:496,0
DA:497,0
DA:498,0
DA:504,0
DA:505,0
DA:507,0
DA:509,0
DA:512,0
DA:519,0
DA:520,0
DA:521,0
DA:522,0
DA:523,0
DA:525,0
DA:526,0
DA:527,0
LF:154
LH:0
BRDA:80,0,0,0
BRDA:80,0,1,0
BRDA:80,1,0,0
BRDA:80,1,1,0
BRDA:81,2,0,0
BRDA:81,2,1,0
BRDA:82,3,0,0
BRDA:82,3,1,0
BRDA:84,4,0,0
BRDA:84,4,1,0
BRDA:91,5,0,0
BRDA:91,5,1,0
BRDA:117,6,0,0
BRDA:117,6,1,0
BRDA:166,7,0,0
BRDA:166,7,1,0
BRDA:185,8,0,0
BRDA:185,8,1,0
BRDA:195,9,0,0
BRDA:195,9,1,0
BRDA:197,10,0,0
BRDA:197,10,1,0
BRDA:202,11,0,0
BRDA:202,11,1,0
BRDA:249,12,0,0
BRDA:249,12,1,0
BRDA:250,13,0,0
BRDA:250,13,1,0
BRDA:260,14,0,0
BRDA:260,14,1,0
BRDA:272,15,0,0
BRDA:272,15,1,0
BRDA:305,16,0,0
BRDA:352,17,0,0
BRDA:352,17,1,0
BRDA:356,18,0,0
BRDA:356,18,1,0
BRDA:359,19,0,0
BRDA:359,19,1,0
BRDA:382,20,0,0
BRDA:382,20,1,0
BRDA:398,21,0,0
BRDA:398,21,1,0
BRDA:399,22,0,0
BRDA:399,22,1,0
BRDA:409,23,0,0
BRDA:409,23,1,0
BRDA:411,24,0,0
BRDA:411,24,1,0
BRDA:420,25,0,0
BRDA:420,25,1,0
BRDA:433,26,0,0
BRDA:433,26,1,0
BRDA:438,27,0,0
BRDA:438,27,1,0
BRDA:439,28,0,0
BRDA:439,28,1,0
BRDA:447,29,0,0
BRDA:447,29,1,0
BRDA:448,30,0,0
BRDA:448,30,1,0
BRDA:469,31,0,0
BRDA:469,31,1,0
BRDA:474,32,0,0
BRDA:474,32,1,0
BRDA:497,33,0,0
BRDA:497,33,1,0
BRDA:505,34,0,0
BRDA:505,34,1,0
BRDA:505,34,2,0
BRDA:505,34,3,0
BRDA:520,35,0,0
BRDA:520,35,1,0
BRDA:525,36,0,0
BRDA:525,36,1,0
BRDA:526,37,0,0
BRDA:526,37,1,0
BRF:77
BRH:0
end_of_record
TN:
SF:src\utils\attendanceFormatter.ts
FN:17,formatAttendanceEmbed
FN:103,(anonymous_1)
FN:128,getPeriodLabel
FN:145,capitalize
FNF:4
FNH:0
FNDA:0,formatAttendanceEmbed
FNDA:0,(anonymous_1)
FNDA:0,getPeriodLabel
FNDA:0,capitalize
DA:1,0
DA:2,0
DA:3,0
DA:17,0
DA:25,0
DA:28,0
DA:34,0
DA:35,0
DA:37,0
DA:77,0
DA:78,0
DA:85,0
DA:86,0
DA:94,0
DA:101,0
DA:102,0
DA:104,0
DA:105,0
DA:106,0
DA:107,0
DA:108,0
DA:112,0
DA:119,0
DA:120,0
DA:122,0
DA:129,0
DA:130,0
DA:132,0
DA:134,0
DA:136,0
DA:138,0
DA:146,0
DA:147,0
LF:33
LH:0
BRDA:28,0,0,0
BRDA:28,0,1,0
BRDA:30,1,0,0
BRDA:30,1,1,0
BRDA:77,2,0,0
BRDA:77,2,1,0
BRDA:85,3,0,0
BRDA:85,3,1,0
BRDA:101,4,0,0
BRDA:101,4,1,0
BRDA:105,5,0,0
BRDA:105,5,1,0
BRDA:106,6,0,0
BRDA:106,6,1,0
BRDA:107,7,0,0
BRDA:107,7,1,0
BRDA:130,8,0,0
BRDA:130,8,1,0
BRDA:130,8,2,0
BRDA:130,8,3,0
BRDA:146,9,0,0
BRDA:146,9,1,0
BRF:22
BRH:0
end_of_record
TN:
SF:src\utils\badgeFormatter.ts
FN:6,(anonymous_0)
FN:47,getBadgeName
FN:56,getBadgeDescription
FN:69,formatPlayerBadgesForEmbed
FN:81,(anonymous_4)
FN:95,formatPlayerBadgesDetailed
FNF:6
FNH:0
FNDA:0,(anonymous_0)
FNDA:0,getBadgeName
FNDA:0,getBadgeDescription
FNDA:0,formatPlayerBadgesForEmbed
FNDA:0,(anonymous_4)
FNDA:0,formatPlayerBadgesDetailed
DA:1,0
DA:3,0
DA:4,0
DA:6,0
DA:11,0
DA:29,0
DA:47,0
DA:48,0
DA:50,0
DA:56,0
DA:57,0
DA:59,0
DA:69,0
DA:75,0
DA:77,0
DA:79,0
DA:81,0
DA:84,0
DA:85,0
DA:88,0
DA:95,0
DA:101,0
DA:102,0
DA:104,0
DA:109,0
DA:110,0
DA:111,0
DA:114,0
DA:115,0
DA:116,0
DA:117,0
DA:118,0
DA:120,0
DA:122,0
DA:123,0
DA:125,0
DA:126,0
DA:129,0
DA:132,0
LF:39
LH:0
BRDA:73,0,0,0
BRDA:77,1,0,0
BRDA:77,1,1,0
BRDA:84,2,0,0
BRDA:84,2,1,0
BRDA:102,3,0,0
BRDA:102,3,1,0
BRDA:109,4,0,0
BRDA:109,4,1,0
BRDA:122,5,0,0
BRDA:122,5,1,0
BRDA:125,6,0,0
BRDA:125,6,1,0
BRF:13
BRH:0
end_of_record
TN:
SF:src\utils\badgeManager.ts
FN:31,checkAndAwardBadges
FN:41,(anonymous_2)
FN:44,(anonymous_3)
FN:45,(anonymous_4)
FN:46,(anonymous_5)
FN:47,(anonymous_6)
FN:48,(anonymous_7)
FN:49,(anonymous_8)
FN:50,(anonymous_9)
FN:51,(anonymous_10)
FN:52,(anonymous_11)
FN:53,(anonymous_12)
FN:54,(anonymous_13)
FN:88,awardBadge
FN:118,awardManualBadge
FN:131,getBadges
FN:152,getBadgeEmoji
FN:176,checkPerfectAttendance
FN:202,checkTankMain
FN:212,checkHealerHero
FN:222,checkDamageDealer
FN:232,checkSharpshooter
FN:243,checkAlwaysOnTime
FN:261,(anonymous_24)
FN:268,checkEarlyBird
FN:305,checkTeamPlayer
FN:331,checkReliableMember
FN:350,(anonymous_28)
FN:361,checkRisingStar
FN:403,checkVeteranRaider
FN:423,checkRoleCount
FN:439,(anonymous_32)
FN:448,calculateAttendanceRate
FN:453,(anonymous_34)
FN:461,updateBadgeView
FN:470,(anonymous_36)
FNF:36
FNH:0
FNDA:0,checkAndAwardBadges
FNDA:0,(anonymous_2)
FNDA:0,(anonymous_3)
FNDA:0,(anonymous_4)
FNDA:0,(anonymous_5)
FNDA:0,(anonymous_6)
FNDA:0,(anonymous_7)
FNDA:0,(anonymous_8)
FNDA:0,(anonymous_9)
FNDA:0,(anonymous_10)
FNDA:0,(anonymous_11)
FNDA:0,(anonymous_12)
FNDA:0,(anonymous_13)
FNDA:0,awardBadge
FNDA:0,awardManualBadge
FNDA:0,getBadges
FNDA:0,getBadgeEmoji
FNDA:0,checkPerfectAttendance
FNDA:0,checkTankMain
FNDA:0,checkHealerHero
FNDA:0,checkDamageDealer
FNDA:0,checkSharpshooter
FNDA:0,checkAlwaysOnTime
FNDA:0,(anonymous_24)
FNDA:0,checkEarlyBird
FNDA:0,checkTeamPlayer
FNDA:0,checkReliableMember
FNDA:0,(anonymous_28)
FNDA:0,checkRisingStar
FNDA:0,checkVeteranRaider
FNDA:0,checkRoleCount
FNDA:0,(anonymous_32)
FNDA:0,calculateAttendanceRate
FNDA:0,(anonymous_34)
FNDA:0,updateBadgeView
FNDA:0,(anonymous_36)
DA:1,0
DA:4,0
DA:5,0
DA:31,0
DA:37,0
DA:41,0
DA:43,0
DA:44,0
DA:45,0
DA:46,0
DA:47,0
DA:48,0
DA:49,0
DA:50,0
DA:51,0
DA:52,0
DA:53,0
DA:54,0
DA:57,0
DA:59,0
DA:60,0
DA:61,0
DA:62,0
DA:63,0
DA:64,0
DA:68,0
DA:69,0
DA:72,0
DA:73,0
DA:74,0
DA:79,0
DA:88,0
DA:95,0
DA:99,0
DA:101,0
DA:111,0
DA:112,0
DA:118,0
DA:125,0
DA:131,0
DA:135,0
DA:146,0
DA:152,0
DA:153,0
DA:168,0
DA:176,0
DA:180,0
DA:186,0
DA:187,0
DA:188,0
DA:189,0
DA:190,0
DA:192,0
DA:196,0
DA:202,0
DA:206,0
DA:212,0
DA:216,0
DA:222,0
DA:226,0
DA:232,0
DA:236,0
DA:243,0
DA:247,0
DA:257,0
DA:260,0
DA:261,0
DA:268,0
DA:273,0
DA:285,0
DA:287,0
DA:290,0
DA:299,0
DA:305,0
DA:309,0
DA:318,0
DA:319,0
DA:320,0
DA:321,0
DA:324,0
DA:331,0
DA:335,0
DA:336,0
DA:338,0
DA:347,0
DA:349,0
DA:350,0
DA:352,0
DA:354,0
DA:361,0
DA:365,0
DA:366,0
DA:367,0
DA:368,0
DA:369,0
DA:371,0
DA:391,0
DA:393,0
DA:394,0
DA:397,0
DA:403,0
DA:407,0
DA:415,0
DA:429,0
DA:438,0
DA:439,0
DA:442,0
DA:451,0
DA:452,0
DA:453,0
DA:455,0
DA:465,0
DA:470,0
DA:472,0
LF:114
LH:0
BRDA:60,0,0,0
BRDA:60,0,1,0
BRDA:62,1,0,0
BRDA:62,1,1,0
BRDA:68,2,0,0
BRDA:68,2,1,0
BRDA:72,3,0,0
BRDA:72,3,1,0
BRDA:99,4,0,0
BRDA:99,4,1,0
BRDA:106,5,0,0
BRDA:106,5,1,0
BRDA:107,6,0,0
BRDA:107,6,1,0
BRDA:168,7,0,0
BRDA:168,7,1,0
BRDA:188,8,0,0
BRDA:188,8,1,0
BRDA:190,9,0,0
BRDA:190,9,1,0
BRDA:257,10,0,0
BRDA:257,10,1,0
BRDA:285,11,0,0
BRDA:285,11,1,0
BRDA:321,12,0,0
BRDA:321,12,1,0
BRDA:347,13,0,0
BRDA:347,13,1,0
BRDA:350,14,0,0
BRDA:350,14,1,0
BRDA:391,15,0,0
BRDA:391,15,1,0
BRDA:391,16,0,0
BRDA:391,16,1,0
BRDA:451,17,0,0
BRDA:451,17,1,0
BRDA:453,18,0,0
BRDA:453,18,1,0
BRF:38
BRH:0
end_of_record
TN:
SF:src\utils\badgeNotifier.ts
FN:17,sendBadgeCelebration
FNF:1
FNH:0
FNDA:0,sendBadgeCelebration
DA:3,0
DA:4,0
DA:5,0
DA:17,0
DA:24,0
DA:25,0
DA:26,0
DA:28,0
DA:29,0
DA:32,0
DA:36,0
DA:37,0
DA:40,0
DA:41,0
DA:44,0
DA:49,0
DA:51,0
DA:53,0
DA:58,0
DA:59,0
DA:60,0
DA:61,0
DA:67,0
DA:70,0
DA:73,0
LF:25
LH:0
BRDA:26,0,0,0
BRDA:26,0,1,0
BRDA:29,1,0,0
BRDA:29,1,1,0
BRDA:36,2,0,0
BRDA:36,2,1,0
BRDA:51,3,0,0
BRDA:51,3,1,0
BRDA:58,4,0,0
BRDA:58,4,1,0
BRDA:60,5,0,0
BRDA:60,5,1,0
BRDA:60,6,0,0
BRDA:60,6,1,0
BRDA:67,7,0,0
BRDA:67,7,1,0
BRF:16
BRH:0
end_of_record
TN:
SF:src\utils\compositionAnalyzer.ts
FN:104,getOptimalComposition
FN:130,analyzeRaidComposition
FN:133,(anonymous_2)
FN:154,findCompositionGaps
FN:156,(anonymous_4)
FN:183,(anonymous_5)
FN:184,(anonymous_6)
FN:197,suggestPlayerSwaps
FN:202,(anonymous_8)
FN:208,(anonymous_9)
FN:225,(anonymous_10)
FN:245,(anonymous_11)
FN:249,(anonymous_12)
FN:257,(anonymous_13)
FN:258,(anonymous_14)
FN:274,calculateSuccessLikelihood
FN:276,(anonymous_16)
FN:320,(anonymous_17)
FN:351,calculateComposition
FN:375,determineStatusFlags
FN:399,getSuccessLabel
FNF:21
FNH:0
FNDA:0,getOptimalComposition
FNDA:0,analyzeRaidComposition
FNDA:0,(anonymous_2)
FNDA:0,findCompositionGaps
FNDA:0,(anonymous_4)
FNDA:0,(anonymous_5)
FNDA:0,(anonymous_6)
FNDA:0,suggestPlayerSwaps
FNDA:0,(anonymous_8)
FNDA:0,(anonymous_9)
FNDA:0,(anonymous_10)
FNDA:0,(anonymous_11)
FNDA:0,(anonymous_12)
FNDA:0,(anonymous_13)
FNDA:0,(anonymous_14)
FNDA:0,calculateSuccessLikelihood
FNDA:0,(anonymous_16)
FNDA:0,(anonymous_17)
FNDA:0,calculateComposition
FNDA:0,determineStatusFlags
FNDA:0,getSuccessLabel
DA:1,0
DA:2,0
DA:104,0
DA:105,0
DA:106,0
DA:110,0
DA:113,0
DA:115,0
DA:118,0
DA:119,0
DA:121,0
DA:130,0
DA:132,0
DA:133,0
DA:136,0
DA:137,0
DA:138,0
DA:140,0
DA:154,0
DA:155,0
DA:156,0
DA:159,0
DA:160,0
DA:162,0
DA:183,0
DA:184,0
DA:186,0
DA:197,0
DA:202,0
DA:204,0
DA:205,0
DA:208,0
DA:209,0
DA:210,0
DA:212,0
DA:213,0
DA:214,0
DA:216,0
DA:217,0
DA:221,0
DA:222,0
DA:224,0
DA:225,0
DA:227,0
DA:228,0
DA:230,0
DA:231,0
DA:245,0
DA:248,0
DA:249,0
DA:250,0
DA:251,0
DA:252,0
DA:253,0
DA:257,0
DA:258,0
DA:259,0
DA:260,0
DA:261,0
DA:264,0
DA:274,0
DA:275,0
DA:276,0
DA:279,0
DA:280,0
DA:283,0
DA:284,0
DA:285,0
DA:286,0
DA:289,0
DA:290,0
DA:291,0
DA:292,0
DA:293,0
DA:294,0
DA:299,0
DA:300,0
DA:301,0
DA:302,0
DA:303,0
DA:304,0
DA:309,0
DA:310,0
DA:311,0
DA:312,0
DA:313,0
DA:314,0
DA:315,0
DA:320,0
DA:321,0
DA:322,0
DA:323,0
DA:324,0
DA:325,0
DA:329,0
DA:330,0
DA:331,0
DA:332,0
DA:335,0
DA:337,0
DA:338,0
DA:341,0
DA:343,0
DA:351,0
DA:352,0
DA:360,0
DA:361,0
DA:362,0
DA:363,0
DA:364,0
DA:365,0
DA:366,0
DA:369,0
DA:379,0
DA:381,0
DA:382,0
DA:384,0
DA:385,0
DA:387,0
DA:388,0
DA:389,0
DA:391,0
DA:393,0
DA:400,0
DA:401,0
DA:402,0
DA:403,0
DA:404,0
LF:128
LH:0
BRDA:105,0,0,0
BRDA:105,0,1,0
BRDA:110,1,0,0
BRDA:110,1,1,0
BRDA:133,2,0,0
BRDA:133,2,1,0
BRDA:156,3,0,0
BRDA:156,3,1,0
BRDA:204,4,0,0
BRDA:204,4,1,0
BRDA:213,5,0,0
BRDA:213,5,1,0
BRDA:214,6,0,0
BRDA:214,6,1,0
BRDA:222,7,0,0
BRDA:222,7,1,0
BRDA:227,8,0,0
BRDA:227,8,1,0
BRDA:251,9,0,0
BRDA:251,9,1,0
BRDA:259,10,0,0
BRDA:259,10,1,0
BRDA:260,11,0,0
BRDA:260,11,1,0
BRDA:261,12,0,0
BRDA:261,12,1,0
BRDA:276,13,0,0
BRDA:276,13,1,0
BRDA:279,14,0,0
BRDA:279,14,1,0
BRDA:289,15,0,0
BRDA:289,15,1,0
BRDA:293,16,0,0
BRDA:293,16,1,0
BRDA:299,17,0,0
BRDA:299,17,1,0
BRDA:303,18,0,0
BRDA:303,18,1,0
BRDA:310,19,0,0
BRDA:310,19,1,0
BRDA:314,20,0,0
BRDA:314,20,1,0
BRDA:320,21,0,0
BRDA:320,21,1,0
BRDA:321,22,0,0
BRDA:321,22,1,0
BRDA:324,23,0,0
BRDA:324,23,1,0
BRDA:329,24,0,0
BRDA:329,24,1,0
BRDA:337,25,0,0
BRDA:337,25,1,0
BRDA:362,26,0,0
BRDA:362,26,1,0
BRDA:363,27,0,0
BRDA:363,27,1,0
BRDA:364,28,0,0
BRDA:364,28,1,0
BRDA:365,29,0,0
BRDA:365,29,1,0
BRDA:381,30,0,0
BRDA:381,30,1,0
BRDA:382,31,0,0
BRDA:382,31,1,0
BRDA:385,32,0,0
BRDA:385,32,1,0
BRDA:387,33,0,0
BRDA:387,33,1,0
BRDA:388,34,0,0
BRDA:388,34,1,0
BRDA:389,35,0,0
BRDA:389,35,1,0
BRDA:391,36,0,0
BRDA:391,36,1,0
BRDA:400,37,0,0
BRDA:400,37,1,0
BRDA:401,38,0,0
BRDA:401,38,1,0
BRDA:402,39,0,0
BRDA:402,39,1,0
BRDA:403,40,0,0
BRDA:403,40,1,0
BRF:82
BRH:0
end_of_record
TN:
SF:src\utils\compositionFormatter.ts
FN:9,formatCompositionEmbed
FN:64,(anonymous_1)
FN:85,(anonymous_2)
FN:102,(anonymous_3)
FN:121,getCompositionColor
FN:123,(anonymous_5)
FN:124,(anonymous_6)
FN:131,getCompositionStatusText
FN:159,getRoleEmoji
FNF:9
FNH:0
FNDA:0,formatCompositionEmbed
FNDA:0,(anonymous_1)
FNDA:0,(anonymous_2)
FNDA:0,(anonymous_3)
FNDA:0,getCompositionColor
FNDA:0,(anonymous_5)
FNDA:0,(anonymous_6)
FNDA:0,getCompositionStatusText
FNDA:0,getRoleEmoji
DA:1,0
DA:3,0
DA:4,0
DA:9,0
DA:17,0
DA:18,0
DA:21,0
DA:22,0
DA:25,0
DA:28,0
DA:32,0
DA:33,0
DA:36,0
DA:40,0
DA:47,0
DA:54,0
DA:55,0
DA:62,0
DA:63,0
DA:65,0
DA:66,0
DA:67,0
DA:68,0
DA:70,0
DA:74,0
DA:82,0
DA:83,0
DA:86,0
DA:87,0
DA:88,0
DA:92,0
DA:100,0
DA:102,0
DA:104,0
DA:111,0
DA:115,0
DA:122,0
DA:123,0
DA:124,0
DA:125,0
DA:132,0
DA:133,0
DA:135,0
DA:136,0
DA:137,0
DA:138,0
DA:139,0
DA:140,0
DA:141,0
DA:142,0
DA:143,0
DA:144,0
DA:145,0
DA:146,0
DA:147,0
DA:148,0
DA:149,0
DA:153,0
DA:160,0
DA:162,0
DA:164,0
DA:167,0
DA:169,0
LF:63
LH:0
BRDA:15,0,0,0
BRDA:33,1,0,0
BRDA:33,1,1,0
BRDA:36,2,0,0
BRDA:36,2,1,0
BRDA:62,3,0,0
BRDA:62,3,1,0
BRDA:62,4,0,0
BRDA:62,4,1,0
BRDA:65,5,0,0
BRDA:65,5,1,0
BRDA:67,6,0,0
BRDA:67,6,1,0
BRDA:82,7,0,0
BRDA:82,7,1,0
BRDA:94,8,0,0
BRDA:94,8,1,0
BRDA:122,9,0,0
BRDA:122,9,1,0
BRDA:123,10,0,0
BRDA:123,10,1,0
BRDA:124,11,0,0
BRDA:124,11,1,0
BRDA:136,12,0,0
BRDA:136,12,1,0
BRDA:138,13,0,0
BRDA:138,13,1,0
BRDA:140,14,0,0
BRDA:140,14,1,0
BRDA:142,15,0,0
BRDA:142,15,1,0
BRDA:144,16,0,0
BRDA:144,16,1,0
BRDA:146,17,0,0
BRDA:146,17,1,0
BRDA:148,18,0,0
BRDA:148,18,1,0
BRDA:153,19,0,0
BRDA:153,19,1,0
BRDA:160,20,0,0
BRDA:160,20,1,0
BRDA:160,20,2,0
BRDA:160,20,3,0
BRDA:160,20,4,0
BRF:44
BRH:0
end_of_record
TN:
SF:src\utils\feedbackAnalyzer.ts
FN:52,moodToSentiment
FN:71,analyzeRaidFeedback
FN:131,(anonymous_3)
FN:133,(anonymous_4)
FN:151,getGuildMorale
FN:185,(anonymous_6)
FN:190,(anonymous_7)
FN:191,(anonymous_8)
FN:194,(anonymous_9)
FN:197,(anonymous_10)
FN:222,(anonymous_11)
FN:228,(anonymous_12)
FN:275,(anonymous_13)
FNF:13
FNH:13
FNDA:77,moodToSentiment
FNDA:5,analyzeRaidFeedback
FNDA:34,(anonymous_3)
FNDA:13,(anonymous_4)
FNDA:8,getGuildMorale
FNDA:21,(anonymous_6)
FNDA:21,(anonymous_7)
FNDA:21,(anonymous_8)
FNDA:18,(anonymous_9)
FNDA:3,(anonymous_10)
FNDA:19,(anonymous_11)
FNDA:17,(anonymous_12)
FNDA:3,(anonymous_13)
DA:1,1
DA:2,1
DA:53,77
DA:55,31
DA:57,29
DA:59,17
DA:61,0
DA:71,1
DA:72,5
DA:80,5
DA:82,5
DA:83,1
DA:92,4
DA:93,4
DA:95,4
DA:96,11
DA:97,11
DA:99,11
DA:101,9
DA:102,9
DA:104,1
DA:105,1
DA:107,1
DA:108,1
DA:112,4
DA:113,4
DA:116,4
DA:117,4
DA:118,11
DA:119,7
DA:120,7
DA:122,29
DA:123,29
DA:124,26
DA:130,4
DA:131,34
DA:133,13
DA:135,4
DA:151,1
DA:152,8
DA:153,8
DA:156,8
DA:174,8
DA:175,1
DA:185,21
DA:186,7
DA:189,7
DA:190,21
DA:191,21
DA:193,7
DA:194,18
DA:196,7
DA:197,3
DA:200,7
DA:201,7
DA:204,7
DA:205,7
DA:206,21
DA:207,21
DA:208,21
DA:209,21
DA:210,2
DA:211,2
DA:213,19
DA:221,7
DA:222,19
DA:228,17
DA:230,7
DA:231,7
DA:234,7
DA:235,7
DA:249,7
DA:250,7
DA:251,3
DA:252,3
DA:253,3
DA:254,3
DA:260,7
DA:261,7
DA:262,21
DA:263,21
DA:264,3
DA:265,3
DA:266,3
DA:267,0
DA:268,0
DA:270,3
DA:275,7
DA:281,7
LF:89
LH:86
BRDA:53,0,0,31
BRDA:53,0,1,29
BRDA:53,0,2,17
BRDA:53,0,3,0
BRDA:82,1,0,1
BRDA:82,1,1,4
BRDA:99,2,0,9
BRDA:99,2,1,1
BRDA:99,2,2,1
BRDA:118,3,0,7
BRDA:118,3,1,4
BRDA:123,4,0,26
BRDA:123,4,1,3
BRDA:124,5,0,26
BRDA:124,5,1,21
BRDA:151,6,0,4
BRDA:174,7,0,1
BRDA:174,7,1,7
BRDA:193,8,0,7
BRDA:193,8,1,0
BRDA:196,9,0,2
BRDA:196,9,1,5
BRDA:201,10,0,1
BRDA:201,10,1,6
BRDA:201,11,0,5
BRDA:201,11,1,1
BRDA:209,12,0,2
BRDA:209,12,1,19
BRDA:251,13,0,3
BRDA:251,13,1,0
BRDA:251,14,0,3
BRDA:251,14,1,3
BRDA:253,15,0,3
BRDA:253,15,1,0
BRDA:263,16,0,3
BRDA:263,16,1,18
BRDA:266,17,0,0
BRDA:266,17,1,3
BRF:38
BRH:33
end_of_record
TN:
SF:src\utils\feedbackFormatter.ts
FN:14,formatRaidFeedbackEmbed
FN:66,formatGuildMoraleEmbed
FN:96,(anonymous_2)
FN:114,(anonymous_3)
FN:131,(anonymous_4)
FN:155,formatMoodBreakdown
FN:179,getMoraleTrendEmoji
FN:190,getMoraleTrendText
FN:201,getRoleName
FNF:9
FNH:0
FNDA:0,formatRaidFeedbackEmbed
FNDA:0,formatGuildMoraleEmbed
FNDA:0,(anonymous_2)
FNDA:0,(anonymous_3)
FNDA:0,(anonymous_4)
FNDA:0,formatMoodBreakdown
FNDA:0,getMoraleTrendEmoji
FNDA:0,getMoraleTrendText
FNDA:0,getRoleName
DA:1,0
DA:2,0
DA:14,0
DA:20,0
DA:23,0
DA:29,0
DA:41,0
DA:42,0
DA:50,0
DA:51,0
DA:52,0
DA:54,0
DA:66,0
DA:72,0
DA:75,0
DA:81,0
DA:82,0
DA:84,0
DA:93,0
DA:94,0
DA:97,0
DA:98,0
DA:99,0
DA:103,0
DA:111,0
DA:112,0
DA:115,0
DA:116,0
DA:117,0
DA:121,0
DA:129,0
DA:130,0
DA:132,0
DA:133,0
DA:134,0
DA:138,0
DA:145,0
DA:146,0
DA:147,0
DA:149,0
DA:160,0
DA:161,0
DA:164,0
DA:165,0
DA:166,0
DA:167,0
DA:169,0
DA:180,0
DA:181,0
DA:182,0
DA:183,0
DA:191,0
DA:192,0
DA:193,0
DA:194,0
DA:202,0
DA:203,0
DA:204,0
DA:205,0
DA:206,0
DA:207,0
DA:208,0
LF:62
LH:0
BRDA:23,0,0,0
BRDA:23,0,1,0
BRDA:25,1,0,0
BRDA:25,1,1,0
BRDA:41,2,0,0
BRDA:41,2,1,0
BRDA:75,3,0,0
BRDA:75,3,1,0
BRDA:77,4,0,0
BRDA:77,4,1,0
BRDA:93,5,0,0
BRDA:93,5,1,0
BRDA:98,6,0,0
BRDA:98,6,1,0
BRDA:111,7,0,0
BRDA:111,7,1,0
BRDA:116,8,0,0
BRDA:116,8,1,0
BRDA:129,9,0,0
BRDA:129,9,1,0
BRDA:160,10,0,0
BRDA:160,10,1,0
BRDA:180,11,0,0
BRDA:180,11,1,0
BRDA:180,11,2,0
BRDA:191,12,0,0
BRDA:191,12,1,0
BRDA:191,12,2,0
BRDA:203,13,0,0
BRDA:203,13,1,0
BRDA:203,13,2,0
BRDA:203,13,3,0
BRDA:203,13,4,0
BRF:33
BRH:0
end_of_record
TN:
SF:src\utils\localization.ts
FN:788,getTranslations
FN:793,t
FN:798,(anonymous_2)
FNF:3
FNH:0
FNDA:0,getTranslations
FNDA:0,t
FNDA:0,(anonymous_2)
DA:264,0
DA:788,0
DA:789,0
DA:790,0
DA:793,0
DA:794,0
DA:795,0
DA:797,0
DA:798,0
DA:799,0
DA:803,0
LF:11
LH:0
BRDA:789,0,0,0
BRDA:789,0,1,0
BRDA:797,1,0,0
BRDA:797,1,1,0
BRF:4
BRH:0
end_of_record
TN:
SF:src\utils\notesFormatter.ts
FN:34,truncateFieldContent
FN:42,(anonymous_1)
FN:79,formatRaidNotesEmbed
FN:88,(anonymous_3)
FN:89,(anonymous_4)
FN:110,(anonymous_5)
FN:137,(anonymous_6)
FNF:7
FNH:0
FNDA:0,truncateFieldContent
FNDA:0,(anonymous_1)
FNDA:0,formatRaidNotesEmbed
FNDA:0,(anonymous_3)
FNDA:0,(anonymous_4)
FNDA:0,(anonymous_5)
FNDA:0,(anonymous_6)
DA:1,0
DA:2,0
DA:15,0
DA:20,0
DA:25,0
DA:35,0
DA:36,0
DA:41,0
DA:42,0
DA:43,0
DA:46,0
DA:49,0
DA:51,0
DA:53,0
DA:60,0
DA:61,0
DA:79,0
DA:85,0
DA:88,0
DA:89,0
DA:91,0
DA:93,0
DA:100,0
DA:102,0
DA:108,0
DA:109,0
DA:110,0
DA:113,0
DA:114,0
DA:119,0
DA:120,0
DA:121,0
DA:126,0
DA:127,0
DA:130,0
DA:135,0
DA:136,0
DA:137,0
DA:140,0
DA:141,0
DA:146,0
DA:147,0
DA:148,0
DA:153,0
DA:154,0
DA:157,0
DA:162,0
DA:163,0
DA:169,0
DA:170,0
DA:173,0
LF:51
LH:0
BRDA:34,0,0,0
BRDA:35,1,0,0
BRDA:35,1,1,0
BRDA:46,2,0,0
BRDA:46,2,1,0
BRDA:51,3,0,0
BRDA:51,3,1,0
BRDA:88,4,0,0
BRDA:88,4,1,0
BRDA:89,5,0,0
BRDA:89,5,1,0
BRDA:108,6,0,0
BRDA:108,6,1,0
BRDA:108,7,0,0
BRDA:108,7,1,0
BRDA:114,8,0,0
BRDA:114,8,1,0
BRDA:120,9,0,0
BRDA:120,9,1,0
BRDA:123,10,0,0
BRDA:123,10,1,0
BRDA:135,11,0,0
BRDA:135,11,1,0
BRDA:135,12,0,0
BRDA:135,12,1,0
BRDA:141,13,0,0
BRDA:141,13,1,0
BRDA:147,14,0,0
BRDA:147,14,1,0
BRDA:150,15,0,0
BRDA:150,15,1,0
BRDA:162,16,0,0
BRDA:162,16,1,0
BRDA:162,17,0,0
BRDA:162,17,1,0
BRDA:169,18,0,0
BRDA:169,18,1,0
BRF:37
BRH:0
end_of_record
TN:
SF:src\utils\permissions.ts
FN:9,canManageRaids
FN:28,(anonymous_2)
FN:37,(anonymous_3)
FNF:3
FNH:0
FNDA:0,canManageRaids
FNDA:0,(anonymous_2)
FNDA:0,(anonymous_3)
DA:1,0
DA:2,0
DA:9,0
DA:11,0
DA:12,0
DA:16,0
DA:20,0
DA:22,0
DA:26,0
DA:28,0
DA:31,0
DA:33,0
DA:37,0
DA:38,0
DA:41,0
LF:15
LH:0
BRDA:11,0,0,0
BRDA:11,0,1,0
BRDA:20,1,0,0
BRDA:20,1,1,0
BRDA:31,2,0,0
BRDA:31,2,1,0
BRDA:38,3,0,0
BRDA:38,3,1,0
BRF:8
BRH:0
end_of_record
TN:
SF:src\utils\raidScheduler.ts
FN:8,startRaidScheduler
FN:12,(anonymous_2)
FN:23,postFeedbackMessage
FN:57,checkAndCloseExpiredRaids
FNF:4
FNH:0
FNDA:0,startRaidScheduler
FNDA:0,(anonymous_2)
FNDA:0,postFeedbackMessage
FNDA:0,checkAndCloseExpiredRaids
DA:2,0
DA:3,0
DA:4,0
DA:5,0
DA:6,0
DA:8,0
DA:10,0
DA:12,0
DA:13,0
DA:14,0
DA:16,0
DA:20,0
DA:24,0
DA:26,0
DA:27,0
DA:29,0
DA:31,0
DA:36,0
DA:51,0
DA:57,0
DA:58,0
DA:61,0
DA:73,0
DA:75,0
DA:77,0
DA:78,0
DA:80,0
DA:86,0
DA:87,0
DA:90,0
DA:91,0
DA:92,0
DA:93,0
DA:94,0
DA:96,0
DA:102,0
DA:103,0
DA:104,0
DA:105,0
DA:106,0
DA:107,0
DA:110,0
DA:115,0
DA:117,0
DA:120,0
DA:122,0
DA:123,0
DA:124,0
DA:126,0
DA:129,0
LF:50
LH:0
BRDA:24,0,0,0
BRDA:24,0,1,0
BRDA:27,1,0,0
BRDA:27,1,1,0
BRDA:27,2,0,0
BRDA:27,2,1,0
BRDA:29,3,0,0
BRDA:29,3,1,0
BRDA:73,4,0,0
BRDA:73,4,1,0
BRDA:86,5,0,0
BRDA:86,5,1,0
BRDA:90,6,0,0
BRDA:90,6,1,0
BRDA:102,7,0,0
BRDA:102,7,1,0
BRDA:102,8,0,0
BRDA:102,8,1,0
BRDA:102,8,2,0
BRDA:105,9,0,0
BRDA:105,9,1,0
BRDA:105,10,0,0
BRDA:105,10,1,0
BRDA:122,11,0,0
BRDA:122,11,1,0
BRDA:124,12,0,0
BRDA:124,12,1,0
BRDA:124,13,0,0
BRDA:124,13,1,0
BRF:29
BRH:0
end_of_record
TN:
SF:src\utils\statsCalculator.ts
FN:83,calculateRaidStats
FN:85,(anonymous_1)
FN:86,(anonymous_2)
FN:87,(anonymous_3)
FN:120,calculateGuildStats
FN:142,(anonymous_5)
FN:173,(anonymous_6)
FN:182,(anonymous_7)
FN:205,getReliabilityScore
FN:218,calculateRoleBreakdown
FN:243,calculateClassDistribution
FN:253,(anonymous_11)
FN:254,(anonymous_12)
FNF:13
FNH:0
FNDA:0,calculateRaidStats
FNDA:0,(anonymous_1)
FNDA:0,(anonymous_2)
FNDA:0,(anonymous_3)
FNDA:0,calculateGuildStats
FNDA:0,(anonymous_5)
FNDA:0,(anonymous_6)
FNDA:0,(anonymous_7)
FNDA:0,getReliabilityScore
FNDA:0,calculateRoleBreakdown
FNDA:0,calculateClassDistribution
FNDA:0,(anonymous_11)
FNDA:0,(anonymous_12)
DA:1,0
DA:83,0
DA:84,0
DA:85,0
DA:86,0
DA:87,0
DA:89,0
DA:90,0
DA:91,0
DA:92,0
DA:97,0
DA:98,0
DA:101,0
DA:103,0
DA:120,0
DA:123,0
DA:125,0
DA:126,0
DA:136,0
DA:137,0
DA:138,0
DA:140,0
DA:141,0
DA:142,0
DA:143,0
DA:144,0
DA:146,0
DA:147,0
DA:148,0
DA:149,0
DA:150,0
DA:151,0
DA:154,0
DA:162,0
DA:163,0
DA:168,0
DA:169,0
DA:172,0
DA:173,0
DA:183,0
DA:184,0
DA:188,0
DA:190,0
DA:205,0
DA:206,0
DA:207,0
DA:208,0
DA:209,0
DA:211,0
DA:219,0
DA:227,0
DA:228,0
DA:229,0
DA:230,0
DA:231,0
DA:232,0
DA:233,0
DA:236,0
DA:244,0
DA:246,0
DA:247,0
DA:248,0
DA:252,0
DA:253,0
DA:254,0
LF:65
LH:0
BRDA:92,0,0,0
BRDA:92,0,1,0
BRDA:125,1,0,0
BRDA:125,1,1,0
BRDA:142,2,0,0
BRDA:142,2,1,0
BRDA:143,3,0,0
BRDA:143,3,1,0
BRDA:148,4,0,0
BRDA:148,4,1,0
BRDA:150,5,0,0
BRDA:150,5,1,0
BRDA:150,6,0,0
BRDA:150,6,1,0
BRDA:156,7,0,0
BRDA:156,7,1,0
BRDA:156,8,0,0
BRDA:156,8,1,0
BRDA:162,9,0,0
BRDA:162,9,1,0
BRDA:162,10,0,0
BRDA:162,10,1,0
BRDA:178,11,0,0
BRDA:178,11,1,0
BRDA:183,12,0,0
BRDA:183,12,1,0
BRDA:206,13,0,0
BRDA:206,13,1,0
BRDA:208,14,0,0
BRDA:208,14,1,0
BRDA:229,15,0,0
BRDA:229,15,1,0
BRDA:230,16,0,0
BRDA:230,16,1,0
BRDA:231,17,0,0
BRDA:231,17,1,0
BRDA:232,18,0,0
BRDA:232,18,1,0
BRDA:247,19,0,0
BRDA:247,19,1,0
BRDA:248,20,0,0
BRDA:248,20,1,0
BRF:42
BRH:0
end_of_record
TN:
SF:src\utils\statsFormatter.ts
FN:22,formatRaidStatsEmbed
FN:75,(anonymous_1)
FN:95,formatGuildStatsEmbed
FN:132,(anonymous_3)
FN:150,(anonymous_4)
FNF:5
FNH:0
FNDA:0,formatRaidStatsEmbed
FNDA:0,(anonymous_1)
FNDA:0,formatGuildStatsEmbed
FNDA:0,(anonymous_3)
FNDA:0,(anonymous_4)
DA:1,0
DA:2,0
DA:3,0
DA:22,0
DA:27,0
DA:28,0
DA:30,0
DA:75,0
DA:84,0
DA:95,0
DA:100,0
DA:102,0
DA:108,0
DA:129,0
DA:130,0
DA:133,0
DA:134,0
DA:138,0
DA:145,0
DA:146,0
DA:150,0
DA:156,0
DA:158,0
LF:23
LH:0
BRDA:31,0,0,0
BRDA:31,0,1,0
BRDA:32,1,0,0
BRDA:32,1,1,0
BRDA:32,2,0,0
BRDA:32,2,1,0
BRDA:72,3,0,0
BRDA:72,3,1,0
BRDA:102,4,0,0
BRDA:102,4,1,0
BRDA:104,5,0,0
BRDA:104,5,1,0
BRDA:110,6,0,0
BRDA:110,6,1,0
BRDA:110,7,0,0
BRDA:110,7,1,0
BRDA:129,8,0,0
BRDA:129,8,1,0
BRDA:145,9,0,0
BRDA:145,9,1,0
BRF:20
BRH:0
end_of_record
TN:
SF:src\utils\statusFormatter.ts
FN:31,getRosterStatus
FN:46,formatStatusEmbed
FN:67,(anonymous_2)
FNF:3
FNH:0
FNDA:0,getRosterStatus
FNDA:0,formatStatusEmbed
FNDA:0,(anonymous_2)
DA:1,0
DA:2,0
DA:3,0
DA:26,0
DA:31,0
DA:32,0
DA:33,0
DA:34,0
DA:35,0
DA:36,0
DA:46,0
DA:47,0
DA:49,0
DA:50,0
DA:58,0
DA:60,0
DA:62,0
DA:63,0
DA:64,0
DA:66,0
DA:67,0
DA:68,0
DA:71,0
DA:72,0
DA:73,0
DA:74,0
DA:75,0
DA:76,0
DA:77,0
DA:78,0
DA:79,0
DA:82,0
DA:83,0
DA:84,0
DA:86,0
DA:92,0
DA:93,0
DA:95,0
DA:103,0
DA:109,0
DA:115,0
LF:41
LH:0
BRDA:32,0,0,0
BRDA:32,0,1,0
BRDA:34,1,0,0
BRDA:34,1,1,0
BRDA:35,2,0,0
BRDA:35,2,1,0
BRDA:49,3,0,0
BRDA:49,3,1,0
BRDA:62,4,0,0
BRDA:62,4,1,0
BRDA:67,5,0,0
BRDA:67,5,1,0
BRDA:68,6,0,0
BRDA:68,6,1,0
BRDA:75,7,0,0
BRDA:75,7,1,0
BRDA:75,8,0,0
BRDA:75,8,1,0
BRDA:77,9,0,0
BRDA:77,9,1,0
BRDA:78,10,0,0
BRDA:78,10,1,0
BRDA:83,11,0,0
BRDA:83,11,1,0
BRDA:84,12,0,0
BRDA:84,12,1,0
BRDA:84,13,0,0
BRDA:84,13,1,0
BRDA:86,14,0,0
BRDA:86,14,1,0
BRDA:88,15,0,0
BRDA:88,15,1,0
BRDA:93,16,0,0
BRDA:93,16,1,0
BRDA:103,17,0,0
BRDA:103,17,1,0
BRDA:105,18,0,0
BRDA:105,18,1,0
BRF:38
BRH:0
end_of_record
TN:
SF:src\utils\timezoneHelper.ts
FN:62,getTimezoneFromLocale
FN:82,getTimezoneName
FNF:2
FNH:0
FNDA:0,getTimezoneFromLocale
FNDA:0,getTimezoneName
DA:5,0
DA:62,0
DA:63,0
DA:66,0
DA:67,0
DA:71,0
DA:72,0
DA:73,0
DA:76,0
DA:82,0
DA:83,0
DA:84,0
DA:86,0
LF:13
LH:0
BRDA:63,0,0,0
BRDA:63,0,1,0
BRDA:66,1,0,0
BRDA:66,1,1,0
BRDA:72,2,0,0
BRDA:72,2,1,0
BRDA:83,3,0,0
BRDA:83,3,1,0
BRF:8
BRH:0
end_of_record
TN:
SF:src\utils\wowData.ts
FN:179,getClassList
FN:183,getSpecsForClass
FN:187,getSpecRole
FN:193,getSpecSymbol
FNF:4
FNH:1
FNDA:0,getClassList
FNDA:0,getSpecsForClass
FNDA:3,getSpecRole
FNDA:0,getSpecSymbol
DA:1,1
DA:17,1
DA:33,1
DA:42,1
DA:111,1
DA:179,1
DA:180,0
DA:183,1
DA:184,0
DA:187,1
DA:188,3
DA:189,3
DA:190,3
DA:193,1
DA:194,0
DA:195,0
DA:196,0
LF:17
LH:12
BRDA:184,0,0,0
BRDA:184,0,1,0
BRDA:188,1,0,0
BRDA:188,1,1,3
BRDA:188,2,0,3
BRDA:188,2,1,3
BRDA:190,3,0,3
BRDA:190,3,1,0
BRDA:194,4,0,0
BRDA:194,4,1,0
BRDA:194,5,0,0
BRDA:194,5,1,0
BRDA:196,6,0,0
BRDA:196,6,1,0
BRF:14
BRH:4
end_of_record
